{"numTotalTestSuites":551,"numPassedTestSuites":551,"numFailedTestSuites":0,"numPendingTestSuites":0,"numTotalTests":743,"numPassedTests":743,"numFailedTests":0,"numPendingTests":0,"numTodoTests":0,"snapshot":{"added":0,"failure":false,"filesAdded":0,"filesRemoved":0,"filesRemovedList":[],"filesUnmatched":0,"filesUpdated":0,"matched":0,"total":0,"unchecked":0,"uncheckedKeysByFile":[],"unmatched":0,"updated":0,"didUpdate":false},"startTime":1756613850396,"success":true,"testResults":[{"assertionResults":[{"ancestorTitles":["analista-funcoes-longas (extra)"],"fullName":"analista-funcoes-longas (extra) não reporta FUNCAO_LONGA quando linhas == LIMITE (30)","status":"passed","title":"não reporta FUNCAO_LONGA quando linhas == LIMITE (30)","duration":20.817299999999932,"failureMessages":[],"meta":{}},{"ancestorTitles":["analista-funcoes-longas (extra)"],"fullName":"analista-funcoes-longas (extra) não reporta MUITOS_PARAMETROS quando params == LIMITE (4)","status":"passed","title":"não reporta MUITOS_PARAMETROS quando params == LIMITE (4)","duration":12.693000000000097,"failureMessages":[],"meta":{}},{"ancestorTitles":["analista-funcoes-longas (extra)"],"fullName":"analista-funcoes-longas (extra) fileNode fallback não recursiona em nested interno","status":"passed","title":"fileNode fallback não recursiona em nested interno","duration":7.090900000000033,"failureMessages":[],"meta":{}},{"ancestorTitles":["analista-funcoes-longas (extra)"],"fullName":"analista-funcoes-longas (extra) retorna vazio para AST irreconhecível","status":"passed","title":"retorna vazio para AST irreconhecível","duration":8.032500000000027,"failureMessages":[],"meta":{}},{"ancestorTitles":["analista-funcoes-longas (extra)"],"fullName":"analista-funcoes-longas (extra) ignora função sem body","status":"passed","title":"ignora função sem body","duration":7.173400000000015,"failureMessages":[],"meta":{}},{"ancestorTitles":["analista-funcoes-longas (extra)"],"fullName":"analista-funcoes-longas (extra) ignora função com body não BlockStatement","status":"passed","title":"ignora função com body não BlockStatement","duration":9.414999999999964,"failureMessages":[],"meta":{}},{"ancestorTitles":["analista-funcoes-longas (extra)"],"fullName":"analista-funcoes-longas (extra) ignora função com leadingComments undefined","status":"passed","title":"ignora função com leadingComments undefined","duration":9.240399999999909,"failureMessages":[],"meta":{}}],"startTime":1756613877802,"endTime":1756613877877.2405,"status":"passed","message":"","name":"C:/Users/italo/ORACULO/workspace/oraculo/cli-oraculo/tests/analistas/analista-funcoes-longas.extra.test.ts"},{"assertionResults":[{"ancestorTitles":["analista-funcoes-longas (negativos)"],"fullName":"analista-funcoes-longas (negativos) não gera FUNCAO_SEM_COMENTARIO quando há leadingComments","status":"passed","title":"não gera FUNCAO_SEM_COMENTARIO quando há leadingComments","duration":6.156399999999962,"failureMessages":[],"meta":{}},{"ancestorTitles":["analista-funcoes-longas (negativos)"],"fullName":"analista-funcoes-longas (negativos) não gera FUNCAO_ANINHADA até o limite de aninhamento (<=3)","status":"passed","title":"não gera FUNCAO_ANINHADA até o limite de aninhamento (<=3)","duration":1.134900000000016,"failureMessages":[],"meta":{}}],"startTime":1756613892907,"endTime":1756613892914.135,"status":"passed","message":"","name":"C:/Users/italo/ORACULO/workspace/oraculo/cli-oraculo/tests/analistas/analista-funcoes-longas.negativos.test.ts"},{"assertionResults":[{"ancestorTitles":["analistaFuncoesLongas"],"fullName":"analistaFuncoesLongas detecta função longa","status":"passed","title":"detecta função longa","duration":3.767099999999914,"failureMessages":[],"meta":{}},{"ancestorTitles":["analistaFuncoesLongas"],"fullName":"analistaFuncoesLongas retorna [] se ast for nulo","status":"passed","title":"retorna [] se ast for nulo","duration":1.6948999999999614,"failureMessages":[],"meta":{}},{"ancestorTitles":["analistaFuncoesLongas"],"fullName":"analistaFuncoesLongas ignora função sem loc","status":"passed","title":"ignora função sem loc","duration":0.44020000000000437,"failureMessages":[],"meta":{}},{"ancestorTitles":["analistaFuncoesLongas"],"fullName":"analistaFuncoesLongas detecta FunctionExpression longa","status":"passed","title":"detecta FunctionExpression longa","duration":10.100199999999973,"failureMessages":[],"meta":{}},{"ancestorTitles":["analistaFuncoesLongas"],"fullName":"analistaFuncoesLongas detecta ArrowFunctionExpression longa","status":"passed","title":"detecta ArrowFunctionExpression longa","duration":8.677099999999996,"failureMessages":[],"meta":{}},{"ancestorTitles":["analistaFuncoesLongas"],"fullName":"analistaFuncoesLongas test retorna true para .js e .ts","status":"passed","title":"test retorna true para .js e .ts","duration":0.6286999999999807,"failureMessages":[],"meta":{}},{"ancestorTitles":["analistaFuncoesLongas"],"fullName":"analistaFuncoesLongas ignora função curta (não retorna FUNCAO_LONGA)","status":"passed","title":"ignora função curta (não retorna FUNCAO_LONGA)","duration":0.43840000000000146,"failureMessages":[],"meta":{}},{"ancestorTitles":["analistaFuncoesLongas"],"fullName":"analistaFuncoesLongas detecta função aninhada demais","status":"passed","title":"detecta função aninhada demais","duration":1.0067000000000235,"failureMessages":[],"meta":{}},{"ancestorTitles":["analistaFuncoesLongas"],"fullName":"analistaFuncoesLongas detecta função sem comentário","status":"passed","title":"detecta função sem comentário","duration":1.1778000000000475,"failureMessages":[],"meta":{}},{"ancestorTitles":["analistaFuncoesLongas"],"fullName":"analistaFuncoesLongas detecta função com muitos parâmetros","status":"passed","title":"detecta função com muitos parâmetros","duration":0.7653000000000247,"failureMessages":[],"meta":{}},{"ancestorTitles":["analistaFuncoesLongas"],"fullName":"analistaFuncoesLongas cobre AST alternativo (fileNode fallback)","status":"passed","title":"cobre AST alternativo (fileNode fallback)","duration":0.5858999999999241,"failureMessages":[],"meta":{}},{"ancestorTitles":["analistaFuncoesLongas"],"fullName":"analistaFuncoesLongas ignora função com loc inválido","status":"passed","title":"ignora função com loc inválido","duration":1.9832000000000107,"failureMessages":[],"meta":{}},{"ancestorTitles":["analistaFuncoesLongas"],"fullName":"analistaFuncoesLongas ignora função com params não array","status":"passed","title":"ignora função com params não array","duration":0.346300000000042,"failureMessages":[],"meta":{}},{"ancestorTitles":["analistaFuncoesLongas"],"fullName":"analistaFuncoesLongas detecta função com leadingComments vazio","status":"passed","title":"detecta função com leadingComments vazio","duration":0.318300000000022,"failureMessages":[],"meta":{}},{"ancestorTitles":["analistaFuncoesLongas"],"fullName":"analistaFuncoesLongas ignora AST com body não array","status":"passed","title":"ignora AST com body não array","duration":0.5086999999999762,"failureMessages":[],"meta":{}},{"ancestorTitles":["analistaFuncoesLongas"],"fullName":"analistaFuncoesLongas ignora NodePath sem traverse","status":"passed","title":"ignora NodePath sem traverse","duration":0.3026999999999589,"failureMessages":[],"meta":{}},{"ancestorTitles":["analistaFuncoesLongas"],"fullName":"analistaFuncoesLongas detecta função aninhada dentro de ArrowFunction","status":"passed","title":"detecta função aninhada dentro de ArrowFunction","duration":0.5972000000000435,"failureMessages":[],"meta":{}}],"startTime":1756613883931,"endTime":1756613883965.5972,"status":"passed","message":"","name":"C:/Users/italo/ORACULO/workspace/oraculo/cli-oraculo/tests/analistas/analista-funcoes-longas.test.ts"},{"assertionResults":[{"ancestorTitles":["analista-funcoes-longas visitors adicionais"],"fullName":"analista-funcoes-longas visitors adicionais dispara analisar para FunctionExpression e ArrowFunctionExpression via traverse","status":"passed","title":"dispara analisar para FunctionExpression e ArrowFunctionExpression via traverse","duration":5.692900000000009,"failureMessages":[],"meta":{}}],"startTime":1756613895638,"endTime":1756613895643.6929,"status":"passed","message":"","name":"C:/Users/italo/ORACULO/workspace/oraculo/cli-oraculo/tests/analistas/analista-funcoes-longas.visitors.test.ts"},{"assertionResults":[{"ancestorTitles":["analistaPadroesUso (extra)"],"fullName":"analistaPadroesUso (extra) detecta arrow function como ClassProperty","status":"passed","title":"detecta arrow function como ClassProperty","duration":328.46889999999996,"failureMessages":[],"meta":{}},{"ancestorTitles":["analistaPadroesUso (extra)"],"fullName":"analistaPadroesUso (extra) ignora AssignmentExpression com objeto diferente de exports/module","status":"passed","title":"ignora AssignmentExpression com objeto diferente de exports/module","duration":10.544399999999996,"failureMessages":[],"meta":{}},{"ancestorTitles":["analistaPadroesUso (extra)"],"fullName":"analistaPadroesUso (extra) detecta AssignmentExpression com module","status":"passed","title":"detecta AssignmentExpression com module","duration":7.511100000000056,"failureMessages":[],"meta":{}},{"ancestorTitles":["analistaPadroesUso (extra)"],"fullName":"analistaPadroesUso (extra) ignora ClassProperty sem arrow function","status":"passed","title":"ignora ClassProperty sem arrow function","duration":7.829600000000028,"failureMessages":[],"meta":{}},{"ancestorTitles":["analistaPadroesUso (extra)"],"fullName":"analistaPadroesUso (extra) detecta FunctionExpression nomeada","status":"passed","title":"detecta FunctionExpression nomeada","duration":7.15280000000007,"failureMessages":[],"meta":{}},{"ancestorTitles":["analistaPadroesUso (extra)"],"fullName":"analistaPadroesUso (extra) retorna vazio para contexto inválido","status":"passed","title":"retorna vazio para contexto inválido","duration":7.223700000000008,"failureMessages":[],"meta":{}},{"ancestorTitles":["analistaPadroesUso (extra)"],"fullName":"analistaPadroesUso (extra) detecta uso de exports.* em TS","status":"passed","title":"detecta uso de exports.* em TS","duration":6.452599999999961,"failureMessages":[],"meta":{}},{"ancestorTitles":["analistaPadroesUso (extra)"],"fullName":"analistaPadroesUso (extra) detecta FunctionExpression anônima","status":"passed","title":"detecta FunctionExpression anônima","duration":6.103900000000067,"failureMessages":[],"meta":{}}],"startTime":1756613872910,"endTime":1756613873292.104,"status":"passed","message":"","name":"C:/Users/italo/ORACULO/workspace/oraculo/cli-oraculo/tests/analistas/analista-padroes-uso.extra.test.ts"},{"assertionResults":[{"ancestorTitles":["analista-padroes-uso"],"fullName":"analista-padroes-uso aplicar coleta ocorrencias de var/let/require/eval/module.exports/with/anon/class-arrow em TS","status":"passed","title":"aplicar coleta ocorrencias de var/let/require/eval/module.exports/with/anon/class-arrow em TS","duration":22.903999999999996,"failureMessages":[],"meta":{}},{"ancestorTitles":["analista-padroes-uso"],"fullName":"analista-padroes-uso aplicar captura erro de traverse e gera ERRO_ANALISTA","status":"passed","title":"aplicar captura erro de traverse e gera ERRO_ANALISTA","duration":7.089399999999955,"failureMessages":[],"meta":{}},{"ancestorTitles":["analista-padroes-uso"],"fullName":"analista-padroes-uso test aceita .js/.ts e rejeita outros; aplicar retorna null sem contexto","status":"passed","title":"test aceita .js/.ts e rejeita outros; aplicar retorna null sem contexto","duration":4.5797999999999774,"failureMessages":[],"meta":{}}],"startTime":1756613884193,"endTime":1756613884228.5798,"status":"passed","message":"","name":"C:/Users/italo/ORACULO/workspace/oraculo/cli-oraculo/tests/analistas/analista-padroes-uso.test.ts"},{"assertionResults":[{"ancestorTitles":["analistaTodoComments (cobertura extra ramos)"],"fullName":"analistaTodoComments (cobertura extra ramos) detecta TODO com variantes: TODO- e TODO(","status":"passed","title":"detecta TODO com variantes: TODO- e TODO(","duration":3.6580999999999904,"failureMessages":[],"meta":{}}],"startTime":1756613896158,"endTime":1756613896161.6582,"status":"passed","message":"","name":"C:/Users/italo/ORACULO/workspace/oraculo/cli-oraculo/tests/analistas/analista-todo-comments.coverage.test.ts"},{"assertionResults":[{"ancestorTitles":["analista-todo-comments"],"fullName":"analista-todo-comments detecta TODO em comentário de linha e bloco","status":"passed","title":"detecta TODO em comentário de linha e bloco","duration":3.565800000000081,"failureMessages":[],"meta":{}},{"ancestorTitles":["analista-todo-comments"],"fullName":"analista-todo-comments retorna null se não houver TODOs","status":"passed","title":"retorna null se não houver TODOs","duration":0.9100999999999431,"failureMessages":[],"meta":{}},{"ancestorTitles":["analista-todo-comments"],"fullName":"analista-todo-comments test() ignora arquivos de teste e não-código e evita auto-detecção","status":"passed","title":"test() ignora arquivos de teste e não-código e evita auto-detecção","duration":1.6445999999999685,"failureMessages":[],"meta":{}},{"ancestorTitles":["analista-todo-comments"],"fullName":"analista-todo-comments aplicar retorna null quando src vazio ou auto-detecção","status":"passed","title":"aplicar retorna null quando src vazio ou auto-detecção","duration":0.6801000000000386,"failureMessages":[],"meta":{}},{"ancestorTitles":["analistaTodoComments"],"fullName":"analistaTodoComments retorna null se não há TODO","status":"passed","title":"retorna null se não há TODO","duration":0.3472000000000435,"failureMessages":[],"meta":{}},{"ancestorTitles":["analistaTodoComments"],"fullName":"analistaTodoComments detecta TODO e gera ocorrências","status":"passed","title":"detecta TODO e gera ocorrências","duration":0.5374000000000478,"failureMessages":[],"meta":{}},{"ancestorTitles":["analistaTodoComments"],"fullName":"analistaTodoComments filtra por extensão","status":"passed","title":"filtra por extensão","duration":0.3686000000000149,"failureMessages":[],"meta":{}},{"ancestorTitles":["analistaTodoComments"],"fullName":"analistaTodoComments ignora arquivos de teste/spec e pastas tests/","status":"passed","title":"ignora arquivos de teste/spec e pastas tests/","duration":0.4478999999998905,"failureMessages":[],"meta":{}},{"ancestorTitles":["analistaTodoComments"],"fullName":"analistaTodoComments detecta TODO dentro de comentário de bloco","status":"passed","title":"detecta TODO dentro de comentário de bloco","duration":0.7313999999998941,"failureMessages":[],"meta":{}},{"ancestorTitles":["analistaTodoComments"],"fullName":"analistaTodoComments não acusa falso positivo com palavras como \"método\" ou \"todos\"","status":"passed","title":"não acusa falso positivo com palavras como \"método\" ou \"todos\"","duration":0.39370000000008076,"failureMessages":[],"meta":{}},{"ancestorTitles":["analistaTodoComments"],"fullName":"analistaTodoComments auto-exclusão: não reporta TODO quando o arquivo é o próprio analista","status":"passed","title":"auto-exclusão: não reporta TODO quando o arquivo é o próprio analista","duration":0.300200000000018,"failureMessages":[],"meta":{}}],"startTime":1756613890050,"endTime":1756613890060.3938,"status":"passed","message":"","name":"C:/Users/italo/ORACULO/workspace/oraculo/cli-oraculo/tests/analistas/analista-todo-comments.test.ts"},{"assertionResults":[{"ancestorTitles":["Contrato registroAnalistas"],"fullName":"Contrato registroAnalistas todos possuem aplicar função","status":"passed","title":"todos possuem aplicar função","duration":2.205400000000054,"failureMessages":[],"meta":{}},{"ancestorTitles":["Contrato registroAnalistas"],"fullName":"Contrato registroAnalistas nomes únicos (quando definidos)","status":"passed","title":"nomes únicos (quando definidos)","duration":0.26539999999999964,"failureMessages":[],"meta":{}}],"startTime":1756613897199,"endTime":1756613897201.2654,"status":"passed","message":"","name":"C:/Users/italo/ORACULO/workspace/oraculo/cli-oraculo/tests/analistas/analistas-contrato.test.ts"},{"assertionResults":[{"ancestorTitles":["detectarArquetipos — baseline e falhas no planejar"],"fullName":"detectarArquetipos — baseline e falhas no planejar quando desconhecido com baseline existente e interseção, retorna baseline","status":"passed","title":"quando desconhecido com baseline existente e interseção, retorna baseline","duration":13.30619999999999,"failureMessages":[],"meta":{}},{"ancestorTitles":["detectarArquetipos — baseline e falhas no planejar"],"fullName":"detectarArquetipos — baseline e falhas no planejar cria baseline quando inexistente e melhores[0] presente","status":"passed","title":"cria baseline quando inexistente e melhores[0] presente","duration":3.3186000000000604,"failureMessages":[],"meta":{}},{"ancestorTitles":["detectarArquetipos — baseline e falhas no planejar"],"fullName":"detectarArquetipos — baseline e falhas no planejar falha no OperarioEstrutura.planejar é tratada silenciosamente","status":"passed","title":"falha no OperarioEstrutura.planejar é tratada silenciosamente","duration":1.6406999999999243,"failureMessages":[],"meta":{}}],"startTime":1756613887946,"endTime":1756613887964.6406,"status":"passed","message":"","name":"C:/Users/italo/ORACULO/workspace/oraculo/cli-oraculo/tests/analistas/detector-arquetipos.detector.extra.test.ts"},{"assertionResults":[{"ancestorTitles":["scoreArquetipo — explicações e reforços adicionais"],"fullName":"scoreArquetipo — explicações e reforços adicionais api-rest-express: explicação para score >= 100 (padrão oficial)","status":"passed","title":"api-rest-express: explicação para score >= 100 (padrão oficial)","duration":5.298399999999901,"failureMessages":[],"meta":{}},{"ancestorTitles":["scoreArquetipo — explicações e reforços adicionais"],"fullName":"scoreArquetipo — explicações e reforços adicionais api-rest-express: explicação para 70 <= score < 100 (assemelha fortemente)","status":"passed","title":"api-rest-express: explicação para 70 <= score < 100 (assemelha fortemente)","duration":0.8740000000000236,"failureMessages":[],"meta":{}},{"ancestorTitles":["scoreArquetipo — explicações e reforços adicionais"],"fullName":"scoreArquetipo — explicações e reforços adicionais api-rest-express: explicação para 40 <= score < 70 (parcialmente compatível)","status":"passed","title":"api-rest-express: explicação para 40 <= score < 70 (parcialmente compatível)","duration":0.6999000000000706,"failureMessages":[],"meta":{}},{"ancestorTitles":["scoreArquetipo — explicações e reforços adicionais"],"fullName":"scoreArquetipo — explicações e reforços adicionais api-rest-express: explicação para score < 40 (personalizada/próximo)","status":"passed","title":"api-rest-express: explicação para score < 40 (personalizada/próximo)","duration":0.5332000000000789,"failureMessages":[],"meta":{}},{"ancestorTitles":["scoreArquetipo — explicações e reforços adicionais"],"fullName":"scoreArquetipo — explicações e reforços adicionais api-rest-express: reforço híbrido quando tem pages e prisma (sem api)","status":"passed","title":"api-rest-express: reforço híbrido quando tem pages e prisma (sem api)","duration":0.9797000000000935,"failureMessages":[],"meta":{}},{"ancestorTitles":["scoreArquetipo — explicações e reforços adicionais"],"fullName":"scoreArquetipo — explicações e reforços adicionais fullstack: explicação para pages/api/prisma sem backend express/controllers (parcial)","status":"passed","title":"fullstack: explicação para pages/api/prisma sem backend express/controllers (parcial)","duration":1.0602999999998701,"failureMessages":[],"meta":{}}],"startTime":1756613892655,"endTime":1756613892665.0603,"status":"passed","message":"","name":"C:/Users/italo/ORACULO/workspace/oraculo/cli-oraculo/tests/analistas/detector-arquetipos.score.extra.test.ts"},{"assertionResults":[{"ancestorTitles":["scoreArquetipo – cobertura total de caminhos"],"fullName":"scoreArquetipo – cobertura total de caminhos api-rest-express: reforços por controllers/express, padrões de arquivo e sugestoes","status":"passed","title":"api-rest-express: reforços por controllers/express, padrões de arquivo e sugestoes","duration":7.728599999999915,"failureMessages":[],"meta":{}},{"ancestorTitles":["scoreArquetipo – cobertura total de caminhos"],"fullName":"scoreArquetipo – cobertura total de caminhos api-rest-express: faltas geram sugestoes e score não negativo","status":"passed","title":"api-rest-express: faltas geram sugestoes e score não negativo","duration":1.591899999999896,"failureMessages":[],"meta":{}},{"ancestorTitles":["scoreArquetipo – cobertura total de caminhos"],"fullName":"scoreArquetipo – cobertura total de caminhos fullstack híbrido completo sugere candidato extra e reforça explicacao","status":"passed","title":"fullstack híbrido completo sugere candidato extra e reforça explicacao","duration":0.867200000000139,"failureMessages":[],"meta":{}},{"ancestorTitles":["scoreArquetipo – cobertura total de caminhos"],"fullName":"scoreArquetipo – cobertura total de caminhos api-rest-express reforçado por fullstack (pages/prisma/api)","status":"passed","title":"api-rest-express reforçado por fullstack (pages/prisma/api)","duration":0.693599999999833,"failureMessages":[],"meta":{}},{"ancestorTitles":["scoreArquetipo – cobertura total de caminhos"],"fullName":"scoreArquetipo – cobertura total de caminhos penaliza forbiddenDirs e considera optional/required ausente/presente","status":"passed","title":"penaliza forbiddenDirs e considera optional/required ausente/presente","duration":1.257899999999836,"failureMessages":[],"meta":{}}],"startTime":1756613891310,"endTime":1756613891322.2578,"status":"passed","message":"","name":"C:/Users/italo/ORACULO/workspace/oraculo/cli-oraculo/tests/analistas/detector-arquetipos.score.test.ts"},{"assertionResults":[{"ancestorTitles":["detectorDependencias (extra)"],"fullName":"detectorDependencias (extra) detecta import circular simples (arquivo importa a si mesmo)","status":"passed","title":"detecta import circular simples (arquivo importa a si mesmo)","duration":15.826199999999972,"failureMessages":[],"meta":{}},{"ancestorTitles":["detectorDependencias (extra)"],"fullName":"detectorDependencias (extra) gera aviso de uso misto import/require","status":"passed","title":"gera aviso de uso misto import/require","duration":9.054000000000087,"failureMessages":[],"meta":{}}],"startTime":1756613885577,"endTime":1756613885602.054,"status":"passed","message":"","name":"C:/Users/italo/ORACULO/workspace/oraculo/cli-oraculo/tests/analistas/detector-dependencias.extra.test.ts"},{"assertionResults":[{"ancestorTitles":["detectorDependencias"],"fullName":"detectorDependencias detecta import relativo longo","status":"passed","title":"detecta import relativo longo","duration":17.310500000000047,"failureMessages":[],"meta":{}},{"ancestorTitles":["detectorDependencias"],"fullName":"detectorDependencias detecta import de arquivo inexistente","status":"passed","title":"detecta import de arquivo inexistente","duration":11.320699999999988,"failureMessages":[],"meta":{}},{"ancestorTitles":["detectorDependencias"],"fullName":"detectorDependencias detecta import de .js em arquivo TS","status":"passed","title":"detecta import de .js em arquivo TS","duration":4.7555999999999585,"failureMessages":[],"meta":{}},{"ancestorTitles":["detectorDependencias"],"fullName":"detectorDependencias detecta require relativo longo","status":"passed","title":"detecta require relativo longo","duration":5.5294999999999845,"failureMessages":[],"meta":{}},{"ancestorTitles":["detectorDependencias"],"fullName":"detectorDependencias detecta require de arquivo inexistente","status":"passed","title":"detecta require de arquivo inexistente","duration":4.4903000000000475,"failureMessages":[],"meta":{}},{"ancestorTitles":["detectorDependencias"],"fullName":"detectorDependencias detecta require de .js em arquivo TS","status":"passed","title":"detecta require de .js em arquivo TS","duration":4.204299999999989,"failureMessages":[],"meta":{}},{"ancestorTitles":["detectorDependencias"],"fullName":"detectorDependencias detecta require externo","status":"passed","title":"detecta require externo","duration":4.307300000000055,"failureMessages":[],"meta":{}},{"ancestorTitles":["detectorDependencias"],"fullName":"detectorDependencias detecta import externo","status":"passed","title":"detecta import externo","duration":3.588700000000017,"failureMessages":[],"meta":{}},{"ancestorTitles":["detectorDependencias"],"fullName":"detectorDependencias detecta dependências de import e require","status":"passed","title":"detecta dependências de import e require","duration":5.893500000000017,"failureMessages":[],"meta":{}},{"ancestorTitles":["detectorDependencias"],"fullName":"detectorDependencias normaliza caminhos relativos e absolutos","status":"passed","title":"normaliza caminhos relativos e absolutos","duration":4.310900000000061,"failureMessages":[],"meta":{}},{"ancestorTitles":["detectorDependencias"],"fullName":"detectorDependencias não duplica dependências no grafo","status":"passed","title":"não duplica dependências no grafo","duration":3.735900000000015,"failureMessages":[],"meta":{}},{"ancestorTitles":["detectorDependencias"],"fullName":"detectorDependencias retorna [] se ast não for fornecido","status":"passed","title":"retorna [] se ast não for fornecido","duration":4.492899999999963,"failureMessages":[],"meta":{}},{"ancestorTitles":["detectorDependencias"],"fullName":"detectorDependencias test cobre .js, .ts e outros","status":"passed","title":"test cobre .js, .ts e outros","duration":4.184399999999982,"failureMessages":[],"meta":{}},{"ancestorTitles":["detectorDependencias"],"fullName":"detectorDependencias ignora nodes sem ImportDeclaration/CallExpression","status":"passed","title":"ignora nodes sem ImportDeclaration/CallExpression","duration":17.09730000000002,"failureMessages":[],"meta":{}},{"ancestorTitles":["detectorDependencias"],"fullName":"detectorDependencias suporta múltiplos requires e imports misturados","status":"passed","title":"suporta múltiplos requires e imports misturados","duration":5.625800000000027,"failureMessages":[],"meta":{}},{"ancestorTitles":["detectorDependencias"],"fullName":"detectorDependencias não adiciona require inválido","status":"passed","title":"não adiciona require inválido","duration":3.7724000000000615,"failureMessages":[],"meta":{}}],"startTime":1756613874889,"endTime":1756613874994.7725,"status":"passed","message":"","name":"C:/Users/italo/ORACULO/workspace/oraculo/cli-oraculo/tests/analistas/detector-dependencias.test.ts"},{"assertionResults":[{"ancestorTitles":["detector-estrutura (cobertura extra)"],"fullName":"detector-estrutura (cobertura extra) marca estrutura-suspeita quando excede limite configurado","status":"passed","title":"marca estrutura-suspeita quando excede limite configurado","duration":6.285100000000057,"failureMessages":[],"meta":{}}],"startTime":1756613895034,"endTime":1756613895040.2852,"status":"passed","message":"","name":"C:/Users/italo/ORACULO/workspace/oraculo/cli-oraculo/tests/analistas/detector-estrutura.coverage.test.ts"},{"assertionResults":[{"ancestorTitles":["detectorEstrutura (extra)"],"fullName":"detectorEstrutura (extra) detecta projeto grande sem src/","status":"passed","title":"detecta projeto grande sem src/","duration":5.30600000000004,"failureMessages":[],"meta":{}}],"startTime":1756613895384,"endTime":1756613895389.306,"status":"passed","message":"","name":"C:/Users/italo/ORACULO/workspace/oraculo/cli-oraculo/tests/analistas/detector-estrutura.extra.test.ts"},{"assertionResults":[{"ancestorTitles":["detectorEstrutura"],"fullName":"detectorEstrutura detecta monorepo incompleto (sem pasta packages/)","status":"passed","title":"detecta monorepo incompleto (sem pasta packages/)","duration":13.213899999999967,"failureMessages":[],"meta":{}},{"ancestorTitles":["detectorEstrutura"],"fullName":"detectorEstrutura detecta estrutura incompleta (pages/ sem api/)","status":"passed","title":"detecta estrutura incompleta (pages/ sem api/)","duration":2.242399999999975,"failureMessages":[],"meta":{}},{"ancestorTitles":["detectorEstrutura"],"fullName":"detectorEstrutura detecta estrutura mista (src/ e packages/)","status":"passed","title":"detecta estrutura mista (src/ e packages/)","duration":1.4768000000000256,"failureMessages":[],"meta":{}},{"ancestorTitles":["detectorEstrutura"],"fullName":"detectorEstrutura detecta muitos arquivos na raiz","status":"passed","title":"detecta muitos arquivos na raiz","duration":1.1959000000000515,"failureMessages":[],"meta":{}},{"ancestorTitles":["detectorEstrutura"],"fullName":"detectorEstrutura detecta sinais de backend","status":"passed","title":"detecta sinais de backend","duration":0.5756000000000085,"failureMessages":[],"meta":{}},{"ancestorTitles":["detectorEstrutura"],"fullName":"detectorEstrutura detecta sinais de frontend","status":"passed","title":"detecta sinais de frontend","duration":1.2468999999999824,"failureMessages":[],"meta":{}},{"ancestorTitles":["detectorEstrutura"],"fullName":"detectorEstrutura detecta monorepo e fullstack e popula sinaisDetectados","status":"passed","title":"detecta monorepo e fullstack e popula sinaisDetectados","duration":4.596300000000042,"failureMessages":[],"meta":{}},{"ancestorTitles":["detectorEstrutura"],"fullName":"detectorEstrutura retorna [] se contexto não for fornecido","status":"passed","title":"retorna [] se contexto não for fornecido","duration":1.6245000000000118,"failureMessages":[],"meta":{}},{"ancestorTitles":["detectorEstrutura"],"fullName":"detectorEstrutura não retorna ocorrências se não for monorepo nem fullstack","status":"passed","title":"não retorna ocorrências se não for monorepo nem fullstack","duration":1.1458000000000084,"failureMessages":[],"meta":{}},{"ancestorTitles":["detectorEstrutura"],"fullName":"detectorEstrutura test sempre retorna true","status":"passed","title":"test sempre retorna true","duration":0.8178000000000338,"failureMessages":[],"meta":{}},{"ancestorTitles":["detectorEstrutura"],"fullName":"detectorEstrutura não gera estrutura-sem-src quando há muitos arquivos com caminhos Windows (backslashes) dentro de src","status":"passed","title":"não gera estrutura-sem-src quando há muitos arquivos com caminhos Windows (backslashes) dentro de src","duration":1.3935000000000173,"failureMessages":[],"meta":{}}],"startTime":1756613885087,"endTime":1756613885117.3936,"status":"passed","message":"","name":"C:/Users/italo/ORACULO/workspace/oraculo/cli-oraculo/tests/analistas/detector-estrutura.test.ts"},{"assertionResults":[{"ancestorTitles":["detector-node"],"fullName":"detector-node retorna vazio quando não há package.json","status":"passed","title":"retorna vazio quando não há package.json","duration":708.8622999999999,"failureMessages":[],"meta":{}},{"ancestorTitles":["detector-node"],"fullName":"detector-node retorna candidatos quando package.json presente","status":"passed","title":"retorna candidatos quando package.json presente","duration":3.618400000000065,"failureMessages":[],"meta":{}}],"startTime":1756613871583,"endTime":1756613872295.6184,"status":"passed","message":"","name":"C:/Users/italo/ORACULO/workspace/oraculo/cli-oraculo/tests/analistas/detector-node.test.ts"},{"assertionResults":[{"ancestorTitles":["orquestrador-arquetipos (branches)"],"fullName":"orquestrador-arquetipos (branches) fallback para pontuador e ordenação padrão escolhe melhor candidato","status":"passed","title":"fallback para pontuador e ordenação padrão escolhe melhor candidato","duration":4.002100000000041,"failureMessages":[],"meta":{}},{"ancestorTitles":["orquestrador-arquetipos (branches)"],"fullName":"orquestrador-arquetipos (branches) apenas penalidades: ignora monorepo-packages quando só forbidden é src","status":"passed","title":"apenas penalidades: ignora monorepo-packages quando só forbidden é src","duration":0.5085000000000264,"failureMessages":[],"meta":{}},{"ancestorTitles":["orquestrador-arquetipos (branches)"],"fullName":"orquestrador-arquetipos (branches) apenas penalidades: desempate por maior ratio de forbidden e maior quantidade","status":"passed","title":"apenas penalidades: desempate por maior ratio de forbidden e maior quantidade","duration":2.0872000000000526,"failureMessages":[],"meta":{}},{"ancestorTitles":["orquestrador-arquetipos (branches)"],"fullName":"orquestrador-arquetipos (branches) sem sinais no melhor candidato: retorna desconhecido","status":"passed","title":"sem sinais no melhor candidato: retorna desconhecido","duration":0.42250000000001364,"failureMessages":[],"meta":{}},{"ancestorTitles":["orquestrador-arquetipos (branches)"],"fullName":"orquestrador-arquetipos (branches) quando detectores e pontuador retornam vazio: desconhecido imediato","status":"passed","title":"quando detectores e pontuador retornam vazio: desconhecido imediato","duration":0.31780000000003383,"failureMessages":[],"meta":{}},{"ancestorTitles":["orquestrador-arquetipos (branches)"],"fullName":"orquestrador-arquetipos (branches) empate total em ordenação normal desempata por nome ascendente","status":"passed","title":"empate total em ordenação normal desempata por nome ascendente","duration":22.770299999999907,"failureMessages":[],"meta":{}},{"ancestorTitles":["orquestrador-arquetipos (branches)"],"fullName":"orquestrador-arquetipos (branches) ordenacao normal: desempata por matchedRequired quando missingRequired/score iguais","status":"passed","title":"ordenacao normal: desempata por matchedRequired quando missingRequired/score iguais","duration":0.4374000000000251,"failureMessages":[],"meta":{}},{"ancestorTitles":["orquestrador-arquetipos (branches)"],"fullName":"orquestrador-arquetipos (branches) ordenacao normal: desempata por confidence quando missingRequired/score/matchedRequired iguais","status":"passed","title":"ordenacao normal: desempata por confidence quando missingRequired/score/matchedRequired iguais","duration":0.39189999999996417,"failureMessages":[],"meta":{}}],"startTime":1756613884468,"endTime":1756613884499.3918,"status":"passed","message":"","name":"C:/Users/italo/ORACULO/workspace/oraculo/cli-oraculo/tests/analistas/orquestrador-arquetipos.branches.test.ts"},{"assertionResults":[{"ancestorTitles":["orquestrador-arquetipos – ramos adicionais"],"fullName":"orquestrador-arquetipos – ramos adicionais apenas penalidades: desempata por missingRequired quando ratio e forb empatam","status":"passed","title":"apenas penalidades: desempata por missingRequired quando ratio e forb empatam","duration":19.787699999999973,"failureMessages":[],"meta":{}}],"startTime":1756613890867,"endTime":1756613890886.7876,"status":"passed","message":"","name":"C:/Users/italo/ORACULO/workspace/oraculo/cli-oraculo/tests/analistas/orquestrador-arquetipos.detectores.branches.test.ts"},{"assertionResults":[{"ancestorTitles":["alias ANALISE_SCAN_ONLY"],"fullName":"alias ANALISE_SCAN_ONLY respeita ANALISE_SCAN_ONLY ao gerar plano","status":"passed","title":"respeita ANALISE_SCAN_ONLY ao gerar plano","duration":5.680399999999963,"failureMessages":[],"meta":{}},{"ancestorTitles":["alias ANALISE_SCAN_ONLY"],"fullName":"alias ANALISE_SCAN_ONLY reflete SCAN_ONLY em ANALISE_SCAN_ONLY","status":"passed","title":"reflete SCAN_ONLY em ANALISE_SCAN_ONLY","duration":0.7928000000000566,"failureMessages":[],"meta":{}}],"startTime":1756613894302,"endTime":1756613894308.7927,"status":"passed","message":"","name":"C:/Users/italo/ORACULO/workspace/oraculo/cli-oraculo/tests/analistas/plano-reorganizacao.alias-flag.test.ts"},{"assertionResults":[{"ancestorTitles":["gerarPlanoReorganizacao"],"fullName":"gerarPlanoReorganizacao gera moves básicos para arquivos na raiz","status":"passed","title":"gera moves básicos para arquivos na raiz","duration":5.029300000000035,"failureMessages":[],"meta":{}},{"ancestorTitles":["gerarPlanoReorganizacao"],"fullName":"gerarPlanoReorganizacao não gera moves em SCAN_ONLY","status":"passed","title":"não gera moves em SCAN_ONLY","duration":2.0914999999999964,"failureMessages":[],"meta":{}},{"ancestorTitles":["gerarPlanoReorganizacao"],"fullName":"gerarPlanoReorganizacao ignora arquivos grandes acima do limite","status":"passed","title":"ignora arquivos grandes acima do limite","duration":0.6442000000000689,"failureMessages":[],"meta":{}},{"ancestorTitles":["gerarPlanoReorganizacao"],"fullName":"gerarPlanoReorganizacao registra conflito quando destino já existe","status":"passed","title":"registra conflito quando destino já existe","duration":0.7163000000000466,"failureMessages":[],"meta":{}}],"startTime":1756613890935,"endTime":1756613890943.7163,"status":"passed","message":"","name":"C:/Users/italo/ORACULO/workspace/oraculo/cli-oraculo/tests/analistas/plano-reorganizacao.test.ts"},{"assertionResults":[{"ancestorTitles":["listarAnalistas"],"fullName":"listarAnalistas mapeia campos quando definidos","status":"passed","title":"mapeia campos quando definidos","duration":5.047900000000027,"failureMessages":[],"meta":{}},{"ancestorTitles":["listarAnalistas"],"fullName":"listarAnalistas usa valores padrão quando campos ausentes","status":"passed","title":"usa valores padrão quando campos ausentes","duration":0.8087000000000444,"failureMessages":[],"meta":{}}],"startTime":1756613895521,"endTime":1756613895527.8086,"status":"passed","message":"","name":"C:/Users/italo/ORACULO/workspace/oraculo/cli-oraculo/tests/analistas/registry.listar.test.ts"},{"assertionResults":[{"ancestorTitles":["ritualComando (branches)"],"fullName":"ritualComando (branches) não reporta anônimo quando comandoNome vazio","status":"passed","title":"não reporta anônimo quando comandoNome vazio","duration":264.5436000000001,"failureMessages":[],"meta":{}},{"ancestorTitles":["ritualComando (branches)"],"fullName":"ritualComando (branches) logging global evita ocorrência de ausência de logging no bodySlice vazio","status":"passed","title":"logging global evita ocorrência de ausência de logging no bodySlice vazio","duration":20.231199999999944,"failureMessages":[],"meta":{}}],"startTime":1756613872984,"endTime":1756613873270.2312,"status":"passed","message":"","name":"C:/Users/italo/ORACULO/workspace/oraculo/cli-oraculo/tests/analistas/ritual-comando.branches.test.ts"},{"assertionResults":[{"ancestorTitles":["ritualComando (extra)"],"fullName":"ritualComando (extra) reporta muitos parâmetros","status":"passed","title":"reporta muitos parâmetros","duration":301.7341,"failureMessages":[],"meta":{}},{"ancestorTitles":["ritualComando (extra)"],"fullName":"ritualComando (extra) reporta handler longo (>30 statements)","status":"passed","title":"reporta handler longo (>30 statements)","duration":7.222499999999968,"failureMessages":[],"meta":{}},{"ancestorTitles":["ritualComando (extra)"],"fullName":"ritualComando (extra) reporta ausência de try/catch e logging","status":"passed","title":"reporta ausência de try/catch e logging","duration":6.847499999999968,"failureMessages":[],"meta":{}},{"ancestorTitles":["ritualComando (extra)"],"fullName":"ritualComando (extra) não reporta ausência quando há try/catch e logging","status":"passed","title":"não reporta ausência quando há try/catch e logging","duration":5.7105999999999995,"failureMessages":[],"meta":{}},{"ancestorTitles":["ritualComando (extra)"],"fullName":"ritualComando (extra) gera padrao-estrutural para múltiplos comandos","status":"passed","title":"gera padrao-estrutural para múltiplos comandos","duration":5.983799999999974,"failureMessages":[],"meta":{}}],"startTime":1756613872887,"endTime":1756613873214.984,"status":"passed","message":"","name":"C:/Users/italo/ORACULO/workspace/oraculo/cli-oraculo/tests/analistas/ritual-comando.extra.test.ts"},{"assertionResults":[{"ancestorTitles":["ritualComando"],"fullName":"ritualComando detecta comandos duplicados","status":"passed","title":"detecta comandos duplicados","duration":16.988599999999906,"failureMessages":[],"meta":{}},{"ancestorTitles":["ritualComando"],"fullName":"ritualComando detecta handler anônimo","status":"passed","title":"detecta handler anônimo","duration":14.859199999999987,"failureMessages":[],"meta":{}},{"ancestorTitles":["ritualComando"],"fullName":"ritualComando ignora handler inválido (não função)","status":"passed","title":"ignora handler inválido (não função)","duration":14.07630000000006,"failureMessages":[],"meta":{}},{"ancestorTitles":["ritualComando"],"fullName":"ritualComando ignora handler sem bloco de código","status":"passed","title":"ignora handler sem bloco de código","duration":8.663700000000063,"failureMessages":[],"meta":{}},{"ancestorTitles":["ritualComando"],"fullName":"ritualComando extractHandlerInfo retorna null para node não função","status":"passed","title":"extractHandlerInfo retorna null para node não função","duration":3.294999999999959,"failureMessages":[],"meta":{}},{"ancestorTitles":["ritualComando"],"fullName":"ritualComando extractHandlerInfo cobre FunctionExpression e ArrowFunctionExpression","status":"passed","title":"extractHandlerInfo cobre FunctionExpression e ArrowFunctionExpression","duration":4.238100000000031,"failureMessages":[],"meta":{}},{"ancestorTitles":["ritualComando"],"fullName":"ritualComando detecta comando válido","status":"passed","title":"detecta comando válido","duration":3.4172999999999547,"failureMessages":[],"meta":{}},{"ancestorTitles":["ritualComando"],"fullName":"ritualComando retorna erro se ast não for fornecido","status":"passed","title":"retorna erro se ast não for fornecido","duration":3.1545000000000982,"failureMessages":[],"meta":{}},{"ancestorTitles":["ritualComando"],"fullName":"ritualComando retorna padrao-ausente se não houver comando","status":"passed","title":"retorna padrao-ausente se não houver comando","duration":4.8297999999999774,"failureMessages":[],"meta":{}},{"ancestorTitles":["ritualComando"],"fullName":"ritualComando test cobre arquivos com e sem bot (qualquer .ts/.js aceito pelo filtro)","status":"passed","title":"test cobre arquivos com e sem bot (qualquer .ts/.js aceito pelo filtro)","duration":3.505999999999972,"failureMessages":[],"meta":{}},{"ancestorTitles":["ritualComando"],"fullName":"ritualComando detecta comando válido com FunctionExpression","status":"passed","title":"detecta comando válido com FunctionExpression","duration":5.542100000000005,"failureMessages":[],"meta":{}},{"ancestorTitles":["ritualComando"],"fullName":"ritualComando detecta comando válido com ArrowFunctionExpression","status":"passed","title":"detecta comando válido com ArrowFunctionExpression","duration":4.390600000000063,"failureMessages":[],"meta":{}},{"ancestorTitles":["ritualComando"],"fullName":"ritualComando ignora handler inválido (sem bloco)","status":"passed","title":"ignora handler inválido (sem bloco)","duration":7.292400000000043,"failureMessages":[],"meta":{}},{"ancestorTitles":["ritualComando"],"fullName":"ritualComando ignora node que não é CallExpression","status":"passed","title":"ignora node que não é CallExpression","duration":9.614700000000084,"failureMessages":[],"meta":{}},{"ancestorTitles":["ritualComando"],"fullName":"ritualComando ignora CallExpression cujo callee não é Identifier","status":"passed","title":"ignora CallExpression cujo callee não é Identifier","duration":4.396399999999971,"failureMessages":[],"meta":{}},{"ancestorTitles":["ritualComando"],"fullName":"ritualComando ignora comando com handler ausente","status":"passed","title":"ignora comando com handler ausente","duration":3.795500000000061,"failureMessages":[],"meta":{}},{"ancestorTitles":["ritualComando"],"fullName":"ritualComando ignora comando com handler que não é função","status":"passed","title":"ignora comando com handler que não é função","duration":3.799199999999928,"failureMessages":[],"meta":{}}],"startTime":1756613876330,"endTime":1756613876446.7993,"status":"passed","message":"","name":"C:/Users/italo/ORACULO/workspace/oraculo/cli-oraculo/tests/analistas/ritual-comando.test.ts"},{"assertionResults":[{"ancestorTitles":["alinhamentoEstrutural"],"fullName":"alinhamentoEstrutural retorna ideal nulo se não houver match","status":"passed","title":"retorna ideal nulo se não houver match","duration":2.78570000000002,"failureMessages":[],"meta":{}},{"ancestorTitles":["alinhamentoEstrutural"],"fullName":"alinhamentoEstrutural retorna ideal correto para match direto por diretório","status":"passed","title":"retorna ideal correto para match direto por diretório","duration":1.094500000000039,"failureMessages":[],"meta":{}},{"ancestorTitles":["alinhamentoEstrutural"],"fullName":"alinhamentoEstrutural retorna ideal correto para match por tipo de arquivo","status":"passed","title":"retorna ideal correto para match por tipo de arquivo","duration":0.9076999999999771,"failureMessages":[],"meta":{}},{"ancestorTitles":["alinhamentoEstrutural"],"fullName":"alinhamentoEstrutural retorna ideal nulo se tipo não está em CAMADAS","status":"passed","title":"retorna ideal nulo se tipo não está em CAMADAS","duration":0.7655000000000882,"failureMessages":[],"meta":{}},{"ancestorTitles":["alinhamentoEstrutural"],"fullName":"alinhamentoEstrutural funciona com múltiplos arquivos e concorrência","status":"passed","title":"funciona com múltiplos arquivos e concorrência","duration":1.0395999999999503,"failureMessages":[],"meta":{}}],"startTime":1756613894368,"endTime":1756613894375.0396,"status":"passed","message":"","name":"C:/Users/italo/ORACULO/workspace/oraculo/cli-oraculo/tests/arquitetos/analista-estrutura.test.ts"},{"assertionResults":[{"ancestorTitles":["diagnosticarProjeto"],"fullName":"diagnosticarProjeto detecta projeto desconhecido","status":"passed","title":"detecta projeto desconhecido","duration":4.034400000000005,"failureMessages":[],"meta":{}},{"ancestorTitles":["diagnosticarProjeto"],"fullName":"diagnosticarProjeto detecta projeto do tipo landing","status":"passed","title":"detecta projeto do tipo landing","duration":0.6011999999999489,"failureMessages":[],"meta":{}},{"ancestorTitles":["diagnosticarProjeto"],"fullName":"diagnosticarProjeto detecta projeto do tipo api","status":"passed","title":"detecta projeto do tipo api","duration":0.42210000000000036,"failureMessages":[],"meta":{}},{"ancestorTitles":["diagnosticarProjeto"],"fullName":"diagnosticarProjeto detecta projeto do tipo cli","status":"passed","title":"detecta projeto do tipo cli","duration":0.480199999999968,"failureMessages":[],"meta":{}},{"ancestorTitles":["diagnosticarProjeto"],"fullName":"diagnosticarProjeto detecta projeto do tipo fullstack","status":"passed","title":"detecta projeto do tipo fullstack","duration":0.5987999999999829,"failureMessages":[],"meta":{}},{"ancestorTitles":["diagnosticarProjeto"],"fullName":"diagnosticarProjeto detecta projeto do tipo monorepo","status":"passed","title":"detecta projeto do tipo monorepo","duration":0.4823000000000093,"failureMessages":[],"meta":{}},{"ancestorTitles":["diagnosticarProjeto"],"fullName":"diagnosticarProjeto detecta projeto do tipo lib","status":"passed","title":"detecta projeto do tipo lib","duration":0.47239999999999327,"failureMessages":[],"meta":{}},{"ancestorTitles":["diagnosticarProjeto"],"fullName":"diagnosticarProjeto detecta projeto do tipo api por controllers","status":"passed","title":"detecta projeto do tipo api por controllers","duration":0.2979000000000269,"failureMessages":[],"meta":{}},{"ancestorTitles":["diagnosticarProjeto"],"fullName":"diagnosticarProjeto detecta projeto do tipo api por express","status":"passed","title":"detecta projeto do tipo api por express","duration":0.4009999999999536,"failureMessages":[],"meta":{}},{"ancestorTitles":["diagnosticarProjeto"],"fullName":"diagnosticarProjeto não detecta lib se temComponents ou temApi","status":"passed","title":"não detecta lib se temComponents ou temApi","duration":1.775700000000029,"failureMessages":[],"meta":{}}],"startTime":1756613890368,"endTime":1756613890378.7756,"status":"passed","message":"","name":"C:/Users/italo/ORACULO/workspace/oraculo/cli-oraculo/tests/arquitetos/diagnostico-projeto.test.ts"},{"assertionResults":[{"ancestorTitles":["CLI flags globais"],"fullName":"CLI flags globais --silence desativa verbose mesmo se passado --verbose","status":"passed","title":"--silence desativa verbose mesmo se passado --verbose","duration":3.5172999999999774,"failureMessages":[],"meta":{}},{"ancestorTitles":["CLI flags globais"],"fullName":"CLI flags globais --export e --dev habilitam respectivos flags","status":"passed","title":"--export e --dev habilitam respectivos flags","duration":0.5149000000000115,"failureMessages":[],"meta":{}},{"ancestorTitles":["CLI flags globais"],"fullName":"CLI flags globais --verbose ativa verbose quando não há silence","status":"passed","title":"--verbose ativa verbose quando não há silence","duration":0.31340000000000146,"failureMessages":[],"meta":{}}],"startTime":1756613896038,"endTime":1756613896043.3135,"status":"passed","message":"","name":"C:/Users/italo/ORACULO/workspace/oraculo/cli-oraculo/tests/cli/cli.flags.test.ts"},{"assertionResults":[{"ancestorTitles":["comando-analistas branches extra (paths absolutos)"],"fullName":"comando-analistas branches extra (paths absolutos) gera documentação markdown com caminho absoluto (cobre branch path.isAbsolute)","status":"passed","title":"gera documentação markdown com caminho absoluto (cobre branch path.isAbsolute)","duration":18.465599999999995,"failureMessages":[],"meta":{}},{"ancestorTitles":["comando-analistas branches extra (paths absolutos)"],"fullName":"comando-analistas branches extra (paths absolutos) exporta JSON com caminho absoluto (cobre branch path.isAbsolute)","status":"passed","title":"exporta JSON com caminho absoluto (cobre branch path.isAbsolute)","duration":2.8127999999999247,"failureMessages":[],"meta":{}}],"startTime":1756613887388,"endTime":1756613887409.8127,"status":"passed","message":"","name":"C:/Users/italo/ORACULO/workspace/oraculo/cli-oraculo/tests/cli/comando-analistas.branches2.test.ts"},{"assertionResults":[{"ancestorTitles":["comando-analistas"],"fullName":"comando-analistas imprime lista em modo texto","status":"passed","title":"imprime lista em modo texto","duration":14.637300000000096,"failureMessages":[],"meta":{}},{"ancestorTitles":["comando-analistas"],"fullName":"comando-analistas imprime JSON inline","status":"passed","title":"imprime JSON inline","duration":2.0009999999999764,"failureMessages":[],"meta":{}},{"ancestorTitles":["comando-analistas"],"fullName":"comando-analistas exporta para arquivo","status":"passed","title":"exporta para arquivo","duration":3.008100000000013,"failureMessages":[],"meta":{}},{"ancestorTitles":["comando-analistas"],"fullName":"comando-analistas gera documentação markdown","status":"passed","title":"gera documentação markdown","duration":1.55600000000004,"failureMessages":[],"meta":{}}],"startTime":1756613886628,"endTime":1756613886649.556,"status":"passed","message":"","name":"C:/Users/italo/ORACULO/workspace/oraculo/cli-oraculo/tests/cli/comando-analistas.test.ts"},{"assertionResults":[{"ancestorTitles":["comandoAtualizar"],"fullName":"comandoAtualizar executa atualização padrão com integridade ok","status":"passed","title":"executa atualização padrão com integridade ok","duration":87.18259999999998,"failureMessages":[],"meta":{}},{"ancestorTitles":["comandoAtualizar"],"fullName":"comandoAtualizar executa atualização global com --global","status":"passed","title":"executa atualização global com --global","duration":15.389400000000023,"failureMessages":[],"meta":{}},{"ancestorTitles":["comandoAtualizar"],"fullName":"comandoAtualizar avisa quando Guardian retorna baseline novo ou alterações","status":"passed","title":"avisa quando Guardian retorna baseline novo ou alterações","duration":13.849199999999996,"failureMessages":[],"meta":{}},{"ancestorTitles":["comandoAtualizar"],"fullName":"comandoAtualizar trata erro e mostra mensagem de erro","status":"passed","title":"trata erro e mostra mensagem de erro","duration":22.79219999999998,"failureMessages":[],"meta":{}},{"ancestorTitles":["comandoAtualizar"],"fullName":"comandoAtualizar trata erro com detalhes e DEV_MODE","status":"passed","title":"trata erro com detalhes e DEV_MODE","duration":13.162599999999998,"failureMessages":[],"meta":{}}],"startTime":1756613874784,"endTime":1756613874937.1626,"status":"passed","message":"","name":"C:/Users/italo/ORACULO/workspace/oraculo/cli-oraculo/tests/cli/comando-atualizar.test.ts"},{"assertionResults":[{"ancestorTitles":["comandoDiagnosticar (erro string isolado)"],"fullName":"comandoDiagnosticar (erro string isolado) executa diagnóstico e lida com erro fatal (catch) com erro string","status":"passed","title":"executa diagnóstico e lida com erro fatal (catch) com erro string","duration":21.067999999999984,"failureMessages":[],"meta":{}}],"startTime":1756613886707,"endTime":1756613886728.068,"status":"passed","message":"","name":"C:/Users/italo/ORACULO/workspace/oraculo/cli-oraculo/tests/cli/comando-diagnosticar-erro-string.test.ts"},{"assertionResults":[{"ancestorTitles":["comandoDiagnosticar arquetipos branches extra"],"fullName":"comandoDiagnosticar arquetipos branches extra cobre branches: forbidden, anomalias truncadas, planoSugestao preview & conflitos, drift com listas truncadas","status":"passed","title":"cobre branches: forbidden, anomalias truncadas, planoSugestao preview & conflitos, drift com listas truncadas","duration":602.5335,"failureMessages":[],"meta":{}},{"ancestorTitles":["comandoDiagnosticar arquetipos branches extra"],"fullName":"comandoDiagnosticar arquetipos branches extra cobre branch: planoSugestao sem moves","status":"passed","title":"cobre branch: planoSugestao sem moves","duration":3.6275000000000546,"failureMessages":[],"meta":{}}],"startTime":1756613864720,"endTime":1756613865326.6274,"status":"passed","message":"","name":"C:/Users/italo/ORACULO/workspace/oraculo/cli-oraculo/tests/cli/comando-diagnosticar.arquetipos.branches2.test.ts"},{"assertionResults":[{"ancestorTitles":["comando-diagnosticar – arquetipos catch DEV_MODE"],"fullName":"comando-diagnosticar – arquetipos catch DEV_MODE quando detectarArquetipos lança e DEV_MODE=true, loga erro no catch","status":"passed","title":"quando detectarArquetipos lança e DEV_MODE=true, loga erro no catch","duration":631.1399,"failureMessages":[],"meta":{}}],"startTime":1756613865606,"endTime":1756613866237.14,"status":"passed","message":"","name":"C:/Users/italo/ORACULO/workspace/oraculo/cli-oraculo/tests/cli/comando-diagnosticar.arquetipos.catch.devmode.branches.test.ts"},{"assertionResults":[{"ancestorTitles":["comandoDiagnosticar arquetipos modo compacto"],"fullName":"comandoDiagnosticar arquetipos modo compacto lista arquétipos em linha compacta","status":"passed","title":"lista arquétipos em linha compacta","duration":527.2848999999999,"failureMessages":[],"meta":{}}],"startTime":1756613870400,"endTime":1756613870927.285,"status":"passed","message":"","name":"C:/Users/italo/ORACULO/workspace/oraculo/cli-oraculo/tests/cli/comando-diagnosticar.arquetipos.compact.test.ts"},{"assertionResults":[{"ancestorTitles":["comandoDiagnosticar arquetipos drift com reticências (…)"],"fullName":"comandoDiagnosticar arquetipos drift com reticências (…) mostra … quando há mais de 3 itens em novos/removidos (modo testes/verbose)","status":"passed","title":"mostra … quando há mais de 3 itens em novos/removidos (modo testes/verbose)","duration":719.6815,"failureMessages":[],"meta":{}}],"startTime":1756613864581,"endTime":1756613865300.6814,"status":"passed","message":"","name":"C:/Users/italo/ORACULO/workspace/oraculo/cli-oraculo/tests/cli/comando-diagnosticar.arquetipos.drift.ellipsis.branches.test.ts"},{"assertionResults":[{"ancestorTitles":["comando-diagnosticar arquetipos – resumo moldurado fora de teste"],"fullName":"comando-diagnosticar arquetipos – resumo moldurado fora de teste imprime bloco de resumo de estrutura quando há baseline/drift (fora de VITEST)","status":"passed","title":"imprime bloco de resumo de estrutura quando há baseline/drift (fora de VITEST)","duration":617.5994999999999,"failureMessages":[],"meta":{}}],"startTime":1756613856701,"endTime":1756613857318.5996,"status":"passed","message":"","name":"C:/Users/italo/ORACULO/workspace/oraculo/cli-oraculo/tests/cli/comando-diagnosticar.arquetipos.resumo-runtime.branches.test.ts"},{"assertionResults":[{"ancestorTitles":["comando-diagnosticar — bloco Resumo da estrutura (fora de VITEST)"],"fullName":"comando-diagnosticar — bloco Resumo da estrutura (fora de VITEST) imprime bloco de resumo quando há baseline/drift","status":"passed","title":"imprime bloco de resumo quando há baseline/drift","duration":775.5731,"failureMessages":[],"meta":{}}],"startTime":1756613858208,"endTime":1756613858983.573,"status":"passed","message":"","name":"C:/Users/italo/ORACULO/workspace/oraculo/cli-oraculo/tests/cli/comando-diagnosticar.arquetipos.resumo.runtime.branches.test.ts"},{"assertionResults":[{"ancestorTitles":["comandoDiagnosticar arquetipos & drift"],"fullName":"comandoDiagnosticar arquetipos & drift cobre logs detalhados de arquetipos e drift em modo verbose","status":"passed","title":"cobre logs detalhados de arquetipos e drift em modo verbose","duration":624.8,"failureMessages":[],"meta":{}}],"startTime":1756613867647,"endTime":1756613868271.8,"status":"passed","message":"","name":"C:/Users/italo/ORACULO/workspace/oraculo/cli-oraculo/tests/cli/comando-diagnosticar.arquetipos.test.ts"},{"assertionResults":[{"ancestorTitles":["comando-diagnosticar — bloco VERBOSE de anomalias e drift sem baseline (usa \"desconhecido\")"],"fullName":"comando-diagnosticar — bloco VERBOSE de anomalias e drift sem baseline (usa \"desconhecido\") imprime bloco de anomalias e linhas de drift com baseNome \"desconhecido\" quando baseline ausente","status":"passed","title":"imprime bloco de anomalias e linhas de drift com baseNome \"desconhecido\" quando baseline ausente","duration":557.7537,"failureMessages":[],"meta":{}}],"startTime":1756613869122,"endTime":1756613869679.7537,"status":"passed","message":"","name":"C:/Users/italo/ORACULO/workspace/oraculo/cli-oraculo/tests/cli/comando-diagnosticar.arquetipos.verbose.anomalias.no-baseline.branches.test.ts"},{"assertionResults":[{"ancestorTitles":["comando-diagnosticar (branches)"],"fullName":"comando-diagnosticar (branches) executa exportação de relatórios (não-JSON) e imprime bloco de resumo de tipos","status":"passed","title":"executa exportação de relatórios (não-JSON) e imprime bloco de resumo de tipos","duration":70.16770000000008,"failureMessages":[],"meta":{}},{"ancestorTitles":["comando-diagnosticar (branches)"],"fullName":"comando-diagnosticar (branches) exibe bloco de despedida fora de ambiente de testes (simulado) quando há ocorrências","status":"passed","title":"exibe bloco de despedida fora de ambiente de testes (simulado) quando há ocorrências","duration":5.016999999999939,"failureMessages":[],"meta":{}}],"startTime":1756613876551,"endTime":1756613876626.017,"status":"passed","message":"","name":"C:/Users/italo/ORACULO/workspace/oraculo/cli-oraculo/tests/cli/comando-diagnosticar.branches.test.ts"},{"assertionResults":[{"ancestorTitles":["comandoDiagnosticar – captura de erro fatal"],"fullName":"comandoDiagnosticar – captura de erro fatal quando iniciarInquisicao lança erro, bloco catch registra log.erro","status":"passed","title":"quando iniciarInquisicao lança erro, bloco catch registra log.erro","duration":605.0162,"failureMessages":[],"meta":{}}],"startTime":1756613870324,"endTime":1756613870929.016,"status":"passed","message":"","name":"C:/Users/italo/ORACULO/workspace/oraculo/cli-oraculo/tests/cli/comando-diagnosticar.catch-fatal.branches.test.ts"},{"assertionResults":[{"ancestorTitles":["comandoDiagnosticar modo compacto arquetipos"],"fullName":"comandoDiagnosticar modo compacto arquetipos lista arquétipos em modo compacto (COMPACT_MODE) com formatação reduzida","status":"passed","title":"lista arquétipos em modo compacto (COMPACT_MODE) com formatação reduzida","duration":578.0310999999999,"failureMessages":[],"meta":{}}],"startTime":1756613863615,"endTime":1756613864193.031,"status":"passed","message":"","name":"C:/Users/italo/ORACULO/workspace/oraculo/cli-oraculo/tests/cli/comando-diagnosticar.compact.arquetipos.test.ts"},{"assertionResults":[{"ancestorTitles":["comandoDiagnosticar – branches não-JSON (exit 0 quando sem problemas)"],"fullName":"comandoDiagnosticar – branches não-JSON (exit 0 quando sem problemas) sem ocorrências: imprime sucesso e chama process.exit(0)","status":"passed","title":"sem ocorrências: imprime sucesso e chama process.exit(0)","duration":723.3953999999999,"failureMessages":[],"meta":{}}],"startTime":1756613858860,"endTime":1756613859583.3955,"status":"passed","message":"","name":"C:/Users/italo/ORACULO/workspace/oraculo/cli-oraculo/tests/cli/comando-diagnosticar.exit0.no-problems.branches.test.ts"},{"assertionResults":[{"ancestorTitles":["comando-diagnosticar - exportação de relatórios (REPORT_EXPORT_ENABLED)"],"fullName":"comando-diagnosticar - exportação de relatórios (REPORT_EXPORT_ENABLED) ativa export e escreve md/json, sinalizando baselineModificado quando presente","status":"passed","title":"ativa export e escreve md/json, sinalizando baselineModificado quando presente","duration":684.7276,"failureMessages":[],"meta":{}}],"startTime":1756613866049,"endTime":1756613866733.7275,"status":"passed","message":"","name":"C:/Users/italo/ORACULO/workspace/oraculo/cli-oraculo/tests/cli/comando-diagnosticar.export.branches.test.ts"},{"assertionResults":[{"ancestorTitles":["comando-diagnosticar — exportação (sucesso e erro) com variações de diretório"],"fullName":"comando-diagnosticar — exportação (sucesso e erro) com variações de diretório exporta com diretório customizado e baselineModificado=false (sem JSON)","status":"passed","title":"exporta com diretório customizado e baselineModificado=false (sem JSON)","duration":635.4789000000001,"failureMessages":[],"meta":{}},{"ancestorTitles":["comando-diagnosticar — exportação (sucesso e erro) com variações de diretório"],"fullName":"comando-diagnosticar — exportação (sucesso e erro) com variações de diretório falha ao exportar markdown ou json e registra erro","status":"passed","title":"falha ao exportar markdown ou json e registra erro","duration":54.23790000000008,"failureMessages":[],"meta":{}}],"startTime":1756613864628,"endTime":1756613865318.2378,"status":"passed","message":"","name":"C:/Users/italo/ORACULO/workspace/oraculo/cli-oraculo/tests/cli/comando-diagnosticar.export.customdir.and.error.branches.test.ts"},{"assertionResults":[{"ancestorTitles":["comando-diagnosticar – filtros verbose e expansão de includes"],"fullName":"comando-diagnosticar – filtros verbose e expansão de includes em --verbose loga filtros ativos e inclui nota de node_modules; inclui expande diretório simples","status":"passed","title":"em --verbose loga filtros ativos e inclui nota de node_modules; inclui expande diretório simples","duration":618.383,"failureMessages":[],"meta":{}}],"startTime":1756613862244,"endTime":1756613862862.383,"status":"passed","message":"","name":"C:/Users/italo/ORACULO/workspace/oraculo/cli-oraculo/tests/cli/comando-diagnosticar.filters.verbose.branches.test.ts"},{"assertionResults":[{"ancestorTitles":["comando-diagnosticar – VERBOSE sem filtros (branches)"],"fullName":"comando-diagnosticar – VERBOSE sem filtros (branches) não imprime bloco de filtros quando não há include/exclude mesmo com --verbose","status":"passed","title":"não imprime bloco de filtros quando não há include/exclude mesmo com --verbose","duration":593.9997,"failureMessages":[],"meta":{}}],"startTime":1756613859668,"endTime":1756613860261.9998,"status":"passed","message":"","name":"C:/Users/italo/ORACULO/workspace/oraculo/cli-oraculo/tests/cli/comando-diagnosticar.filters.verbose.no-filters.branches.test.ts"},{"assertionResults":[{"ancestorTitles":["comando-diagnosticar – filtros verbose e include node_modules (branches)"],"fullName":"comando-diagnosticar – filtros verbose e include node_modules (branches) em VERBOSE imprime filtros, informa node_modules incluído e remove de ignores; usa log.fase","status":"passed","title":"em VERBOSE imprime filtros, informa node_modules incluído e remove de ignores; usa log.fase","duration":691.9807999999999,"failureMessages":[],"meta":{}}],"startTime":1756613866037,"endTime":1756613866728.9807,"status":"passed","message":"","name":"C:/Users/italo/ORACULO/workspace/oraculo/cli-oraculo/tests/cli/comando-diagnosticar.filters.verbose.node_modules.branches.test.ts"},{"assertionResults":[{"ancestorTitles":["comando-diagnosticar – filtros verbose include com barra"],"fullName":"comando-diagnosticar – filtros verbose include com barra expande diretório com barra sem criar variante **/x/** e loga filtros","status":"passed","title":"expande diretório com barra sem criar variante **/x/** e loga filtros","duration":640.7197000000001,"failureMessages":[],"meta":{}}],"startTime":1756613863320,"endTime":1756613863960.7197,"status":"passed","message":"","name":"C:/Users/italo/ORACULO/workspace/oraculo/cli-oraculo/tests/cli/comando-diagnosticar.filters.verbose.slash-include.branches.test.ts"},{"assertionResults":[{"ancestorTitles":["comandoDiagnosticar guardian bloqueio"],"fullName":"comandoDiagnosticar guardian bloqueio loga detalhes quando Guardian bloqueia com proteção forçada (exit suprimido em VITEST)","status":"passed","title":"loga detalhes quando Guardian bloqueia com proteção forçada (exit suprimido em VITEST)","duration":702.6517999999999,"failureMessages":[],"meta":{}}],"startTime":1756613867614,"endTime":1756613868316.6519,"status":"passed","message":"","name":"C:/Users/italo/ORACULO/workspace/oraculo/cli-oraculo/tests/cli/comando-diagnosticar.guardian-bloqueio.test.ts"},{"assertionResults":[{"ancestorTitles":["comandoDiagnosticar – guardian statuses (branches)"],"fullName":"comandoDiagnosticar – guardian statuses (branches) status Ok → loga sucesso","status":"passed","title":"status Ok → loga sucesso","duration":529.6536,"failureMessages":[],"meta":{}},{"ancestorTitles":["comandoDiagnosticar – guardian statuses (branches)"],"fullName":"comandoDiagnosticar – guardian statuses (branches) status Criado → loga info de baseline criado","status":"passed","title":"status Criado → loga info de baseline criado","duration":71.39430000000016,"failureMessages":[],"meta":{}},{"ancestorTitles":["comandoDiagnosticar – guardian statuses (branches)"],"fullName":"comandoDiagnosticar – guardian statuses (branches) status Aceito → loga aviso de novo baseline aceito","status":"passed","title":"status Aceito → loga aviso de novo baseline aceito","duration":58.21180000000004,"failureMessages":[],"meta":{}},{"ancestorTitles":["comandoDiagnosticar – guardian statuses (branches)"],"fullName":"comandoDiagnosticar – guardian statuses (branches) status AlteracoesDetectadas → loga aviso de alterações suspeitas","status":"passed","title":"status AlteracoesDetectadas → loga aviso de alterações suspeitas","duration":50.3279,"failureMessages":[],"meta":{}}],"startTime":1756613862840,"endTime":1756613863550.328,"status":"passed","message":"","name":"C:/Users/italo/ORACULO/workspace/oraculo/cli-oraculo/tests/cli/comando-diagnosticar.guardian-statuses.branches.test.ts"},{"assertionResults":[{"ancestorTitles":["comando-diagnosticar — Guardian AlteracoesDetectadas incrementa totalOcorrencias"],"fullName":"comando-diagnosticar — Guardian AlteracoesDetectadas incrementa totalOcorrencias quando status é AlteracoesDetectadas, avisa e contabiliza 1 ocorrência adicional","status":"passed","title":"quando status é AlteracoesDetectadas, avisa e contabiliza 1 ocorrência adicional","duration":721.297,"failureMessages":[],"meta":{}}],"startTime":1756613864585,"endTime":1756613865306.297,"status":"passed","message":"","name":"C:/Users/italo/ORACULO/workspace/oraculo/cli-oraculo/tests/cli/comando-diagnosticar.guardian.alteracoes-incrementa-total.branches.test.ts"},{"assertionResults":[{"ancestorTitles":["comando-diagnosticar - guardian branches (permissive)"],"fullName":"comando-diagnosticar - guardian branches (permissive) enforce=false: segue permissivo e informa aviso","status":"passed","title":"enforce=false: segue permissivo e informa aviso","duration":635.494,"failureMessages":[],"meta":{}}],"startTime":1756613867592,"endTime":1756613868227.494,"status":"passed","message":"","name":"C:/Users/italo/ORACULO/workspace/oraculo/cli-oraculo/tests/cli/comando-diagnosticar.guardian.branches.test.ts"},{"assertionResults":[{"ancestorTitles":["comando-diagnosticar – guardian catch permissivo"],"fullName":"comando-diagnosticar – guardian catch permissivo quando GUARDIAN_ENABLED e scan lança erro sem detalhes, loga aviso permissivo e segue","status":"passed","title":"quando GUARDIAN_ENABLED e scan lança erro sem detalhes, loga aviso permissivo e segue","duration":587.1116000000001,"failureMessages":[],"meta":{}}],"startTime":1756613856932,"endTime":1756613857519.1116,"status":"passed","message":"","name":"C:/Users/italo/ORACULO/workspace/oraculo/cli-oraculo/tests/cli/comando-diagnosticar.guardian.catch.permissivo.branches.test.ts"},{"assertionResults":[{"ancestorTitles":["comando-diagnosticar — guardian enforce com detalhes e exit em caminho coberto"],"fullName":"comando-diagnosticar — guardian enforce com detalhes e exit em caminho coberto quando GUARDIAN_ENFORCE_PROTECTION e erro com detalhes, chama log.aviso para cada detalhe","status":"passed","title":"quando GUARDIAN_ENFORCE_PROTECTION e erro com detalhes, chama log.aviso para cada detalhe","duration":582.7679,"failureMessages":[],"meta":{}}],"startTime":1756613861511,"endTime":1756613862093.7678,"status":"passed","message":"","name":"C:/Users/italo/ORACULO/workspace/oraculo/cli-oraculo/tests/cli/comando-diagnosticar.guardian.enforce.exit.branches.test.ts"},{"assertionResults":[{"ancestorTitles":["comando-diagnosticar — guardian enforce chama exit(1)"],"fullName":"comando-diagnosticar — guardian enforce chama exit(1) quando scanSystemIntegrity lança com detalhes e ENFORCE=true","status":"passed","title":"quando scanSystemIntegrity lança com detalhes e ENFORCE=true","duration":524.5178999999999,"failureMessages":[],"meta":{}}],"startTime":1756613870971,"endTime":1756613871495.5178,"status":"passed","message":"","name":"C:/Users/italo/ORACULO/workspace/oraculo/cli-oraculo/tests/cli/comando-diagnosticar.guardian.enforce.exit1.branches.test.ts"},{"assertionResults":[{"ancestorTitles":["comando-diagnosticar — guardian statuses (Ok, Criado, Aceito)"],"fullName":"comando-diagnosticar — guardian statuses (Ok, Criado, Aceito) status Ok: loga sucesso e não incrementa problemas","status":"passed","title":"status Ok: loga sucesso e não incrementa problemas","duration":641.7571,"failureMessages":[],"meta":{}},{"ancestorTitles":["comando-diagnosticar — guardian statuses (Ok, Criado, Aceito)"],"fullName":"comando-diagnosticar — guardian statuses (Ok, Criado, Aceito) status Criado: loga info de baseline criado","status":"passed","title":"status Criado: loga info de baseline criado","duration":3.746599999999944,"failureMessages":[],"meta":{}},{"ancestorTitles":["comando-diagnosticar — guardian statuses (Ok, Criado, Aceito)"],"fullName":"comando-diagnosticar — guardian statuses (Ok, Criado, Aceito) status Aceito: loga aviso de novo baseline aceito","status":"passed","title":"status Aceito: loga aviso de novo baseline aceito","duration":3.976899999999887,"failureMessages":[],"meta":{}}],"startTime":1756613859480,"endTime":1756613860129.9768,"status":"passed","message":"","name":"C:/Users/italo/ORACULO/workspace/oraculo/cli-oraculo/tests/cli/comando-diagnosticar.guardian.statuses.misc.branches.test.ts"},{"assertionResults":[{"ancestorTitles":["comando-diagnosticar filtros include/exclude"],"fullName":"comando-diagnosticar filtros include/exclude --include (múltiplas ocorrências e vírgulas) restringe arquivos e sobrepõe ignores padrão (ex: node_modules)","status":"passed","title":"--include (múltiplas ocorrências e vírgulas) restringe arquivos e sobrepõe ignores padrão (ex: node_modules)","duration":2002.0522,"failureMessages":[],"meta":{}},{"ancestorTitles":["comando-diagnosticar filtros include/exclude"],"fullName":"comando-diagnosticar filtros include/exclude --exclude (repetido e com espaços) remove padrões após include vazio (comportamento normal)","status":"passed","title":"--exclude (repetido e com espaços) remove padrões após include vazio (comportamento normal)","duration":121.20850000000019,"failureMessages":[],"meta":{}}],"startTime":1756613851389,"endTime":1756613853512.2085,"status":"passed","message":"","name":"C:/Users/italo/ORACULO/workspace/oraculo/cli-oraculo/tests/cli/comando-diagnosticar.include-exclude.test.ts"},{"assertionResults":[{"ancestorTitles":["comando diagnosticar include/exclude e node_modules"],"fullName":"comando diagnosticar include/exclude e node_modules expande include simples e indica inclusão de node_modules em VERBOSE","status":"passed","title":"expande include simples e indica inclusão de node_modules em VERBOSE","duration":642.7316,"failureMessages":[],"meta":{}}],"startTime":1756613861847,"endTime":1756613862489.7317,"status":"passed","message":"","name":"C:/Users/italo/ORACULO/workspace/oraculo/cli-oraculo/tests/cli/comando-diagnosticar.include-node-modules.branches.test.ts"},{"assertionResults":[{"ancestorTitles":["comando-diagnosticar – infoDestaque fallback (branches)"],"fullName":"comando-diagnosticar – infoDestaque fallback (branches) usa log.info quando infoDestaque está ausente","status":"passed","title":"usa log.info quando infoDestaque está ausente","duration":676.7906999999999,"failureMessages":[],"meta":{}}],"startTime":1756613863182,"endTime":1756613863858.7908,"status":"passed","message":"","name":"C:/Users/italo/ORACULO/workspace/oraculo/cli-oraculo/tests/cli/comando-diagnosticar.infoDestaque.fallback.branches.test.ts"},{"assertionResults":[{"ancestorTitles":["comandoDiagnosticar – JSON com erro retorna status erro"],"fullName":"comandoDiagnosticar – JSON com erro retorna status erro quando PARSE_ERRO_FALHA e existem PARSE_ERRO, status=erro","status":"passed","title":"quando PARSE_ERRO_FALHA e existem PARSE_ERRO, status=erro","duration":621.5262,"failureMessages":[],"meta":{}}],"startTime":1756613864241,"endTime":1756613864862.5261,"status":"passed","message":"","name":"C:/Users/italo/ORACULO/workspace/oraculo/cli-oraculo/tests/cli/comando-diagnosticar.json.error-status.branches.test.ts"},{"assertionResults":[{"ancestorTitles":["comando-diagnosticar – JSON escape de não-ASCII"],"fullName":"comando-diagnosticar – JSON escape de não-ASCII escapa caracteres fora de ASCII no JSON impresso","status":"passed","title":"escapa caracteres fora de ASCII no JSON impresso","duration":600.0059000000001,"failureMessages":[],"meta":{}}],"startTime":1756613860293,"endTime":1756613860893.0059,"status":"passed","message":"","name":"C:/Users/italo/ORACULO/workspace/oraculo/cli-oraculo/tests/cli/comando-diagnosticar.json.escape-nonascii.branches.test.ts"},{"assertionResults":[{"ancestorTitles":["comando-diagnosticar — json: surrogate pair e sem_ext + metricas.topAnalistas"],"fullName":"comando-diagnosticar — json: surrogate pair e sem_ext + metricas.topAnalistas escapa pares substitutos (emoji) e conta sem_ext; inclui topAnalistas","status":"passed","title":"escapa pares substitutos (emoji) e conta sem_ext; inclui topAnalistas","duration":876.9236999999999,"failureMessages":[],"meta":{}}],"startTime":1756613866403,"endTime":1756613867279.9236,"status":"passed","message":"","name":"C:/Users/italo/ORACULO/workspace/oraculo/cli-oraculo/tests/cli/comando-diagnosticar.json.escape-surrogate.and-sememext.branches.test.ts"},{"assertionResults":[{"ancestorTitles":["comandoDiagnosticar --json escapeNonAscii: caminho cp==null"],"fullName":"comandoDiagnosticar --json escapeNonAscii: caminho cp==null quando codePointAt retorna null, substitui por string vazia no escape","status":"passed","title":"quando codePointAt retorna null, substitui por string vazia no escape","duration":630.1537,"failureMessages":[],"meta":{}}],"startTime":1756613866055,"endTime":1756613866685.1538,"status":"passed","message":"","name":"C:/Users/italo/ORACULO/workspace/oraculo/cli-oraculo/tests/cli/comando-diagnosticar.json.escape.cpnull.branches.test.ts"},{"assertionResults":[{"ancestorTitles":["comandoDiagnosticar – JSON unicode escape (surrogate pair)"],"fullName":"comandoDiagnosticar – JSON unicode escape (surrogate pair) escapa caracteres fora do BMP como par \\uXXXX","status":"passed","title":"escapa caracteres fora do BMP como par \\uXXXX","duration":629.1894,"failureMessages":[],"meta":{}}],"startTime":1756613857426,"endTime":1756613858055.1895,"status":"passed","message":"","name":"C:/Users/italo/ORACULO/workspace/oraculo/cli-oraculo/tests/cli/comando-diagnosticar.json.escape.surrogate.branches.test.ts"},{"assertionResults":[{"ancestorTitles":["comandoDiagnosticar – JSON exits (branches)"],"fullName":"comandoDiagnosticar – JSON exits (branches) em modo --json chama process.exit(0) quando ok e process.exit(1) quando temErro","status":"passed","title":"em modo --json chama process.exit(0) quando ok e process.exit(1) quando temErro","duration":762.895,"failureMessages":[],"meta":{}}],"startTime":1756613857981,"endTime":1756613858743.895,"status":"passed","message":"","name":"C:/Users/italo/ORACULO/workspace/oraculo/cli-oraculo/tests/cli/comando-diagnosticar.json.exit.branches.test.ts"},{"assertionResults":[{"ancestorTitles":["comandoDiagnosticar --json guardian = nao-verificado quando não rodado"],"fullName":"comandoDiagnosticar --json guardian = nao-verificado quando não rodado preenche guardian como nao-verificado quando GUARDIAN_ENABLED=false","status":"passed","title":"preenche guardian como nao-verificado quando GUARDIAN_ENABLED=false","duration":586.3348,"failureMessages":[],"meta":{}}],"startTime":1756613860978,"endTime":1756613861564.3347,"status":"passed","message":"","name":"C:/Users/italo/ORACULO/workspace/oraculo/cli-oraculo/tests/cli/comando-diagnosticar.json.guardian-nao-verificado.branches.test.ts"},{"assertionResults":[{"ancestorTitles":["comando-diagnosticar – JSON metricas undefined (branches)"],"fullName":"comando-diagnosticar – JSON metricas undefined (branches) emite JSON com metricas=undefined quando executor não fornece metricas","status":"passed","title":"emite JSON com metricas=undefined quando executor não fornece metricas","duration":657.1683999999999,"failureMessages":[],"meta":{}}],"startTime":1756613864997,"endTime":1756613865654.1685,"status":"passed","message":"","name":"C:/Users/italo/ORACULO/workspace/oraculo/cli-oraculo/tests/cli/comando-diagnosticar.json.metricas.undefined.branches.test.ts"},{"assertionResults":[{"ancestorTitles":["comando-diagnosticar – JSON parse metric originais"],"fullName":"comando-diagnosticar – JSON parse metric originais usa __ORACULO_PARSE_ERROS_ORIGINAIS__ para calcular agregados","status":"passed","title":"usa __ORACULO_PARSE_ERROS_ORIGINAIS__ para calcular agregados","duration":642.2435,"failureMessages":[],"meta":{}}],"startTime":1756613866108,"endTime":1756613866750.2434,"status":"passed","message":"","name":"C:/Users/italo/ORACULO/workspace/oraculo/cli-oraculo/tests/cli/comando-diagnosticar.json.parse-metric.origem.branches.test.ts"},{"assertionResults":[{"ancestorTitles":["comandoDiagnosticar – modo JSON silencia e restaura logs"],"fullName":"comandoDiagnosticar – modo JSON silencia e restaura logs substitui info/sucesso/aviso por no-op e restaura após finalizar","status":"passed","title":"substitui info/sucesso/aviso por no-op e restaura após finalizar","duration":629.6889,"failureMessages":[],"meta":{}}],"startTime":1756613861998,"endTime":1756613862627.689,"status":"passed","message":"","name":"C:/Users/italo/ORACULO/workspace/oraculo/cli-oraculo/tests/cli/comando-diag
[...]
rgura"],"fullName":"log.ts – truncamento e largura calcularLargura respeita ORACULO_FRAME_MAX_COLS teto","status":"passed","title":"calcularLargura respeita ORACULO_FRAME_MAX_COLS teto","duration":9.16579999999999,"failureMessages":[],"meta":{}}],"startTime":1756613881035,"endTime":1756613881081.1658,"status":"passed","message":"","name":"C:/Users/italo/ORACULO/workspace/oraculo/cli-oraculo/tests/nucleo/constelacao/log.branches3.test.ts"},{"assertionResults":[{"ancestorTitles":["log utilitário (cobertura extra)"],"fullName":"log utilitário (cobertura extra) imprimirBloco usa moldura ASCII quando ORACULO_ASCII_FRAMES=1","status":"passed","title":"imprimirBloco usa moldura ASCII quando ORACULO_ASCII_FRAMES=1","duration":9.142000000000053,"failureMessages":[],"meta":{}},{"ancestorTitles":["log utilitário (cobertura extra)"],"fullName":"log utilitário (cobertura extra) imprimirBloco centraliza quando ORACULO_CENTER=1 e TTY disponível","status":"passed","title":"imprimirBloco centraliza quando ORACULO_CENTER=1 e TTY disponível","duration":2.7999999999999545,"failureMessages":[],"meta":{}},{"ancestorTitles":["log utilitário (cobertura extra)"],"fullName":"log utilitário (cobertura extra) respeita silêncio forçado em JSON (ORACULO_FORCE_SILENT_JSON=1)","status":"passed","title":"respeita silêncio forçado em JSON (ORACULO_FORCE_SILENT_JSON=1)","duration":48.88519999999994,"failureMessages":[],"meta":{}},{"ancestorTitles":["log utilitário (cobertura extra)"],"fullName":"log utilitário (cobertura extra) debug só loga quando ORACULO_DEBUG=true","status":"passed","title":"debug só loga quando ORACULO_DEBUG=true","duration":3.741800000000012,"failureMessages":[],"meta":{}},{"ancestorTitles":["log utilitário (cobertura extra)"],"fullName":"log utilitário (cobertura extra) stripLeadingSimbolos remove emojis do início mantendo mensagem","status":"passed","title":"stripLeadingSimbolos remove emojis do início mantendo mensagem","duration":3.9983000000000857,"failureMessages":[],"meta":{}}],"startTime":1756613877896,"endTime":1756613877964.9983,"status":"passed","message":"","name":"C:/Users/italo/ORACULO/workspace/oraculo/cli-oraculo/tests/nucleo/constelacao/log.coverage.test.ts"},{"assertionResults":[{"ancestorTitles":["log util"],"fullName":"log util log.info imprime mensagem se não silenciado","status":"passed","title":"log.info imprime mensagem se não silenciado","duration":48.960399999999936,"failureMessages":[],"meta":{}},{"ancestorTitles":["log util"],"fullName":"log util log.sucesso imprime mensagem se não silenciado","status":"passed","title":"log.sucesso imprime mensagem se não silenciado","duration":1.407199999999989,"failureMessages":[],"meta":{}},{"ancestorTitles":["log util"],"fullName":"log util log.erro sempre imprime no console.error","status":"passed","title":"log.erro sempre imprime no console.error","duration":0.9248000000000047,"failureMessages":[],"meta":{}},{"ancestorTitles":["log util"],"fullName":"log util log.aviso imprime mensagem se não silenciado","status":"passed","title":"log.aviso imprime mensagem se não silenciado","duration":0.8788000000000693,"failureMessages":[],"meta":{}},{"ancestorTitles":["log util"],"fullName":"log util log.debug só imprime se DEV_MODE ou ORACULO_DEBUG","status":"passed","title":"log.debug só imprime se DEV_MODE ou ORACULO_DEBUG","duration":1.88149999999996,"failureMessages":[],"meta":{}},{"ancestorTitles":["log util"],"fullName":"log util não imprime info/sucesso/aviso se REPORT_SILENCE_LOGS=true","status":"passed","title":"não imprime info/sucesso/aviso se REPORT_SILENCE_LOGS=true","duration":0.592200000000048,"failureMessages":[],"meta":{}}],"startTime":1756613880683,"endTime":1756613880738.5923,"status":"passed","message":"","name":"C:/Users/italo/ORACULO/workspace/oraculo/cli-oraculo/tests/nucleo/constelacao/log.test.ts"},{"assertionResults":[{"ancestorTitles":["seguranca helpers branches"],"fullName":"seguranca helpers branches sanitiza caminhos com drive e tentativa de escape","status":"passed","title":"sanitiza caminhos com drive e tentativa de escape","duration":6.644999999999982,"failureMessages":[],"meta":{}},{"ancestorTitles":["seguranca helpers branches"],"fullName":"seguranca helpers branches bloqueia glob muito longo e com muitas ocorrências de **","status":"passed","title":"bloqueia glob muito longo e com muitas ocorrências de **","duration":0.8634000000000697,"failureMessages":[],"meta":{}},{"ancestorTitles":["seguranca helpers branches"],"fullName":"seguranca helpers branches filtra padrões inseguros","status":"passed","title":"filtra padrões inseguros","duration":1.7040999999999258,"failureMessages":[],"meta":{}},{"ancestorTitles":["seguranca helpers branches"],"fullName":"seguranca helpers branches resolverPluginSeguro rejeita fora da raiz e extensão inválida","status":"passed","title":"resolverPluginSeguro rejeita fora da raiz e extensão inválida","duration":0.9641000000000304,"failureMessages":[],"meta":{}}],"startTime":1756613893676,"endTime":1756613893685.964,"status":"passed","message":"","name":"C:/Users/italo/ORACULO/workspace/oraculo/cli-oraculo/tests/nucleo/constelacao/seguranca.branches.test.ts"},{"assertionResults":[{"ancestorTitles":["seguranca extra branches"],"fullName":"seguranca extra branches sanitiza caminhos iniciando com ../ múltiplos","status":"passed","title":"sanitiza caminhos iniciando com ../ múltiplos","duration":4.13250000000005,"failureMessages":[],"meta":{}},{"ancestorTitles":["seguranca extra branches"],"fullName":"seguranca extra branches resolverPluginSeguro falha para string vazia","status":"passed","title":"resolverPluginSeguro falha para string vazia","duration":0.7341999999999871,"failureMessages":[],"meta":{}}],"startTime":1756613896394,"endTime":1756613896398.7341,"status":"passed","message":"","name":"C:/Users/italo/ORACULO/workspace/oraculo/cli-oraculo/tests/nucleo/constelacao/seguranca.extra.branches.test.ts"},{"assertionResults":[{"ancestorTitles":["seguranca utilitarios"],"fullName":"seguranca utilitarios sanitiza caminhos removendo drive e normalizando","status":"passed","title":"sanitiza caminhos removendo drive e normalizando","duration":3.4166000000000167,"failureMessages":[],"meta":{}},{"ancestorTitles":["seguranca utilitarios"],"fullName":"seguranca utilitarios detecta se caminho esta dentro da base","status":"passed","title":"detecta se caminho esta dentro da base","duration":0.7071999999999434,"failureMessages":[],"meta":{}},{"ancestorTitles":["seguranca utilitarios"],"fullName":"seguranca utilitarios resolve plugin seguro rejeitando fora da raiz ou extensão invalida","status":"passed","title":"resolve plugin seguro rejeitando fora da raiz ou extensão invalida","duration":1.3955999999999449,"failureMessages":[],"meta":{}},{"ancestorTitles":["seguranca utilitarios"],"fullName":"seguranca utilitarios filtra globs inseguros","status":"passed","title":"filtra globs inseguros","duration":1.668299999999931,"failureMessages":[],"meta":{}}],"startTime":1756613892336,"endTime":1756613892342.6682,"status":"passed","message":"","name":"C:/Users/italo/ORACULO/workspace/oraculo/cli-oraculo/tests/nucleo/constelacao/seguranca.test.ts"},{"assertionResults":[{"ancestorTitles":["executarShellSeguro"],"fullName":"executarShellSeguro deve bloquear exec quando SAFE_MODE ativo e ALLOW_EXEC=false","status":"passed","title":"deve bloquear exec quando SAFE_MODE ativo e ALLOW_EXEC=false","duration":20.19819999999993,"failureMessages":[],"meta":{}},{"ancestorTitles":["executarShellSeguro"],"fullName":"executarShellSeguro deve delegar para child_process.execSync quando permitido","status":"passed","title":"deve delegar para child_process.execSync quando permitido","duration":13.31899999999996,"failureMessages":[],"meta":{}}],"startTime":1756613885040,"endTime":1756613885074.319,"status":"passed","message":"","name":"C:/Users/italo/ORACULO/workspace/oraculo/cli-oraculo/tests/nucleo/util/exec-safe.test.ts"},{"assertionResults":[{"ancestorTitles":["importarModuloSeguro"],"fullName":"importarModuloSeguro deve bloquear import quando SAFE_MODE ativo e ALLOW_PLUGINS=false","status":"passed","title":"deve bloquear import quando SAFE_MODE ativo e ALLOW_PLUGINS=false","duration":7.021599999999921,"failureMessages":[],"meta":{}},{"ancestorTitles":["importarModuloSeguro"],"fullName":"importarModuloSeguro deve importar modulo quando permitido e caminho dentro da raiz","status":"passed","title":"deve importar modulo quando permitido e caminho dentro da raiz","duration":10.382800000000088,"failureMessages":[],"meta":{}}],"startTime":1756613888865,"endTime":1756613888882.3828,"status":"passed","message":"","name":"C:/Users/italo/ORACULO/workspace/oraculo/cli-oraculo/tests/nucleo/util/import-safe.test.ts"},{"assertionResults":[{"ancestorTitles":["estrutura.util — branches extras"],"fullName":"estrutura.util — branches extras deveIgnorar cobre variantes: inicio, fim, segmento intermediário e igualdade","status":"passed","title":"deveIgnorar cobre variantes: inicio, fim, segmento intermediário e igualdade","duration":4.211999999999989,"failureMessages":[],"meta":{}},{"ancestorTitles":["estrutura.util — branches extras"],"fullName":"estrutura.util — branches extras parseNomeArquivo cobre dot, kebab, camel e fallback por token","status":"passed","title":"parseNomeArquivo cobre dot, kebab, camel e fallback por token","duration":3.72219999999993,"failureMessages":[],"meta":{}},{"ancestorTitles":["estrutura.util — branches extras"],"fullName":"estrutura.util — branches extras destinoPara organiza por entidade quando habilitado e mantém pluralização correta","status":"passed","title":"destinoPara organiza por entidade quando habilitado e mantém pluralização correta","duration":1.5652000000000044,"failureMessages":[],"meta":{}},{"ancestorTitles":["estrutura.util — branches extras"],"fullName":"estrutura.util — branches extras carregarConfigEstrategia aplica merge determinístico e overrides","status":"passed","title":"carregarConfigEstrategia aplica merge determinístico e overrides","duration":9.336100000000101,"failureMessages":[],"meta":{}},{"ancestorTitles":["estrutura.util — branches extras"],"fullName":"estrutura.util — branches extras carregarConfigEstrategia sem overrides usa preset padrão e cobre caminho !src","status":"passed","title":"carregarConfigEstrategia sem overrides usa preset padrão e cobre caminho !src","duration":1.025299999999902,"failureMessages":[],"meta":{}}],"startTime":1756613888311,"endTime":1756613888332.0254,"status":"passed","message":"","name":"C:/Users/italo/ORACULO/workspace/oraculo/cli-oraculo/tests/zeladores/util/estrutura.branches2.test.ts"},{"assertionResults":[{"ancestorTitles":["util estrutura"],"fullName":"util estrutura parseNomeArquivo: suporta dots/kebab/camel","status":"passed","title":"parseNomeArquivo: suporta dots/kebab/camel","duration":5.58929999999998,"failureMessages":[],"meta":{}},{"ancestorTitles":["util estrutura"],"fullName":"util estrutura destinoPara: domains por entidade quando habilitado","status":"passed","title":"destinoPara: domains por entidade quando habilitado","duration":1.2865000000000464,"failureMessages":[],"meta":{}},{"ancestorTitles":["util estrutura"],"fullName":"util estrutura destinoPara: flat quando domains desabilitado","status":"passed","title":"destinoPara: flat quando domains desabilitado","duration":0.46440000000006876,"failureMessages":[],"meta":{}},{"ancestorTitles":["util estrutura"],"fullName":"util estrutura normalizarRel: converte \\ em /","status":"passed","title":"normalizarRel: converte \\ em /","duration":0.336400000000026,"failureMessages":[],"meta":{}}],"startTime":1756613893048,"endTime":1756613893055.4644,"status":"passed","message":"","name":"C:/Users/italo/ORACULO/workspace/oraculo/cli-oraculo/tests/zeladores/util/estrutura.test.ts"},{"assertionResults":[{"ancestorTitles":["helpers-analistas"],"fullName":"helpers-analistas incrementar adiciona chave nova e incrementa existente","status":"passed","title":"incrementar adiciona chave nova e incrementa existente","duration":4.403500000000008,"failureMessages":[],"meta":{}},{"ancestorTitles":["helpers-analistas"],"fullName":"helpers-analistas garantirArray retorna array quando válido","status":"passed","title":"garantirArray retorna array quando válido","duration":0.8561000000000831,"failureMessages":[],"meta":{}},{"ancestorTitles":["helpers-analistas"],"fullName":"helpers-analistas garantirArray normaliza null e undefined para []","status":"passed","title":"garantirArray normaliza null e undefined para []","duration":0.5961000000000922,"failureMessages":[],"meta":{}},{"ancestorTitles":["helpers-analistas"],"fullName":"helpers-analistas garantirArray retorna [] se valor não for array","status":"passed","title":"garantirArray retorna [] se valor não for array","duration":0.5136999999999716,"failureMessages":[],"meta":{}}],"startTime":1756613895213,"endTime":1756613895219.5137,"status":"passed","message":"","name":"C:/Users/italo/ORACULO/workspace/oraculo/cli-oraculo/tests/zeladores/util/helpers-analistas.test.ts"},{"assertionResults":[{"ancestorTitles":["reescreverImports"],"fullName":"reescreverImports atualiza imports relativos ao mover arquivo para subpasta","status":"passed","title":"atualiza imports relativos ao mover arquivo para subpasta","duration":4.509999999999991,"failureMessages":[],"meta":{}},{"ancestorTitles":["reescreverImports"],"fullName":"reescreverImports não altera imports absolutos ou de pacotes","status":"passed","title":"não altera imports absolutos ou de pacotes","duration":0.9874999999999545,"failureMessages":[],"meta":{}},{"ancestorTitles":["reescreverImports"],"fullName":"reescreverImports gera prefixo './' quando relative não inicia com ponto após o move","status":"passed","title":"gera prefixo './' quando relative não inicia com ponto após o move","duration":0.869199999999978,"failureMessages":[],"meta":{}}],"startTime":1756613893965,"endTime":1756613893971.8691,"status":"passed","message":"","name":"C:/Users/italo/ORACULO/workspace/oraculo/cli-oraculo/tests/zeladores/util/imports.test.ts"},{"assertionResults":[{"ancestorTitles":["persistencia – branches"],"fullName":"persistencia – branches lerEstado retorna [] quando arquivo não existe e sem padrão","status":"passed","title":"lerEstado retorna [] quando arquivo não existe e sem padrão","duration":15.255700000000047,"failureMessages":[],"meta":{}},{"ancestorTitles":["persistencia – branches"],"fullName":"persistencia – branches lerEstado retorna padrão quando JSON inválido","status":"passed","title":"lerEstado retorna padrão quando JSON inválido","duration":13.356300000000033,"failureMessages":[],"meta":{}},{"ancestorTitles":["persistencia – branches"],"fullName":"persistencia – branches salvarEstado grava string raw e lerArquivoTexto lê de volta","status":"passed","title":"salvarEstado grava string raw e lerArquivoTexto lê de volta","duration":10.234000000000037,"failureMessages":[],"meta":{}},{"ancestorTitles":["persistencia – branches"],"fullName":"persistencia – branches salvarEstadoAtomico grava JSON e bloqueia caminho fora da raiz quando VITEST=\"\"","status":"passed","title":"salvarEstadoAtomico grava JSON e bloqueia caminho fora da raiz quando VITEST=\"\"","duration":13.23440000000005,"failureMessages":[],"meta":{}}],"startTime":1756613878792,"endTime":1756613878844.2344,"status":"passed","message":"","name":"C:/Users/italo/ORACULO/workspace/oraculo/cli-oraculo/tests/zeladores/util/persistencia.branches.test.ts"},{"assertionResults":[{"ancestorTitles":["persistencia util"],"fullName":"persistencia util lerEstado retorna [] para arquivo inexistente","status":"passed","title":"lerEstado retorna [] para arquivo inexistente","duration":12.51030000000003,"failureMessages":[],"meta":{}},{"ancestorTitles":["persistencia util"],"fullName":"persistencia util salvarEstado escreve objeto e lerEstado recupera","status":"passed","title":"salvarEstado escreve objeto e lerEstado recupera","duration":16.007600000000025,"failureMessages":[],"meta":{}},{"ancestorTitles":["persistencia util"],"fullName":"persistencia util salvarEstado aceita string pura","status":"passed","title":"salvarEstado aceita string pura","duration":5.188800000000015,"failureMessages":[],"meta":{}},{"ancestorTitles":["persistencia util"],"fullName":"persistencia util lerEstado retorna [] se JSON inválido","status":"passed","title":"lerEstado retorna [] se JSON inválido","duration":3.8438999999999623,"failureMessages":[],"meta":{}}],"startTime":1756613883227,"endTime":1756613883264.844,"status":"passed","message":"","name":"C:/Users/italo/ORACULO/workspace/oraculo/cli-oraculo/tests/zeladores/util/persistencia.extra.test.ts"},{"assertionResults":[{"ancestorTitles":["persistencia helpers"],"fullName":"persistencia helpers salva e lê um objeto JSON corretamente","status":"passed","title":"salva e lê um objeto JSON corretamente","duration":14.738699999999994,"failureMessages":[],"meta":{}},{"ancestorTitles":["persistencia helpers"],"fullName":"persistencia helpers retorna array vazio se arquivo não existe","status":"passed","title":"retorna array vazio se arquivo não existe","duration":1.7925000000000182,"failureMessages":[],"meta":{}},{"ancestorTitles":["persistencia helpers"],"fullName":"persistencia helpers retorna array vazio se JSON inválido","status":"passed","title":"retorna array vazio se JSON inválido","duration":5.859700000000089,"failureMessages":[],"meta":{}},{"ancestorTitles":["persistencia helpers"],"fullName":"persistencia helpers salva estado atomicamente","status":"passed","title":"salva estado atomicamente","duration":7.395199999999932,"failureMessages":[],"meta":{}},{"ancestorTitles":["persistencia helpers"],"fullName":"persistencia helpers lê arquivo texto bruto","status":"passed","title":"lê arquivo texto bruto","duration":7.931100000000015,"failureMessages":[],"meta":{}},{"ancestorTitles":["persistencia helpers"],"fullName":"persistencia helpers lerArquivoTexto retorna vazio se inexistente","status":"passed","title":"lerArquivoTexto retorna vazio se inexistente","duration":1.4314000000000533,"failureMessages":[],"meta":{}}],"startTime":1756613880151,"endTime":1756613880190.4314,"status":"passed","message":"","name":"C:/Users/italo/ORACULO/workspace/oraculo/cli-oraculo/tests/zeladores/util/persistencia.test.ts"},{"assertionResults":[{"ancestorTitles":["validacao util"],"fullName":"validacao util normalizarPathLocal impede escape","status":"passed","title":"normalizarPathLocal impede escape","duration":3.727200000000039,"failureMessages":[],"meta":{}},{"ancestorTitles":["validacao util"],"fullName":"validacao util validarNumeroPositivo aceita valores válidos e retorna null para vazio","status":"passed","title":"validarNumeroPositivo aceita valores válidos e retorna null para vazio","duration":0.7779000000000451,"failureMessages":[],"meta":{}},{"ancestorTitles":["validacao util"],"fullName":"validacao util validarNumeroPositivo rejeita negativo","status":"passed","title":"validarNumeroPositivo rejeita negativo","duration":1.9592000000000098,"failureMessages":[],"meta":{}},{"ancestorTitles":["validacao util"],"fullName":"validacao util rejeita combinação scan-only + incremental","status":"passed","title":"rejeita combinação scan-only + incremental","duration":0.5468000000000757,"failureMessages":[],"meta":{}},{"ancestorTitles":["validacao util"],"fullName":"validacao util sanitizarFlags lança erro em combinação inválida","status":"passed","title":"sanitizarFlags lança erro em combinação inválida","duration":1.6406000000000631,"failureMessages":[],"meta":{}},{"ancestorTitles":["validacao util"],"fullName":"validacao util aceita flags independentes válidas","status":"passed","title":"aceita flags independentes válidas","duration":1.0036000000000058,"failureMessages":[],"meta":{}}],"startTime":1756613892408,"endTime":1756613892418.0037,"status":"passed","message":"","name":"C:/Users/italo/ORACULO/workspace/oraculo/cli-oraculo/tests/zeladores/util/validacao.test.ts"}]}