<?xml version="1.0" encoding="UTF-8"?>
<coverage generated="1756586368948" clover="3.2.0">
  <project timestamp="1756586368949" name="All files">
    <metrics statements="4193" coveredstatements="3640" conditionals="3904" coveredconditionals="3037" methods="664" coveredmethods="564" elements="8761" coveredelements="7241" complexity="0" loc="4193" ncloc="4193" packages="13" files="74" classes="74"/>
    <package name="analistas">
      <metrics statements="749" coveredstatements="658" conditionals="877" coveredconditionals="711" methods="133" coveredmethods="120"/>
      <file name="analista-funcoes-longas.ts" path="C:/Users/italo/ORACULO/workspace/oraculo/cli-oraculo/src/analistas/analista-funcoes-longas.ts">
        <metrics statements="40" coveredstatements="40" conditionals="68" coveredconditionals="64" methods="7" coveredmethods="7"/>
        <line num="13" count="79" type="cond" truecount="2" falsecount="0"/>
        <line num="14" count="79" type="cond" truecount="2" falsecount="0"/>
        <line num="15" count="79" type="cond" truecount="2" falsecount="0"/>
        <line num="17" count="79" type="stmt"/>
        <line num="19" count="27" type="stmt"/>
        <line num="25" count="34" type="cond" truecount="2" falsecount="0"/>
        <line num="34" count="2" type="stmt"/>
        <line num="37" count="32" type="stmt"/>
        <line num="38" count="32" type="stmt"/>
        <line num="39" count="32" type="stmt"/>
        <line num="40" count="32" type="cond" truecount="2" falsecount="0"/>
        <line num="41" count="7" type="stmt"/>
        <line num="53" count="32" type="cond" truecount="5" falsecount="0"/>
        <line num="54" count="2" type="stmt"/>
        <line num="67" count="32" type="cond" truecount="2" falsecount="0"/>
        <line num="68" count="8" type="stmt"/>
        <line num="81" count="32" type="cond" truecount="4" falsecount="0"/>
        <line num="82" count="9" type="stmt"/>
        <line num="96" count="18" type="cond" truecount="1" falsecount="1"/>
        <line num="97" count="18" type="stmt"/>
        <line num="98" count="18" type="cond" truecount="2" falsecount="0"/>
        <line num="103" count="16" type="stmt"/>
        <line num="107" count="16" type="stmt"/>
        <line num="109" count="18" type="cond" truecount="2" falsecount="0"/>
        <line num="110" count="16" type="stmt"/>
        <line num="112" count="7" type="stmt"/>
        <line num="115" count="1" type="stmt"/>
        <line num="118" count="6" type="stmt"/>
        <line num="126" count="27" type="cond" truecount="4" falsecount="0"/>
        <line num="127" count="4" type="stmt"/>
        <line num="128" count="4" type="stmt"/>
        <line num="133" count="23" type="cond" truecount="8" falsecount="0"/>
        <line num="147" count="23" type="cond" truecount="2" falsecount="0"/>
        <line num="148" count="18" type="stmt"/>
        <line num="149" count="18" type="stmt"/>
        <line num="150" count="18" type="cond" truecount="1" falsecount="1"/>
        <line num="157" count="18" type="stmt"/>
        <line num="160" count="18" type="stmt"/>
        <line num="164" count="5" type="stmt"/>
        <line num="175" count="6" type="cond" truecount="2" falsecount="0"/>
      </file>
      <file name="analista-padroes-uso.ts" path="C:/Users/italo/ORACULO/workspace/oraculo/cli-oraculo/src/analistas/analista-padroes-uso.ts">
        <metrics statements="55" coveredstatements="55" conditionals="70" coveredconditionals="65" methods="3" coveredmethods="3"/>
        <line num="15" count="80" type="stmt"/>
        <line num="25" count="80" type="stmt"/>
        <line num="28" count="3" type="cond" truecount="2" falsecount="0"/>
        <line num="36" count="13" type="stmt"/>
        <line num="38" count="13" type="stmt"/>
        <line num="39" count="13" type="cond" truecount="1" falsecount="1"/>
        <line num="40" count="13" type="stmt"/>
        <line num="41" count="13" type="stmt"/>
        <line num="42" count="13" type="stmt"/>
        <line num="43" count="13" type="stmt"/>
        <line num="44" count="13" type="stmt"/>
        <line num="45" count="13" type="stmt"/>
        <line num="46" count="13" type="stmt"/>
        <line num="47" count="13" type="stmt"/>
        <line num="50" count="13" type="cond" truecount="2" falsecount="0"/>
        <line num="52" count="11" type="stmt"/>
        <line num="53" count="12" type="stmt"/>
        <line num="54" count="12" type="cond" truecount="3" falsecount="0"/>
        <line num="55" count="12" type="cond" truecount="4" falsecount="0"/>
        <line num="56" count="9" type="stmt"/>
        <line num="57" count="9" type="cond" truecount="2" falsecount="2"/>
        <line num="58" count="9" type="cond" truecount="1" falsecount="1"/>
        <line num="60" count="9" type="stmt"/>
        <line num="61" count="9" type="stmt"/>
        <line num="63" count="18" type="stmt"/>
        <line num="65" count="18" type="cond" truecount="4" falsecount="0"/>
        <line num="66" count="1" type="stmt"/>
        <line num="67" count="1" type="stmt"/>
        <line num="75" count="18" type="cond" truecount="4" falsecount="0"/>
        <line num="76" count="1" type="stmt"/>
        <line num="77" count="1" type="stmt"/>
        <line num="85" count="18" type="cond" truecount="4" falsecount="0"/>
        <line num="86" count="1" type="stmt"/>
        <line num="88" count="18" type="cond" truecount="4" falsecount="0"/>
        <line num="89" count="2" type="stmt"/>
        <line num="90" count="2" type="cond" truecount="2" falsecount="0"/>
        <line num="91" count="1" type="stmt"/>
        <line num="92" count="1" type="cond" truecount="1" falsecount="1"/>
        <line num="93" count="1" type="stmt"/>
        <line num="102" count="2" type="cond" truecount="2" falsecount="0"/>
        <line num="103" count="1" type="stmt"/>
        <line num="104" count="1" type="stmt"/>
        <line num="113" count="18" type="cond" truecount="4" falsecount="0"/>
        <line num="114" count="2" type="stmt"/>
        <line num="116" count="18" type="cond" truecount="2" falsecount="0"/>
        <line num="126" count="3" type="stmt"/>
        <line num="134" count="18" type="cond" truecount="2" falsecount="0"/>
        <line num="135" count="1" type="stmt"/>
        <line num="136" count="1" type="stmt"/>
        <line num="144" count="18" type="cond" truecount="6" falsecount="0"/>
        <line num="149" count="2" type="stmt"/>
        <line num="158" count="18" type="cond" truecount="6" falsecount="0"/>
        <line num="166" count="2" type="stmt"/>
        <line num="177" count="1" type="stmt"/>
        <line num="186" count="11" type="stmt"/>
      </file>
      <file name="analista-todo-comments.ts" path="C:/Users/italo/ORACULO/workspace/oraculo/cli-oraculo/src/analistas/analista-todo-comments.ts">
        <metrics statements="41" coveredstatements="41" conditionals="37" coveredconditionals="36" methods="4" coveredmethods="4"/>
        <line num="6" count="71" type="stmt"/>
        <line num="12" count="15" type="cond" truecount="2" falsecount="0"/>
        <line num="16" count="5" type="stmt"/>
        <line num="21" count="10" type="cond" truecount="2" falsecount="0"/>
        <line num="22" count="8" type="stmt"/>
        <line num="25" count="11" type="cond" truecount="4" falsecount="0"/>
        <line num="27" count="10" type="cond" truecount="2" falsecount="0"/>
        <line num="30" count="8" type="stmt"/>
        <line num="31" count="8" type="stmt"/>
        <line num="32" count="8" type="stmt"/>
        <line num="33" count="8" type="stmt"/>
        <line num="34" count="13" type="stmt"/>
        <line num="35" count="13" type="cond" truecount="2" falsecount="0"/>
        <line num="36" count="8" type="stmt"/>
        <line num="38" count="8" type="stmt"/>
        <line num="39" count="20" type="stmt"/>
        <line num="40" count="20" type="stmt"/>
        <line num="43" count="20" type="cond" truecount="2" falsecount="0"/>
        <line num="44" count="4" type="stmt"/>
        <line num="45" count="4" type="cond" truecount="2" falsecount="0"/>
        <line num="46" count="2" type="stmt"/>
        <line num="48" count="4" type="cond" truecount="2" falsecount="0"/>
        <line num="49" count="2" type="stmt"/>
        <line num="53" count="20" type="cond" truecount="2" falsecount="0"/>
        <line num="55" count="16" type="stmt"/>
        <line num="56" count="16" type="stmt"/>
        <line num="59" count="16" type="cond" truecount="4" falsecount="1"/>
        <line num="60" count="5" type="stmt"/>
        <line num="61" count="5" type="cond" truecount="2" falsecount="0"/>
        <line num="62" count="3" type="stmt"/>
        <line num="64" count="5" type="stmt"/>
        <line num="68" count="11" type="cond" truecount="2" falsecount="0"/>
        <line num="69" count="4" type="stmt"/>
        <line num="70" count="4" type="cond" truecount="2" falsecount="0"/>
        <line num="71" count="1" type="stmt"/>
        <line num="73" count="4" type="cond" truecount="2" falsecount="0"/>
        <line num="74" count="2" type="stmt"/>
        <line num="76" count="4" type="stmt"/>
        <line num="81" count="8" type="cond" truecount="2" falsecount="0"/>
        <line num="83" count="4" type="stmt"/>
        <line num="84" count="6" type="stmt"/>
      </file>
      <file name="arquetipos-defs.ts" path="C:/Users/italo/ORACULO/workspace/oraculo/cli-oraculo/src/analistas/arquetipos-defs.ts">
        <metrics statements="2" coveredstatements="2" conditionals="0" coveredconditionals="0" methods="1" coveredmethods="1"/>
        <line num="4" count="69" type="stmt"/>
        <line num="128" count="154" type="stmt"/>
      </file>
      <file name="arquetipos-personalizados.ts" path="C:/Users/italo/ORACULO/workspace/oraculo/cli-oraculo/src/analistas/arquetipos-personalizados.ts">
        <metrics statements="61" coveredstatements="27" conditionals="57" coveredconditionals="21" methods="24" coveredmethods="15"/>
        <line num="16" count="63" type="stmt"/>
        <line num="24" count="5" type="stmt"/>
        <line num="26" count="5" type="stmt"/>
        <line num="27" count="5" type="stmt"/>
        <line num="28" count="5" type="stmt"/>
        <line num="31" count="5" type="cond" truecount="3" falsecount="1"/>
        <line num="32" count="0" type="stmt"/>
        <line num="35" count="0" type="stmt"/>
        <line num="38" count="5" type="stmt"/>
        <line num="41" count="0" type="stmt"/>
        <line num="52" count="1" type="stmt"/>
        <line num="61" count="1" type="stmt"/>
        <line num="62" count="1" type="stmt"/>
        <line num="64" count="1" type="stmt"/>
        <line num="73" count="0" type="stmt"/>
        <line num="75" count="0" type="stmt"/>
        <line num="76" count="0" type="stmt"/>
        <line num="77" count="0" type="stmt"/>
        <line num="79" count="0" type="stmt"/>
        <line num="89" count="40" type="cond" truecount="2" falsecount="0"/>
        <line num="100" count="0" type="stmt"/>
        <line num="107" count="0" type="stmt"/>
        <line num="112" count="0" type="stmt"/>
        <line num="123" count="0" type="stmt"/>
        <line num="136" count="1" type="stmt"/>
        <line num="138" count="2" type="cond" truecount="3" falsecount="1"/>
        <line num="139" count="0" type="stmt"/>
        <line num="140" count="1" type="cond" truecount="1" falsecount="1"/>
        <line num="141" count="2" type="cond" truecount="2" falsecount="0"/>
        <line num="143" count="0" type="stmt"/>
        <line num="144" count="2" type="cond" truecount="2" falsecount="2"/>
        <line num="145" count="0" type="stmt"/>
        <line num="146" count="2" type="cond" truecount="1" falsecount="1"/>
        <line num="147" count="0" type="stmt"/>
        <line num="151" count="1" type="stmt"/>
        <line num="152" count="2" type="cond" truecount="1" falsecount="1"/>
        <line num="153" count="2" type="cond" truecount="2" falsecount="0"/>
        <line num="156" count="1" type="stmt"/>
        <line num="159" count="2" type="cond" truecount="1" falsecount="2"/>
        <line num="165" count="1" type="stmt"/>
        <line num="174" count="2" type="cond" truecount="1" falsecount="1"/>
        <line num="177" count="2" type="cond" truecount="1" falsecount="1"/>
        <line num="178" count="2" type="cond" truecount="1" falsecount="1"/>
        <line num="200" count="0" type="stmt"/>
        <line num="202" count="0" type="cond" truecount="0" falsecount="4"/>
        <line num="203" count="0" type="stmt"/>
        <line num="206" count="0" type="cond" truecount="0" falsecount="4"/>
        <line num="207" count="0" type="stmt"/>
        <line num="210" count="0" type="stmt"/>
        <line num="211" count="0" type="cond" truecount="0" falsecount="2"/>
        <line num="212" count="0" type="stmt"/>
        <line num="213" count="0" type="stmt"/>
        <line num="218" count="0" type="cond" truecount="0" falsecount="2"/>
        <line num="219" count="0" type="stmt"/>
        <line num="221" count="0" type="cond" truecount="0" falsecount="2"/>
        <line num="222" count="0" type="stmt"/>
        <line num="224" count="0" type="cond" truecount="0" falsecount="2"/>
        <line num="225" count="0" type="stmt"/>
        <line num="229" count="0" type="stmt"/>
        <line num="239" count="0" type="stmt"/>
        <line num="249" count="0" type="stmt"/>
      </file>
      <file name="detector-arquetipos.ts" path="C:/Users/italo/ORACULO/workspace/oraculo/cli-oraculo/src/analistas/detector-arquetipos.ts">
        <metrics statements="246" coveredstatements="212" conditionals="237" coveredconditionals="198" methods="42" coveredmethods="39"/>
        <line num="5" count="63" type="stmt"/>
        <line num="29" count="63" type="stmt"/>
        <line num="30" count="63" type="stmt"/>
        <line num="31" count="63" type="stmt"/>
        <line num="32" count="63" type="stmt"/>
        <line num="33" count="63" type="stmt"/>
        <line num="34" count="63" type="stmt"/>
        <line num="39" count="51" type="stmt"/>
        <line num="40" count="51" type="stmt"/>
        <line num="42" count="51" type="stmt"/>
        <line num="66" count="90" type="stmt"/>
        <line num="69" count="105" type="stmt"/>
        <line num="70" count="10" type="cond" truecount="1" falsecount="1"/>
        <line num="72" count="95" type="stmt"/>
        <line num="76" count="51" type="stmt"/>
        <line num="77" count="90" type="stmt"/>
        <line num="78" count="51" type="stmt"/>
        <line num="80" count="51" type="cond" truecount="2" falsecount="0"/>
        <line num="81" count="51" type="stmt"/>
        <line num="82" count="118" type="cond" truecount="2" falsecount="0"/>
        <line num="84" count="81" type="stmt"/>
        <line num="86" count="51" type="stmt"/>
        <line num="87" count="51" type="stmt"/>
        <line num="89" count="51" type="cond" truecount="4" falsecount="0"/>
        <line num="90" count="8" type="cond" truecount="2" falsecount="0"/>
        <line num="91" count="8" type="stmt"/>
        <line num="94" count="8" type="cond" truecount="5" falsecount="0"/>
        <line num="95" count="2" type="stmt"/>
        <line num="98" count="51" type="cond" truecount="2" falsecount="0"/>
        <line num="99" count="51" type="stmt"/>
        <line num="100" count="239" type="cond" truecount="2" falsecount="0"/>
        <line num="102" count="85" type="cond" truecount="2" falsecount="0"/>
        <line num="103" count="51" type="cond" truecount="2" falsecount="0"/>
        <line num="104" count="88" type="stmt"/>
        <line num="106" count="51" type="cond" truecount="2" falsecount="0"/>
        <line num="107" count="247" type="cond" truecount="2" falsecount="0"/>
        <line num="110" count="51" type="cond" truecount="2" falsecount="0"/>
        <line num="111" count="51" type="stmt"/>
        <line num="112" count="51" type="stmt"/>
        <line num="113" count="51" type="stmt"/>
        <line num="114" count="51" type="stmt"/>
        <line num="115" count="51" type="stmt"/>
        <line num="116" count="51" type="stmt"/>
        <line num="117" count="51" type="stmt"/>
        <line num="118" count="51" type="stmt"/>
        <line num="121" count="51" type="stmt"/>
        <line num="122" count="51" type="cond" truecount="2" falsecount="0"/>
        <line num="124" count="40" type="stmt"/>
        <line num="130" count="40" type="cond" truecount="1" falsecount="1"/>
        <line num="131" count="0" type="stmt"/>
        <line num="132" count="0" type="stmt"/>
        <line num="133" count="0" type="stmt"/>
        <line num="137" count="40" type="cond" truecount="1" falsecount="1"/>
        <line num="138" count="0" type="stmt"/>
        <line num="139" count="0" type="stmt"/>
        <line num="140" count="0" type="cond" truecount="0" falsecount="2"/>
        <line num="144" count="40" type="cond" truecount="1" falsecount="1"/>
        <line num="145" count="0" type="stmt"/>
        <line num="146" count="0" type="stmt"/>
        <line num="147" count="0" type="stmt"/>
        <line num="151" count="40" type="cond" truecount="1" falsecount="1"/>
        <line num="152" count="0" type="stmt"/>
        <line num="153" count="0" type="stmt"/>
        <line num="154" count="0" type="cond" truecount="0" falsecount="2"/>
        <line num="158" count="40" type="cond" truecount="1" falsecount="1"/>
        <line num="159" count="0" type="stmt"/>
        <line num="160" count="0" type="stmt"/>
        <line num="161" count="0" type="stmt"/>
        <line num="165" count="40" type="cond" truecount="1" falsecount="1"/>
        <line num="166" count="0" type="stmt"/>
        <line num="167" count="0" type="stmt"/>
        <line num="168" count="0" type="stmt"/>
        <line num="172" count="40" type="cond" truecount="2" falsecount="0"/>
        <line num="173" count="16" type="stmt"/>
        <line num="174" count="16" type="stmt"/>
        <line num="175" count="16" type="stmt"/>
        <line num="179" count="40" type="cond" truecount="2" falsecount="0"/>
        <line num="180" count="16" type="stmt"/>
        <line num="181" count="16" type="stmt"/>
        <line num="182" count="16" type="stmt"/>
        <line num="186" count="40" type="cond" truecount="2" falsecount="0"/>
        <line num="187" count="8" type="stmt"/>
        <line num="188" count="8" type="stmt"/>
        <line num="189" count="8" type="stmt"/>
        <line num="193" count="40" type="cond" truecount="2" falsecount="0"/>
        <line num="194" count="16" type="stmt"/>
        <line num="195" count="16" type="stmt"/>
        <line num="196" count="16" type="stmt"/>
        <line num="200" count="40" type="cond" truecount="1" falsecount="1"/>
        <line num="201" count="0" type="stmt"/>
        <line num="202" count="0" type="stmt"/>
        <line num="203" count="0" type="stmt"/>
        <line num="207" count="51" type="stmt"/>
        <line num="208" count="51" type="stmt"/>
        <line num="209" count="51" type="stmt"/>
        <line num="210" count="51" type="cond" truecount="2" falsecount="0"/>
        <line num="211" count="13" type="cond" truecount="4" falsecount="0"/>
        <line num="212" count="2" type="stmt"/>
        <line num="213" count="11" type="cond" truecount="2" falsecount="0"/>
        <line num="214" count="2" type="stmt"/>
        <line num="215" count="9" type="cond" truecount="2" falsecount="0"/>
        <line num="216" count="1" type="stmt"/>
        <line num="218" count="22" type="cond" truecount="2" falsecount="0"/>
        <line num="219" count="4" type="stmt"/>
        <line num="221" count="13" type="cond" truecount="2" falsecount="0"/>
        <line num="222" count="4" type="stmt"/>
        <line num="223" count="9" type="cond" truecount="1" falsecount="1"/>
        <line num="224" count="0" type="stmt"/>
        <line num="226" count="9" type="cond" truecount="2" falsecount="0"/>
        <line num="227" count="1" type="stmt"/>
        <line num="230" count="8" type="stmt"/>
        <line num="236" count="51" type="cond" truecount="2" falsecount="0"/>
        <line num="237" count="7" type="stmt"/>
        <line num="238" count="7" type="stmt"/>
        <line num="239" count="7" type="stmt"/>
        <line num="240" count="12" type="stmt"/>
        <line num="241" count="7" type="stmt"/>
        <line num="242" count="7" type="cond" truecount="5" falsecount="0"/>
        <line num="245" count="7" type="cond" truecount="5" falsecount="0"/>
        <line num="246" count="7" type="cond" truecount="2" falsecount="0"/>
        <line num="247" count="1" type="stmt"/>
        <line num="248" count="1" type="stmt"/>
        <line num="250" count="1" type="stmt"/>
        <line num="252" count="1" type="stmt"/>
        <line num="254" count="6" type="cond" truecount="5" falsecount="0"/>
        <line num="255" count="1" type="stmt"/>
        <line num="256" count="1" type="stmt"/>
        <line num="258" count="1" type="stmt"/>
        <line num="264" count="51" type="cond" truecount="4" falsecount="0"/>
        <line num="265" count="5" type="cond" truecount="2" falsecount="0"/>
        <line num="266" count="9" type="cond" truecount="3" falsecount="0"/>
        <line num="267" count="4" type="stmt"/>
        <line num="268" count="5" type="stmt"/>
        <line num="270" count="1" type="stmt"/>
        <line num="271" count="1" type="cond" truecount="1" falsecount="1"/>
        <line num="272" count="1" type="stmt"/>
        <line num="274" count="1" type="stmt"/>
        <line num="276" count="4" type="cond" truecount="2" falsecount="0"/>
        <line num="278" count="8" type="cond" truecount="2" falsecount="0"/>
        <line num="279" count="1" type="stmt"/>
        <line num="280" count="1" type="cond" truecount="1" falsecount="1"/>
        <line num="281" count="1" type="stmt"/>
        <line num="283" count="1" type="stmt"/>
        <line num="288" count="51" type="cond" truecount="2" falsecount="0"/>
        <line num="289" count="51" type="stmt"/>
        <line num="298" count="51" type="cond" truecount="1" falsecount="1"/>
        <line num="301" count="51" type="cond" truecount="2" falsecount="0"/>
        <line num="303" count="40" type="cond" truecount="1" falsecount="1"/>
        <line num="304" count="0" type="stmt"/>
        <line num="308" count="40" type="cond" truecount="1" falsecount="1"/>
        <line num="309" count="0" type="stmt"/>
        <line num="313" count="40" type="cond" truecount="1" falsecount="1"/>
        <line num="314" count="0" type="stmt"/>
        <line num="318" count="40" type="cond" truecount="1" falsecount="1"/>
        <line num="319" count="0" type="stmt"/>
        <line num="323" count="40" type="cond" truecount="2" falsecount="0"/>
        <line num="324" count="34" type="stmt"/>
        <line num="329" count="51" type="cond" truecount="1" falsecount="1"/>
        <line num="331" count="0" type="cond" truecount="0" falsecount="2"/>
        <line num="332" count="0" type="stmt"/>
        <line num="334" count="51" type="cond" truecount="1" falsecount="1"/>
        <line num="336" count="51" type="cond" truecount="2" falsecount="0"/>
        <line num="337" count="11" type="stmt"/>
        <line num="341" count="90" type="cond" truecount="2" falsecount="0"/>
        <line num="342" count="51" type="cond" truecount="2" falsecount="0"/>
        <line num="343" count="51" type="stmt"/>
        <line num="344" count="51" type="stmt"/>
        <line num="345" count="26" type="cond" truecount="5" falsecount="0"/>
        <line num="346" count="18" type="stmt"/>
        <line num="349" count="51" type="stmt"/>
        <line num="350" count="51" type="cond" truecount="2" falsecount="0"/>
        <line num="351" count="13" type="cond" truecount="2" falsecount="0"/>
        <line num="352" count="9" type="stmt"/>
        <line num="355" count="13" type="cond" truecount="2" falsecount="0"/>
        <line num="356" count="10" type="stmt"/>
        <line num="359" count="22" type="cond" truecount="2" falsecount="0"/>
        <line num="360" count="9" type="stmt"/>
        <line num="365" count="51" type="stmt"/>
        <line num="385" count="63" type="cond" truecount="2" falsecount="0"/>
        <line num="387" count="59" type="stmt"/>
        <line num="388" count="59" type="cond" truecount="2" falsecount="0"/>
        <line num="389" count="59" type="stmt"/>
        <line num="401" count="8" type="stmt"/>
        <line num="404" count="5" type="stmt"/>
        <line num="405" count="5" type="stmt"/>
        <line num="408" count="5" type="cond" truecount="1" falsecount="1"/>
        <line num="409" count="5" type="stmt"/>
        <line num="410" count="5" type="cond" truecount="1" falsecount="1"/>
        <line num="411" count="0" type="stmt"/>
        <line num="413" count="0" type="stmt"/>
        <line num="414" count="0" type="cond" truecount="0" falsecount="2"/>
        <line num="420" count="5" type="stmt"/>
        <line num="429" count="5" type="stmt"/>
        <line num="430" count="40" type="stmt"/>
        <line num="433" count="61" type="cond" truecount="2" falsecount="0"/>
        <line num="437" count="40" type="stmt"/>
        <line num="439" count="5" type="cond" truecount="2" falsecount="0"/>
        <line num="441" count="3" type="stmt"/>
        <line num="443" count="3" type="cond" truecount="4" falsecount="0"/>
        <line num="446" count="3" type="stmt"/>
        <line num="469" count="2" type="stmt"/>
        <line num="470" count="2" type="stmt"/>
        <line num="471" count="3" type="cond" truecount="2" falsecount="0"/>
        <line num="475" count="2" type="stmt"/>
        <line num="478" count="1" type="cond" truecount="1" falsecount="1"/>
        <line num="479" count="0" type="stmt"/>
        <line num="482" count="2" type="cond" truecount="4" falsecount="0"/>
        <line num="485" count="1" type="stmt"/>
        <line num="486" count="1" type="stmt"/>
        <line num="488" count="1" type="stmt"/>
        <line num="501" count="1" type="stmt"/>
        <line num="507" count="1" type="stmt"/>
        <line num="510" count="5" type="stmt"/>
        <line num="512" count="5" type="stmt"/>
        <line num="513" count="5" type="cond" truecount="2" falsecount="0"/>
        <line num="519" count="2" type="stmt"/>
        <line num="521" count="5" type="cond" truecount="4" falsecount="0"/>
        <line num="522" count="3" type="stmt"/>
        <line num="527" count="8" type="stmt"/>
        <line num="529" count="3" type="stmt"/>
        <line num="532" count="5" type="cond" truecount="4" falsecount="0"/>
        <line num="533" count="5" type="stmt"/>
        <line num="534" count="2" type="cond" truecount="1" falsecount="1"/>
        <line num="535" count="2" type="stmt"/>
        <line num="536" count="2" type="stmt"/>
        <line num="537" count="2" type="cond" truecount="4" falsecount="1"/>
        <line num="538" count="0" type="stmt"/>
        <line num="554" count="0" type="stmt"/>
        <line num="558" count="5" type="cond" truecount="3" falsecount="1"/>
        <line num="559" count="5" type="stmt"/>
        <line num="560" count="8" type="stmt"/>
        <line num="561" count="5" type="stmt"/>
        <line num="562" count="5" type="stmt"/>
        <line num="563" count="5" type="stmt"/>
        <line num="564" count="5" type="stmt"/>
        <line num="565" count="5" type="cond" truecount="1" falsecount="1"/>
        <line num="566" count="5" type="cond" truecount="1" falsecount="1"/>
        <line num="567" count="5" type="stmt"/>
        <line num="577" count="5" type="cond" truecount="1" falsecount="1"/>
        <line num="578" count="5" type="stmt"/>
        <line num="580" count="5" type="cond" truecount="2" falsecount="0"/>
        <line num="581" count="5" type="stmt"/>
        <line num="582" count="5" type="cond" truecount="2" falsecount="0"/>
        <line num="583" count="5" type="stmt"/>
        <line num="587" count="2" type="cond" truecount="1" falsecount="1"/>
        <line num="592" count="5" type="stmt"/>
      </file>
      <file name="detector-dependencias.ts" path="C:/Users/italo/ORACULO/workspace/oraculo/cli-oraculo/src/analistas/detector-dependencias.ts">
        <metrics statements="59" coveredstatements="59" conditionals="66" coveredconditionals="65" methods="10" coveredmethods="10"/>
        <line num="7" count="121" type="stmt"/>
        <line num="13" count="20" type="cond" truecount="2" falsecount="0"/>
        <line num="14" count="13" type="stmt"/>
        <line num="15" count="13" type="stmt"/>
        <line num="17" count="7" type="stmt"/>
        <line num="24" count="16" type="stmt"/>
        <line num="26" count="16" type="stmt"/>
        <line num="28" count="12" type="stmt"/>
        <line num="31" count="9" type="stmt"/>
        <line num="32" count="9" type="cond" truecount="2" falsecount="0"/>
        <line num="37" count="8" type="stmt"/>
        <line num="42" count="16" type="stmt"/>
        <line num="49" count="121" type="stmt"/>
        <line num="52" count="7" type="cond" truecount="2" falsecount="0"/>
        <line num="62" count="18" type="cond" truecount="2" falsecount="0"/>
        <line num="64" count="16" type="stmt"/>
        <line num="65" count="16" type="stmt"/>
        <line num="66" count="16" type="stmt"/>
        <line num="69" count="16" type="stmt"/>
        <line num="71" count="12" type="stmt"/>
        <line num="72" count="12" type="stmt"/>
        <line num="74" count="12" type="cond" truecount="4" falsecount="0"/>
        <line num="75" count="3" type="stmt"/>
        <line num="84" count="12" type="cond" truecount="4" falsecount="0"/>
        <line num="85" count="1" type="stmt"/>
        <line num="94" count="12" type="cond" truecount="4" falsecount="0"/>
        <line num="95" count="1" type="stmt"/>
        <line num="104" count="12" type="cond" truecount="2" falsecount="0"/>
        <line num="105" count="9" type="stmt"/>
        <line num="106" count="9" type="cond" truecount="2" falsecount="0"/>
        <line num="110" count="4" type="cond" truecount="3" falsecount="0"/>
        <line num="115" count="4" type="stmt"/>
        <line num="126" count="9" type="stmt"/>
        <line num="127" count="9" type="cond" truecount="2" falsecount="0"/>
        <line num="132" count="8" type="stmt"/>
        <line num="133" count="8" type="stmt"/>
        <line num="135" count="8" type="cond" truecount="4" falsecount="0"/>
        <line num="136" count="4" type="stmt"/>
        <line num="145" count="8" type="cond" truecount="4" falsecount="0"/>
        <line num="146" count="1" type="stmt"/>
        <line num="155" count="8" type="cond" truecount="4" falsecount="0"/>
        <line num="156" count="1" type="stmt"/>
        <line num="165" count="8" type="cond" truecount="2" falsecount="0"/>
        <line num="166" count="4" type="stmt"/>
        <line num="167" count="4" type="cond" truecount="2" falsecount="0"/>
        <line num="171" count="3" type="cond" truecount="3" falsecount="0"/>
        <line num="176" count="3" type="stmt"/>
        <line num="190" count="16" type="cond" truecount="2" falsecount="0"/>
        <line num="191" count="3" type="stmt"/>
        <line num="199" count="16" type="stmt"/>
        <line num="200" count="20" type="stmt"/>
        <line num="201" count="20" type="stmt"/>
        <line num="202" count="20" type="cond" truecount="2" falsecount="0"/>
        <line num="203" count="14" type="stmt"/>
        <line num="204" count="14" type="stmt"/>
        <line num="206" count="20" type="stmt"/>
        <line num="210" count="16" type="cond" truecount="2" falsecount="0"/>
        <line num="211" count="1" type="stmt"/>
        <line num="218" count="16" type="cond" truecount="1" falsecount="1"/>
      </file>
      <file name="detector-estrutura.ts" path="C:/Users/italo/ORACULO/workspace/oraculo/cli-oraculo/src/analistas/detector-estrutura.ts">
        <metrics statements="54" coveredstatements="54" conditionals="57" coveredconditionals="50" methods="17" coveredmethods="17"/>
        <line num="13" count="58" type="stmt"/>
        <line num="19" count="58" type="stmt"/>
        <line num="23" count="2" type="stmt"/>
        <line num="33" count="14" type="cond" truecount="2" falsecount="0"/>
        <line num="35" count="127" type="stmt"/>
        <line num="37" count="127" type="stmt"/>
        <line num="42" count="13" type="stmt"/>
        <line num="43" count="117" type="stmt"/>
        <line num="44" count="121" type="stmt"/>
        <line num="45" count="122" type="stmt"/>
        <line num="46" count="124" type="stmt"/>
        <line num="47" count="126" type="stmt"/>
        <line num="48" count="79" type="stmt"/>
        <line num="49" count="121" type="cond" truecount="2" falsecount="0"/>
        <line num="50" count="121" type="cond" truecount="2" falsecount="0"/>
        <line num="54" count="13" type="cond" truecount="3" falsecount="0"/>
        <line num="55" count="13" type="stmt"/>
        <line num="57" count="13" type="stmt"/>
        <line num="59" count="13" type="stmt"/>
        <line num="62" count="13" type="cond" truecount="2" falsecount="0"/>
        <line num="63" count="3" type="stmt"/>
        <line num="72" count="8" type="cond" truecount="2" falsecount="0"/>
        <line num="73" count="1" type="stmt"/>
        <line num="85" count="13" type="cond" truecount="2" falsecount="0"/>
        <line num="86" count="1" type="stmt"/>
        <line num="94" count="12" type="cond" truecount="4" falsecount="0"/>
        <line num="95" count="4" type="stmt"/>
        <line num="106" count="13" type="cond" truecount="4" falsecount="0"/>
        <line num="107" count="3" type="stmt"/>
        <line num="119" count="127" type="cond" truecount="2" falsecount="0"/>
        <line num="120" count="13" type="cond" truecount="1" falsecount="1"/>
        <line num="121" count="13" type="cond" truecount="2" falsecount="0"/>
        <line num="122" count="3" type="stmt"/>
        <line num="133" count="13" type="cond" truecount="5" falsecount="0"/>
        <line num="134" count="2" type="stmt"/>
        <line num="145" count="13" type="cond" truecount="4" falsecount="0"/>
        <line num="146" count="5" type="stmt"/>
        <line num="157" count="13" type="stmt"/>
        <line num="158" count="52" type="stmt"/>
        <line num="159" count="13" type="cond" truecount="2" falsecount="0"/>
        <line num="160" count="3" type="stmt"/>
        <line num="172" count="13" type="stmt"/>
        <line num="173" count="127" type="stmt"/>
        <line num="176" count="13" type="cond" truecount="2" falsecount="1"/>
        <line num="180" count="13" type="stmt"/>
        <line num="181" count="8" type="cond" truecount="1" falsecount="1"/>
        <line num="183" count="13" type="cond" truecount="2" falsecount="0"/>
        <line num="185" count="2" type="stmt"/>
        <line num="186" count="2" type="stmt"/>
        <line num="187" count="2" type="stmt"/>
        <line num="188" count="2" type="stmt"/>
        <line num="202" count="13" type="cond" truecount="4" falsecount="0"/>
        <line num="203" count="1" type="stmt"/>
        <line num="213" count="13" type="cond" truecount="1" falsecount="1"/>
      </file>
      <file name="orquestrador-arquetipos.ts" path="C:/Users/italo/ORACULO/workspace/oraculo/cli-oraculo/src/analistas/orquestrador-arquetipos.ts">
        <metrics statements="45" coveredstatements="44" conditionals="83" coveredconditionals="69" methods="7" coveredmethods="7"/>
        <line num="16" count="9" type="stmt"/>
        <line num="23" count="9" type="stmt"/>
        <line num="24" count="9" type="cond" truecount="1" falsecount="1"/>
        <line num="26" count="9" type="stmt"/>
        <line num="30" count="9" type="cond" truecount="2" falsecount="0"/>
        <line num="31" count="1" type="stmt"/>
        <line num="52" count="8" type="stmt"/>
        <line num="53" count="14" type="stmt"/>
        <line num="58" count="14" type="cond" truecount="2" falsecount="0"/>
        <line num="59" count="14" type="cond" truecount="2" falsecount="0"/>
        <line num="61" count="8" type="cond" truecount="2" falsecount="0"/>
        <line num="64" count="3" type="stmt"/>
        <line num="66" count="5" type="cond" truecount="2" falsecount="0"/>
        <line num="67" count="4" type="cond" truecount="1" falsecount="1"/>
        <line num="68" count="4" type="cond" truecount="4" falsecount="0"/>
        <line num="70" count="4" type="stmt"/>
        <line num="72" count="3" type="cond" truecount="2" falsecount="0"/>
        <line num="76" count="2" type="stmt"/>
        <line num="77" count="2" type="cond" truecount="1" falsecount="1"/>
        <line num="78" count="2" type="cond" truecount="1" falsecount="1"/>
        <line num="80" count="16" type="stmt"/>
        <line num="81" count="16" type="stmt"/>
        <line num="82" count="2" type="cond" truecount="1" falsecount="1"/>
        <line num="83" count="2" type="cond" truecount="2" falsecount="0"/>
        <line num="84" count="2" type="cond" truecount="1" falsecount="1"/>
        <line num="85" count="2" type="cond" truecount="2" falsecount="0"/>
        <line num="86" count="2" type="cond" truecount="2" falsecount="0"/>
        <line num="87" count="1" type="cond" truecount="1" falsecount="1"/>
        <line num="89" count="1" type="cond" truecount="2" falsecount="2"/>
        <line num="90" count="1" type="cond" truecount="1" falsecount="1"/>
        <line num="91" count="0" type="stmt"/>
        <line num="93" count="2" type="stmt"/>
        <line num="98" count="6" type="stmt"/>
        <line num="99" count="4" type="cond" truecount="3" falsecount="1"/>
        <line num="100" count="4" type="cond" truecount="2" falsecount="0"/>
        <line num="101" count="3" type="cond" truecount="1" falsecount="1"/>
        <line num="102" count="3" type="cond" truecount="2" falsecount="2"/>
        <line num="103" count="3" type="cond" truecount="2" falsecount="0"/>
        <line num="104" count="2" type="cond" truecount="2" falsecount="0"/>
        <line num="105" count="1" type="stmt"/>
        <line num="108" count="6" type="stmt"/>
        <line num="109" count="6" type="cond" truecount="5" falsecount="0"/>
        <line num="115" count="6" type="cond" truecount="2" falsecount="0"/>
        <line num="116" count="1" type="stmt"/>
        <line num="132" count="5" type="stmt"/>
      </file>
      <file name="plano-reorganizacao.ts" path="C:/Users/italo/ORACULO/workspace/oraculo/cli-oraculo/src/analistas/plano-reorganizacao.ts">
        <metrics statements="37" coveredstatements="37" conditionals="24" coveredconditionals="21" methods="7" coveredmethods="7"/>
        <line num="13" count="2" type="stmt"/>
        <line num="14" count="2" type="stmt"/>
        <line num="15" count="2" type="stmt"/>
        <line num="16" count="2" type="stmt"/>
        <line num="17" count="2" type="stmt"/>
        <line num="25" count="5" type="cond" truecount="4" falsecount="0"/>
        <line num="26" count="2" type="stmt"/>
        <line num="27" count="3" type="stmt"/>
        <line num="28" count="3" type="stmt"/>
        <line num="30" count="8" type="stmt"/>
        <line num="31" count="8" type="stmt"/>
        <line num="32" count="8" type="stmt"/>
        <line num="33" count="3" type="cond" truecount="1" falsecount="1"/>
        <line num="35" count="3" type="stmt"/>
        <line num="36" count="7" type="cond" truecount="4" falsecount="0"/>
        <line num="37" count="6" type="cond" truecount="2" falsecount="0"/>
        <line num="38" count="5" type="stmt"/>
        <line num="41" count="3" type="stmt"/>
        <line num="42" count="7" type="stmt"/>
        <line num="43" count="7" type="cond" truecount="2" falsecount="0"/>
        <line num="44" count="3" type="stmt"/>
        <line num="49" count="4" type="cond" truecount="2" falsecount="0"/>
        <line num="51" count="1" type="stmt"/>
        <line num="56" count="3" type="cond" truecount="2" falsecount="0"/>
        <line num="58" count="1" type="stmt"/>
        <line num="63" count="2" type="cond" truecount="2" falsecount="0"/>
        <line num="65" count="1" type="stmt"/>
        <line num="70" count="1" type="cond" truecount="1" falsecount="1"/>
        <line num="72" count="1" type="stmt"/>
        <line num="80" count="3" type="stmt"/>
        <line num="81" count="3" type="stmt"/>
        <line num="82" count="5" type="stmt"/>
        <line num="83" count="5" type="cond" truecount="1" falsecount="1"/>
        <line num="84" count="5" type="stmt"/>
        <line num="85" count="5" type="stmt"/>
        <line num="88" count="3" type="stmt"/>
        <line num="89" count="5" type="stmt"/>
      </file>
      <file name="registry.ts" path="C:/Users/italo/ORACULO/workspace/oraculo/cli-oraculo/src/analistas/registry.ts">
        <metrics statements="4" coveredstatements="4" conditionals="12" coveredconditionals="8" methods="2" coveredmethods="2"/>
        <line num="12" count="69" type="cond" truecount="1" falsecount="2"/>
        <line num="17" count="69" type="cond" truecount="1" falsecount="2"/>
        <line num="21" count="68" type="stmt"/>
        <line num="31" count="2" type="stmt"/>
      </file>
      <file name="ritual-comando.ts" path="C:/Users/italo/ORACULO/workspace/oraculo/cli-oraculo/src/analistas/ritual-comando.ts">
        <metrics statements="105" coveredstatements="83" conditionals="166" coveredconditionals="114" methods="9" coveredmethods="8"/>
        <line num="20" count="22" type="cond" truecount="4" falsecount="0"/>
        <line num="23" count="21" type="stmt"/>
        <line num="24" count="21" type="cond" truecount="5" falsecount="0"/>
        <line num="25" count="8" type="cond" truecount="2" falsecount="0"/>
        <line num="26" count="8" type="stmt"/>
        <line num="27" count="8" type="stmt"/>
        <line num="35" count="13" type="cond" truecount="6" falsecount="0"/>
        <line num="40" count="7" type="cond" truecount="2" falsecount="0"/>
        <line num="41" count="7" type="stmt"/>
        <line num="42" count="7" type="cond" truecount="2" falsecount="0"/>
        <line num="43" count="7" type="stmt"/>
        <line num="45" count="6" type="stmt"/>
        <line num="52" count="91" type="stmt"/>
        <line num="56" count="5" type="stmt"/>
        <line num="57" count="5" type="cond" truecount="3" falsecount="1"/>
        <line num="58" count="5" type="stmt"/>
        <line num="68" count="22" type="stmt"/>
        <line num="75" count="22" type="stmt"/>
        <line num="76" count="22" type="stmt"/>
        <line num="77" count="22" type="stmt"/>
        <line num="79" count="22" type="cond" truecount="2" falsecount="0"/>
        <line num="81" count="2" type="stmt"/>
        <line num="84" count="20" type="stmt"/>
        <line num="86" count="21" type="stmt"/>
        <line num="87" count="21" type="cond" truecount="4" falsecount="0"/>
        <line num="88" count="19" type="cond" truecount="1" falsecount="1"/>
        <line num="89" count="19" type="stmt"/>
        <line num="90" count="19" type="stmt"/>
        <line num="91" count="19" type="stmt"/>
        <line num="92" count="19" type="cond" truecount="4" falsecount="0"/>
        <line num="93" count="13" type="stmt"/>
        <line num="94" count="13" type="stmt"/>
        <line num="96" count="19" type="cond" truecount="2" falsecount="0"/>
        <line num="98" count="19" type="stmt"/>
        <line num="99" count="19" type="stmt"/>
        <line num="110" count="20" type="cond" truecount="2" falsecount="0"/>
        <line num="114" count="3" type="stmt"/>
        <line num="115" count="3" type="stmt"/>
        <line num="116" count="3" type="cond" truecount="3" falsecount="1"/>
        <line num="117" count="3" type="stmt"/>
        <line num="119" count="2" type="stmt"/>
        <line num="123" count="2" type="cond" truecount="4" falsecount="1"/>
        <line num="125" count="2" type="cond" truecount="1" falsecount="1"/>
        <line num="126" count="0" type="stmt"/>
        <line num="127" count="0" type="cond" truecount="0" falsecount="4"/>
        <line num="128" count="0" type="stmt"/>
        <line num="129" count="0" type="stmt"/>
        <line num="133" count="2" type="cond" truecount="2" falsecount="0"/>
        <line num="134" count="1" type="stmt"/>
        <line num="135" count="1" type="cond" truecount="1" falsecount="1"/>
        <line num="143" count="0" type="stmt"/>
        <line num="144" count="0" type="cond" truecount="0" falsecount="2"/>
        <line num="145" count="0" type="stmt"/>
        <line num="146" count="0" type="cond" truecount="0" falsecount="2"/>
        <line num="152" count="0" type="cond" truecount="0" falsecount="2"/>
        <line num="153" count="0" type="stmt"/>
        <line num="154" count="0" type="stmt"/>
        <line num="160" count="2" type="cond" truecount="1" falsecount="1"/>
        <line num="161" count="0" type="stmt"/>
        <line num="162" count="0" type="cond" truecount="0" falsecount="2"/>
        <line num="170" count="0" type="stmt"/>
        <line num="171" count="0" type="stmt"/>
        <line num="175" count="2" type="cond" truecount="1" falsecount="1"/>
        <line num="176" count="0" type="stmt"/>
        <line num="177" count="0" type="cond" truecount="0" falsecount="2"/>
        <line num="185" count="0" type="stmt"/>
        <line num="186" count="0" type="stmt"/>
        <line num="189" count="2" type="cond" truecount="1" falsecount="1"/>
        <line num="194" count="0" type="stmt"/>
        <line num="195" count="0" type="stmt"/>
        <line num="200" count="3" type="cond" truecount="1" falsecount="1"/>
        <line num="204" count="3" type="stmt"/>
        <line num="215" count="20" type="stmt"/>
        <line num="216" count="13" type="cond" truecount="2" falsecount="0"/>
        <line num="218" count="20" type="cond" truecount="2" falsecount="0"/>
        <line num="219" count="1" type="stmt"/>
        <line num="229" count="20" type="stmt"/>
        <line num="230" count="19" type="stmt"/>
        <line num="231" count="19" type="cond" truecount="2" falsecount="0"/>
        <line num="244" count="8" type="stmt"/>
        <line num="245" count="11" type="cond" truecount="1" falsecount="1"/>
        <line num="246" count="0" type="stmt"/>
        <line num="248" count="19" type="cond" truecount="4" falsecount="0"/>
        <line num="250" count="6" type="stmt"/>
        <line num="253" count="13" type="cond" truecount="2" falsecount="0"/>
        <line num="255" count="13" type="cond" truecount="4" falsecount="0"/>
        <line num="256" count="6" type="stmt"/>
        <line num="268" count="13" type="cond" truecount="1" falsecount="1"/>
        <line num="269" count="13" type="cond" truecount="2" falsecount="0"/>
        <line num="270" count="1" type="stmt"/>
        <line num="280" count="13" type="cond" truecount="2" falsecount="0"/>
        <line num="281" count="1" type="stmt"/>
        <line num="290" count="13" type="cond" truecount="2" falsecount="0"/>
        <line num="292" count="35" type="stmt"/>
        <line num="293" count="4" type="cond" truecount="2" falsecount="0"/>
        <line num="294" count="3" type="stmt"/>
        <line num="306" count="4" type="cond" truecount="3" falsecount="1"/>
        <line num="310" count="4" type="cond" truecount="4" falsecount="0"/>
        <line num="311" count="4" type="stmt"/>
        <line num="312" count="4" type="cond" truecount="2" falsecount="0"/>
        <line num="314" count="3" type="cond" truecount="2" falsecount="0"/>
        <line num="315" count="2" type="stmt"/>
        <line num="329" count="20" type="cond" truecount="2" falsecount="0"/>
        <line num="330" count="2" type="stmt"/>
        <line num="341" count="20" type="cond" truecount="1" falsecount="1"/>
      </file>
    </package>
    <package name="analistas.deteccao">
      <metrics statements="116" coveredstatements="89" conditionals="127" coveredconditionals="89" methods="26" coveredmethods="19"/>
      <file name="pontuador.ts" path="C:/Users/italo/ORACULO/workspace/oraculo/cli-oraculo/src/analistas/deteccao/pontuador.ts">
        <metrics statements="116" coveredstatements="89" conditionals="127" coveredconditionals="89" methods="26" coveredmethods="19"/>
        <line num="10" count="4" type="stmt"/>
        <line num="11" count="4" type="stmt"/>
        <line num="12" count="4" type="stmt"/>
        <line num="13" count="4" type="stmt"/>
        <line num="14" count="4" type="stmt"/>
        <line num="15" count="4" type="stmt"/>
        <line num="21" count="64" type="stmt"/>
        <line num="22" count="24" type="cond" truecount="1" falsecount="1"/>
        <line num="23" count="24" type="stmt"/>
        <line num="24" count="83" type="cond" truecount="2" falsecount="0"/>
        <line num="26" count="42" type="stmt"/>
        <line num="27" count="24" type="cond" truecount="1" falsecount="1"/>
        <line num="28" count="24" type="stmt"/>
        <line num="29" count="228" type="cond" truecount="2" falsecount="0"/>
        <line num="33" count="24" type="stmt"/>
        <line num="34" count="24" type="stmt"/>
        <line num="35" count="0" type="stmt"/>
        <line num="36" count="0" type="stmt"/>
        <line num="40" count="48" type="stmt"/>
        <line num="42" count="48" type="cond" truecount="2" falsecount="0"/>
        <line num="43" count="24" type="cond" truecount="2" falsecount="0"/>
        <line num="44" count="74" type="stmt"/>
        <line num="46" count="24" type="cond" truecount="1" falsecount="1"/>
        <line num="47" count="209" type="cond" truecount="2" falsecount="0"/>
        <line num="50" count="24" type="cond" truecount="1" falsecount="1"/>
        <line num="51" count="24" type="stmt"/>
        <line num="52" count="24" type="stmt"/>
        <line num="53" count="24" type="stmt"/>
        <line num="54" count="24" type="stmt"/>
        <line num="55" count="24" type="stmt"/>
        <line num="56" count="24" type="stmt"/>
        <line num="58" count="24" type="stmt"/>
        <line num="61" count="24" type="cond" truecount="2" falsecount="0"/>
        <line num="62" count="3" type="stmt"/>
        <line num="63" count="3" type="stmt"/>
        <line num="64" count="3" type="stmt"/>
        <line num="65" count="3" type="stmt"/>
        <line num="66" count="3" type="stmt"/>
        <line num="67" count="3" type="cond" truecount="5" falsecount="0"/>
        <line num="68" count="3" type="cond" truecount="1" falsecount="1"/>
        <line num="69" count="0" type="stmt"/>
        <line num="70" count="0" type="stmt"/>
        <line num="72" count="0" type="stmt"/>
        <line num="73" count="0" type="stmt"/>
        <line num="75" count="3" type="cond" truecount="5" falsecount="0"/>
        <line num="76" count="1" type="stmt"/>
        <line num="77" count="1" type="stmt"/>
        <line num="78" count="1" type="stmt"/>
        <line num="83" count="24" type="cond" truecount="3" falsecount="1"/>
        <line num="84" count="0" type="cond" truecount="0" falsecount="2"/>
        <line num="85" count="0" type="cond" truecount="0" falsecount="3"/>
        <line num="86" count="0" type="stmt"/>
        <line num="87" count="0" type="stmt"/>
        <line num="89" count="0" type="stmt"/>
        <line num="90" count="0" type="cond" truecount="0" falsecount="2"/>
        <line num="91" count="0" type="stmt"/>
        <line num="93" count="0" type="stmt"/>
        <line num="95" count="0" type="cond" truecount="0" falsecount="4"/>
        <line num="96" count="0" type="stmt"/>
        <line num="97" count="0" type="cond" truecount="0" falsecount="2"/>
        <line num="98" count="0" type="stmt"/>
        <line num="100" count="0" type="stmt"/>
        <line num="105" count="24" type="cond" truecount="2" falsecount="0"/>
        <line num="106" count="3" type="stmt"/>
        <line num="107" count="3" type="stmt"/>
        <line num="108" count="3" type="cond" truecount="3" falsecount="1"/>
        <line num="109" count="0" type="stmt"/>
        <line num="110" count="3" type="cond" truecount="2" falsecount="0"/>
        <line num="111" count="1" type="stmt"/>
        <line num="112" count="2" type="cond" truecount="1" falsecount="1"/>
        <line num="113" count="0" type="stmt"/>
        <line num="115" count="7" type="cond" truecount="2" falsecount="0"/>
        <line num="116" count="1" type="stmt"/>
        <line num="118" count="3" type="cond" truecount="1" falsecount="1"/>
        <line num="119" count="0" type="stmt"/>
        <line num="120" count="3" type="cond" truecount="1" falsecount="1"/>
        <line num="122" count="0" type="stmt"/>
        <line num="123" count="3" type="cond" truecount="2" falsecount="0"/>
        <line num="124" count="1" type="stmt"/>
        <line num="127" count="2" type="stmt"/>
        <line num="133" count="24" type="cond" truecount="2" falsecount="0"/>
        <line num="134" count="20" type="stmt"/>
        <line num="135" count="20" type="cond" truecount="1" falsecount="1"/>
        <line num="136" count="20" type="stmt"/>
        <line num="138" count="20" type="cond" truecount="2" falsecount="0"/>
        <line num="139" count="11" type="stmt"/>
        <line num="141" count="20" type="cond" truecount="1" falsecount="1"/>
        <line num="142" count="20" type="stmt"/>
        <line num="148" count="24" type="stmt"/>
        <line num="155" count="24" type="cond" truecount="1" falsecount="1"/>
        <line num="157" count="64" type="cond" truecount="2" falsecount="0"/>
        <line num="158" count="24" type="cond" truecount="1" falsecount="1"/>
        <line num="159" count="24" type="stmt"/>
        <line num="160" count="24" type="stmt"/>
        <line num="161" count="16" type="cond" truecount="4" falsecount="1"/>
        <line num="162" count="16" type="stmt"/>
        <line num="165" count="24" type="stmt"/>
        <line num="166" count="24" type="cond" truecount="2" falsecount="0"/>
        <line num="167" count="3" type="cond" truecount="2" falsecount="0"/>
        <line num="168" count="2" type="stmt"/>
        <line num="171" count="3" type="cond" truecount="1" falsecount="1"/>
        <line num="172" count="3" type="stmt"/>
        <line num="175" count="7" type="cond" truecount="2" falsecount="0"/>
        <line num="176" count="2" type="stmt"/>
        <line num="181" count="24" type="stmt"/>
        <line num="200" count="3" type="stmt"/>
        <line num="201" count="3" type="stmt"/>
        <line num="202" count="24" type="stmt"/>
        <line num="203" count="24" type="stmt"/>
        <line num="204" count="24" type="cond" truecount="1" falsecount="1"/>
        <line num="205" count="0" type="stmt"/>
        <line num="206" count="0" type="cond" truecount="0" falsecount="2"/>
        <line num="207" count="0" type="stmt"/>
        <line num="208" count="0" type="cond" truecount="0" falsecount="2"/>
        <line num="213" count="3" type="stmt"/>
        <line num="214" count="24" type="cond" truecount="5" falsecount="0"/>
      </file>
    </package>
    <package name="analistas.detectores">
      <metrics statements="6" coveredstatements="6" conditionals="2" coveredconditionals="2" methods="4" coveredmethods="4"/>
      <file name="detector-node.ts" path="C:/Users/italo/ORACULO/workspace/oraculo/cli-oraculo/src/analistas/detectores/detector-node.ts">
        <metrics statements="6" coveredstatements="6" conditionals="2" coveredconditionals="2" methods="4" coveredmethods="4"/>
        <line num="11" count="2" type="stmt"/>
        <line num="12" count="2" type="stmt"/>
        <line num="13" count="2" type="cond" truecount="2" falsecount="0"/>
        <line num="15" count="2" type="stmt"/>
        <line num="16" count="2" type="stmt"/>
        <line num="19" count="1" type="stmt"/>
      </file>
    </package>
    <package name="arquitetos">
      <metrics statements="119" coveredstatements="103" conditionals="84" coveredconditionals="55" methods="25" coveredmethods="15"/>
      <file name="analista-estrutura.ts" path="C:/Users/italo/ORACULO/workspace/oraculo/cli-oraculo/src/arquitetos/analista-estrutura.ts">
        <metrics statements="19" coveredstatements="19" conditionals="13" coveredconditionals="10" methods="4" coveredmethods="4"/>
        <line num="10" count="1" type="stmt"/>
        <line num="12" count="1" type="cond" truecount="1" falsecount="1"/>
        <line num="25" count="5" type="stmt"/>
        <line num="27" count="5" type="stmt"/>
        <line num="29" count="7" type="stmt"/>
        <line num="30" count="7" type="stmt"/>
        <line num="32" count="7" type="stmt"/>
        <line num="33" count="7" type="cond" truecount="1" falsecount="1"/>
        <line num="34" count="7" type="stmt"/>
        <line num="36" count="7" type="stmt"/>
        <line num="37" count="9" type="stmt"/>
        <line num="40" count="7" type="cond" truecount="2" falsecount="0"/>
        <line num="41" count="1" type="stmt"/>
        <line num="43" count="6" type="stmt"/>
        <line num="44" count="6" type="cond" truecount="2" falsecount="0"/>
        <line num="45" count="6" type="cond" truecount="4" falsecount="0"/>
        <line num="46" count="3" type="stmt"/>
        <line num="50" count="7" type="stmt"/>
        <line num="55" count="5" type="stmt"/>
      </file>
      <file name="diagnostico-projeto.ts" path="C:/Users/italo/ORACULO/workspace/oraculo/cli-oraculo/src/arquitetos/diagnostico-projeto.ts">
        <metrics statements="28" coveredstatements="28" conditionals="24" coveredconditionals="24" methods="7" coveredmethods="7"/>
        <line num="8" count="12" type="stmt"/>
        <line num="9" count="29" type="stmt"/>
        <line num="10" count="13" type="stmt"/>
        <line num="12" count="12" type="stmt"/>
        <line num="13" count="12" type="stmt"/>
        <line num="15" count="12" type="cond" truecount="4" falsecount="0"/>
        <line num="16" count="1" type="stmt"/>
        <line num="17" count="1" type="stmt"/>
        <line num="18" count="11" type="cond" truecount="4" falsecount="0"/>
        <line num="19" count="1" type="stmt"/>
        <line num="20" count="1" type="stmt"/>
        <line num="21" count="10" type="cond" truecount="2" falsecount="0"/>
        <line num="22" count="1" type="stmt"/>
        <line num="23" count="1" type="stmt"/>
        <line num="24" count="9" type="cond" truecount="2" falsecount="0"/>
        <line num="25" count="3" type="stmt"/>
        <line num="26" count="3" type="stmt"/>
        <line num="27" count="6" type="cond" truecount="2" falsecount="0"/>
        <line num="28" count="1" type="stmt"/>
        <line num="29" count="1" type="stmt"/>
        <line num="30" count="5" type="cond" truecount="2" falsecount="0"/>
        <line num="31" count="3" type="stmt"/>
        <line num="32" count="3" type="stmt"/>
        <line num="36" count="12" type="stmt"/>
        <line num="41" count="10" type="stmt"/>
        <line num="45" count="9" type="cond" truecount="3" falsecount="0"/>
        <line num="49" count="5" type="cond" truecount="5" falsecount="0"/>
        <line num="53" count="6" type="stmt"/>
      </file>
      <file name="estrategista-estrutura.ts" path="C:/Users/italo/ORACULO/workspace/oraculo/cli-oraculo/src/arquitetos/estrategista-estrutura.ts">
        <metrics statements="31" coveredstatements="28" conditionals="17" coveredconditionals="9" methods="3" coveredmethods="3"/>
        <line num="27" count="5" type="stmt"/>
        <line num="28" count="5" type="stmt"/>
        <line num="29" count="5" type="stmt"/>
        <line num="33" count="5" type="stmt"/>
        <line num="35" count="5" type="stmt"/>
        <line num="36" count="4" type="cond" truecount="1" falsecount="1"/>
        <line num="38" count="4" type="cond" truecount="2" falsecount="2"/>
        <line num="41" count="4" type="stmt"/>
        <line num="42" count="4" type="cond" truecount="1" falsecount="1"/>
        <line num="44" count="4" type="stmt"/>
        <line num="45" count="4" type="cond" truecount="2" falsecount="0"/>
        <line num="48" count="3" type="stmt"/>
        <line num="50" count="3" type="stmt"/>
        <line num="51" count="3" type="cond" truecount="1" falsecount="1"/>
        <line num="52" count="3" type="stmt"/>
        <line num="53" count="3" type="stmt"/>
        <line num="55" count="3" type="stmt"/>
        <line num="56" count="0" type="stmt"/>
        <line num="58" count="3" type="stmt"/>
        <line num="61" count="3" type="cond" truecount="1" falsecount="1"/>
        <line num="62" count="0" type="stmt"/>
        <line num="63" count="0" type="stmt"/>
        <line num="65" count="3" type="stmt"/>
        <line num="69" count="5" type="stmt"/>
        <line num="70" count="5" type="stmt"/>
        <line num="71" count="3" type="stmt"/>
        <line num="72" count="3" type="cond" truecount="1" falsecount="1"/>
        <line num="73" count="3" type="stmt"/>
        <line num="74" count="3" type="stmt"/>
        <line num="77" count="5" type="stmt"/>
        <line num="88" count="69" type="stmt"/>
      </file>
      <file name="sinais-projeto-avancados.ts" path="C:/Users/italo/ORACULO/workspace/oraculo/cli-oraculo/src/arquitetos/sinais-projeto-avancados.ts">
        <metrics statements="41" coveredstatements="28" conditionals="30" coveredconditionals="12" methods="11" coveredmethods="1"/>
        <line num="37" count="0" type="stmt"/>
        <line num="60" count="5" type="stmt"/>
        <line num="61" count="0" type="stmt"/>
        <line num="68" count="5" type="stmt"/>
        <line num="82" count="5" type="stmt"/>
        <line num="83" count="8" type="stmt"/>
        <line num="84" count="8" type="cond" truecount="1" falsecount="1"/>
        <line num="90" count="0" type="stmt"/>
        <line num="93" count="8" type="stmt"/>
        <line num="94" count="0" type="stmt"/>
        <line num="97" count="8" type="stmt"/>
        <line num="98" count="8" type="stmt"/>
        <line num="100" count="8" type="stmt"/>
        <line num="101" count="0" type="stmt"/>
        <line num="104" count="8" type="stmt"/>
        <line num="107" count="0" type="stmt"/>
        <line num="111" count="0" type="cond" truecount="0" falsecount="2"/>
        <line num="112" count="0" type="stmt"/>
        <line num="115" count="8" type="stmt"/>
        <line num="116" count="0" type="stmt"/>
        <line num="119" count="8" type="stmt"/>
        <line num="120" count="0" type="cond" truecount="0" falsecount="2"/>
        <line num="121" count="0" type="cond" truecount="0" falsecount="2"/>
        <line num="122" count="0" type="stmt"/>
        <line num="127" count="8" type="stmt"/>
        <line num="128" count="8" type="cond" truecount="2" falsecount="0"/>
        <line num="129" count="2" type="stmt"/>
        <line num="131" count="8" type="cond" truecount="2" falsecount="0"/>
        <line num="132" count="2" type="stmt"/>
        <line num="134" count="8" type="cond" truecount="1" falsecount="1"/>
        <line num="135" count="0" type="stmt"/>
        <line num="139" count="5" type="cond" truecount="1" falsecount="1"/>
        <line num="140" count="5" type="cond" truecount="2" falsecount="0"/>
        <line num="141" count="5" type="cond" truecount="2" falsecount="0"/>
        <line num="144" count="5" type="stmt"/>
        <line num="145" count="5" type="stmt"/>
        <line num="146" count="5" type="stmt"/>
        <line num="147" count="5" type="stmt"/>
        <line num="148" count="5" type="stmt"/>
        <line num="149" count="5" type="stmt"/>
        <line num="150" count="5" type="stmt"/>
      </file>
    </package>
    <package name="cli">
      <metrics statements="1208" coveredstatements="988" conditionals="1069" coveredconditionals="801" methods="133" coveredmethods="112"/>
      <file name="comando-analistas.ts" path="C:/Users/italo/ORACULO/workspace/oraculo/cli-oraculo/src/cli/comando-analistas.ts">
        <metrics statements="35" coveredstatements="35" conditionals="18" coveredconditionals="17" methods="4" coveredmethods="4"/>
        <line num="10" count="7" type="stmt"/>
        <line num="16" count="6" type="stmt"/>
        <line num="18" count="6" type="cond" truecount="2" falsecount="0"/>
        <line num="19" count="2" type="cond" truecount="2" falsecount="0"/>
        <line num="22" count="2" type="stmt"/>
        <line num="23" count="2" type="stmt"/>
        <line num="24" count="2" type="stmt"/>
        <line num="25" count="2" type="stmt"/>
        <line num="26" count="2" type="stmt"/>
        <line num="27" count="2" type="stmt"/>
        <line num="28" count="2" type="stmt"/>
        <line num="29" count="2" type="stmt"/>
        <line num="31" count="4" type="stmt"/>
        <line num="37" count="6" type="stmt"/>
        <line num="38" count="4" type="stmt"/>
        <line num="39" count="4" type="cond" truecount="2" falsecount="0"/>
        <line num="40" count="2" type="stmt"/>
        <line num="41" count="2" type="stmt"/>
        <line num="44" count="4" type="cond" truecount="2" falsecount="0"/>
        <line num="46" count="2" type="stmt"/>
        <line num="47" count="2" type="stmt"/>
        <line num="48" count="2" type="stmt"/>
        <line num="49" count="2" type="stmt"/>
        <line num="51" count="4" type="cond" truecount="2" falsecount="0"/>
        <line num="52" count="2" type="cond" truecount="2" falsecount="0"/>
        <line num="55" count="2" type="stmt"/>
        <line num="61" count="2" type="stmt"/>
        <line num="62" count="2" type="stmt"/>
        <line num="64" count="2" type="cond" truecount="2" falsecount="0"/>
        <line num="65" count="1" type="stmt"/>
        <line num="66" count="1" type="stmt"/>
        <line num="68" count="1" type="stmt"/>
        <line num="69" count="1" type="stmt"/>
        <line num="70" count="2" type="cond" truecount="2" falsecount="0"/>
        <line num="72" count="1" type="stmt"/>
      </file>
      <file name="comando-atualizar.ts" path="C:/Users/italo/ORACULO/workspace/oraculo/cli-oraculo/src/cli/comando-atualizar.ts">
        <metrics statements="23" coveredstatements="23" conditionals="18" coveredconditionals="17" methods="3" coveredmethods="3"/>
        <line num="14" count="5" type="stmt"/>
        <line num="18" count="5" type="stmt"/>
        <line num="21" count="5" type="stmt"/>
        <line num="23" count="5" type="stmt"/>
        <line num="24" count="5" type="stmt"/>
        <line num="26" count="5" type="stmt"/>
        <line num="27" count="5" type="stmt"/>
        <line num="28" count="5" type="stmt"/>
        <line num="30" count="5" type="stmt"/>
        <line num="32" count="3" type="cond" truecount="2" falsecount="0"/>
        <line num="36" count="2" type="stmt"/>
        <line num="38" count="1" type="stmt"/>
        <line num="41" count="1" type="stmt"/>
        <line num="46" count="3" type="cond" truecount="2" falsecount="0"/>
        <line num="48" count="3" type="stmt"/>
        <line num="49" count="3" type="stmt"/>
        <line num="51" count="3" type="stmt"/>
        <line num="53" count="2" type="stmt"/>
        <line num="54" count="2" type="cond" truecount="2" falsecount="0"/>
        <line num="60" count="1" type="stmt"/>
        <line num="61" count="2" type="stmt"/>
        <line num="64" count="2" type="cond" truecount="2" falsecount="0"/>
        <line num="65" count="2" type="stmt"/>
      </file>
      <file name="comando-diagnosticar.ts" path="C:/Users/italo/ORACULO/workspace/oraculo/cli-oraculo/src/cli/comando-diagnosticar.ts">
        <metrics statements="13" coveredstatements="13" conditionals="8" coveredconditionals="8" methods="2" coveredmethods="2"/>
        <line num="7" count="84" type="stmt"/>
        <line num="13" count="84" type="stmt"/>
        <line num="17" count="84" type="stmt"/>
        <line num="20" count="84" type="stmt"/>
        <line num="21" count="756" type="cond" truecount="2" falsecount="0"/>
        <line num="22" count="168" type="stmt"/>
        <line num="23" count="588" type="cond" truecount="2" falsecount="0"/>
        <line num="24" count="420" type="stmt"/>
        <line num="26" count="168" type="stmt"/>
        <line num="30" count="84" type="stmt"/>
        <line num="47" count="87" type="stmt"/>
        <line num="53" count="87" type="stmt"/>
        <line num="58" count="84" type="stmt"/>
      </file>
      <file name="comando-guardian.ts" path="C:/Users/italo/ORACULO/workspace/oraculo/cli-oraculo/src/cli/comando-guardian.ts">
        <metrics statements="77" coveredstatements="72" conditionals="78" coveredconditionals="63" methods="4" coveredmethods="4"/>
        <line num="14" count="18" type="stmt"/>
        <line num="34" count="18" type="stmt"/>
        <line num="38" count="18" type="stmt"/>
        <line num="39" count="18" type="stmt"/>
        <line num="41" count="18" type="stmt"/>
        <line num="42" count="18" type="stmt"/>
        <line num="43" count="18" type="stmt"/>
        <line num="44" count="18" type="stmt"/>
        <line num="46" count="18" type="cond" truecount="2" falsecount="0"/>
        <line num="49" count="18" type="cond" truecount="2" falsecount="0"/>
        <line num="51" count="3" type="stmt"/>
        <line num="53" count="3" type="cond" truecount="2" falsecount="0"/>
        <line num="54" count="2" type="stmt"/>
        <line num="58" count="18" type="cond" truecount="2" falsecount="0"/>
        <line num="59" count="4" type="cond" truecount="2" falsecount="0"/>
        <line num="60" count="1" type="stmt"/>
        <line num="64" count="1" type="stmt"/>
        <line num="66" count="1" type="stmt"/>
        <line num="68" count="3" type="stmt"/>
        <line num="69" count="3" type="stmt"/>
        <line num="70" count="3" type="cond" truecount="2" falsecount="0"/>
        <line num="71" count="1" type="stmt"/>
        <line num="73" count="2" type="stmt"/>
        <line num="75" count="14" type="cond" truecount="2" falsecount="0"/>
        <line num="76" count="4" type="stmt"/>
        <line num="77" count="4" type="stmt"/>
        <line num="81" count="4" type="stmt"/>
        <line num="85" count="4" type="cond" truecount="3" falsecount="0"/>
        <line num="88" count="4" type="cond" truecount="5" falsecount="0"/>
        <line num="89" count="2" type="cond" truecount="2" falsecount="0"/>
        <line num="90" count="1" type="stmt"/>
        <line num="97" count="1" type="stmt"/>
        <line num="98" count="1" type="stmt"/>
        <line num="99" count="2" type="stmt"/>
        <line num="101" count="1" type="stmt"/>
        <line num="105" count="2" type="stmt"/>
        <line num="107" count="2" type="cond" truecount="1" falsecount="1"/>
        <line num="108" count="0" type="stmt"/>
        <line num="110" count="2" type="stmt"/>
        <line num="114" count="10" type="stmt"/>
        <line num="115" count="10" type="stmt"/>
        <line num="118" count="7" type="stmt"/>
        <line num="121" count="7" type="stmt"/>
        <line num="122" count="7" type="cond" truecount="4" falsecount="0"/>
        <line num="123" count="4" type="stmt"/>
        <line num="124" count="3" type="cond" truecount="2" falsecount="0"/>
        <line num="128" count="1" type="stmt"/>
        <line num="129" count="2" type="cond" truecount="2" falsecount="0"/>
        <line num="133" count="1" type="stmt"/>
        <line num="134" count="1" type="cond" truecount="1" falsecount="1"/>
        <line num="138" count="1" type="stmt"/>
        <line num="139" count="0" type="stmt"/>
        <line num="141" count="7" type="cond" truecount="4" falsecount="0"/>
        <line num="143" count="4" type="cond" truecount="2" falsecount="0"/>
        <line num="144" count="2" type="stmt"/>
        <line num="152" count="2" type="stmt"/>
        <line num="153" count="4" type="stmt"/>
        <line num="155" count="1" type="cond" truecount="1" falsecount="1"/>
        <line num="156" count="0" type="stmt"/>
        <line num="164" count="1" type="stmt"/>
        <line num="165" count="1" type="stmt"/>
        <line num="168" count="1" type="stmt"/>
        <line num="170" count="1" type="cond" truecount="1" falsecount="1"/>
        <line num="171" count="0" type="stmt"/>
        <line num="179" count="1" type="stmt"/>
        <line num="180" count="1" type="stmt"/>
        <line num="182" count="1" type="cond" truecount="1" falsecount="1"/>
        <line num="183" count="0" type="stmt"/>
        <line num="192" count="1" type="stmt"/>
        <line num="194" count="1" type="stmt"/>
        <line num="198" count="11" type="cond" truecount="2" falsecount="0"/>
        <line num="200" count="2" type="stmt"/>
        <line num="204" count="7" type="cond" truecount="1" falsecount="1"/>
        <line num="205" count="7" type="cond" truecount="2" falsecount="0"/>
        <line num="206" count="7" type="cond" truecount="2" falsecount="0"/>
        <line num="207" count="2" type="stmt"/>
        <line num="208" count="7" type="stmt"/>
      </file>
      <file name="comando-metricas.ts" path="C:/Users/italo/ORACULO/workspace/oraculo/cli-oraculo/src/cli/comando-metricas.ts">
        <metrics statements="45" coveredstatements="45" conditionals="24" coveredconditionals="20" methods="10" coveredmethods="9"/>
        <line num="14" count="8" type="stmt"/>
        <line num="17" count="6" type="cond" truecount="2" falsecount="0"/>
        <line num="18" count="5" type="stmt"/>
        <line num="19" count="13" type="stmt"/>
        <line num="20" count="13" type="stmt"/>
        <line num="21" count="5" type="stmt"/>
        <line num="25" count="5" type="stmt"/>
        <line num="26" count="13" type="stmt"/>
        <line num="27" count="15" type="cond" truecount="2" falsecount="0"/>
        <line num="28" count="15" type="stmt"/>
        <line num="29" count="15" type="stmt"/>
        <line num="30" count="15" type="stmt"/>
        <line num="31" count="15" type="stmt"/>
        <line num="34" count="5" type="stmt"/>
        <line num="35" count="2" type="stmt"/>
        <line num="37" count="7" type="stmt"/>
        <line num="44" count="5" type="stmt"/>
        <line num="53" count="7" type="stmt"/>
        <line num="59" count="1" type="stmt"/>
        <line num="66" count="6" type="stmt"/>
        <line num="67" count="6" type="stmt"/>
        <line num="68" count="6" type="cond" truecount="1" falsecount="1"/>
        <line num="69" count="6" type="cond" truecount="1" falsecount="1"/>
        <line num="70" count="6" type="cond" truecount="2" falsecount="0"/>
        <line num="72" count="6" type="cond" truecount="2" falsecount="0"/>
        <line num="73" count="1" type="cond" truecount="1" falsecount="1"/>
        <line num="76" count="1" type="stmt"/>
        <line num="81" count="1" type="stmt"/>
        <line num="82" count="1" type="stmt"/>
        <line num="85" count="5" type="cond" truecount="2" falsecount="0"/>
        <line num="87" count="2" type="stmt"/>
        <line num="94" count="2" type="stmt"/>
        <line num="97" count="3" type="stmt"/>
        <line num="98" count="3" type="cond" truecount="2" falsecount="0"/>
        <line num="99" count="1" type="stmt"/>
        <line num="102" count="1" type="stmt"/>
        <line num="104" count="2" type="stmt"/>
        <line num="105" count="4" type="stmt"/>
        <line num="106" count="4" type="stmt"/>
        <line num="110" count="2" type="cond" truecount="4" falsecount="0"/>
        <line num="111" count="1" type="stmt"/>
        <line num="112" count="1" type="stmt"/>
        <line num="113" count="3" type="stmt"/>
        <line num="118" count="2" type="cond" truecount="1" falsecount="1"/>
        <line num="119" count="2" type="stmt"/>
      </file>
      <file name="comando-perf.ts" path="C:/Users/italo/ORACULO/workspace/oraculo/cli-oraculo/src/cli/comando-perf.ts">
        <metrics statements="67" coveredstatements="65" conditionals="46" coveredconditionals="38" methods="18" coveredmethods="18"/>
        <line num="41" count="4" type="stmt"/>
        <line num="43" count="4" type="stmt"/>
        <line num="44" count="4" type="stmt"/>
        <line num="50" count="0" type="stmt"/>
        <line num="55" count="4" type="stmt"/>
        <line num="63" count="4" type="stmt"/>
        <line num="64" count="4" type="stmt"/>
        <line num="77" count="4" type="stmt"/>
        <line num="79" count="6" type="stmt"/>
        <line num="82" count="4" type="stmt"/>
        <line num="83" count="4" type="stmt"/>
        <line num="84" count="4" type="stmt"/>
        <line num="85" count="4" type="stmt"/>
        <line num="86" count="4" type="stmt"/>
        <line num="87" count="4" type="stmt"/>
        <line num="91" count="12" type="stmt"/>
        <line num="92" count="12" type="stmt"/>
        <line num="93" count="20" type="stmt"/>
        <line num="94" count="12" type="stmt"/>
        <line num="95" count="12" type="stmt"/>
        <line num="96" count="20" type="stmt"/>
        <line num="97" count="20" type="stmt"/>
        <line num="98" count="20" type="cond" truecount="3" falsecount="1"/>
        <line num="103" count="12" type="stmt"/>
        <line num="105" count="0" type="stmt"/>
        <line num="110" count="50" type="cond" truecount="4" falsecount="0"/>
        <line num="111" count="28" type="cond" truecount="4" falsecount="0"/>
        <line num="112" count="16" type="cond" truecount="1" falsecount="1"/>
        <line num="113" count="16" type="stmt"/>
        <line num="117" count="10" type="stmt"/>
        <line num="124" count="10" type="stmt"/>
        <line num="125" count="50" type="stmt"/>
        <line num="126" count="50" type="stmt"/>
        <line num="127" count="50" type="stmt"/>
        <line num="129" count="10" type="stmt"/>
        <line num="134" count="16" type="cond" truecount="1" falsecount="1"/>
        <line num="135" count="16" type="stmt"/>
        <line num="139" count="5" type="stmt"/>
        <line num="146" count="4" type="cond" truecount="1" falsecount="1"/>
        <line num="147" count="4" type="cond" truecount="1" falsecount="1"/>
        <line num="149" count="4" type="stmt"/>
        <line num="153" count="4" type="cond" truecount="2" falsecount="0"/>
        <line num="154" count="4" type="cond" truecount="2" falsecount="0"/>
        <line num="155" count="2" type="stmt"/>
        <line num="157" count="2" type="stmt"/>
        <line num="167" count="12" type="cond" truecount="1" falsecount="1"/>
        <line num="168" count="12" type="cond" truecount="1" falsecount="1"/>
        <line num="169" count="12" type="stmt"/>
        <line num="170" count="12" type="stmt"/>
        <line num="171" count="12" type="cond" truecount="2" falsecount="0"/>
        <line num="172" count="2" type="stmt"/>
        <line num="173" count="2" type="cond" truecount="2" falsecount="0"/>
        <line num="174" count="1" type="stmt"/>
        <line num="175" count="2" type="stmt"/>
        <line num="177" count="10" type="stmt"/>
        <line num="178" count="10" type="stmt"/>
        <line num="179" count="10" type="stmt"/>
        <line num="180" count="10" type="stmt"/>
        <line num="181" count="50" type="cond" truecount="2" falsecount="0"/>
        <line num="182" count="16" type="stmt"/>
        <line num="183" count="10" type="cond" truecount="2" falsecount="0"/>
        <line num="184" count="6" type="stmt"/>
        <line num="198" count="4" type="stmt"/>
[...]
        <line num="51" count="0" type="stmt"/>
        <line num="52" count="0" type="cond" truecount="0" falsecount="2"/>
        <line num="57" count="5" type="stmt"/>
        <line num="59" count="5" type="stmt"/>
        <line num="60" count="5" type="cond" truecount="2" falsecount="0"/>
        <line num="61" count="2" type="stmt"/>
        <line num="62" count="2" type="stmt"/>
        <line num="63" count="2" type="stmt"/>
        <line num="64" count="2" type="stmt"/>
        <line num="65" count="2" type="stmt"/>
        <line num="67" count="2" type="stmt"/>
        <line num="68" count="2" type="stmt"/>
        <line num="69" count="2" type="stmt"/>
        <line num="70" count="2" type="stmt"/>
        <line num="72" count="2" type="stmt"/>
        <line num="74" count="2" type="cond" truecount="1" falsecount="3"/>
        <line num="76" count="0" type="stmt"/>
        <line num="77" count="0" type="stmt"/>
        <line num="79" count="5" type="stmt"/>
        <line num="87" count="5" type="cond" truecount="3" falsecount="1"/>
        <line num="88" count="5" type="stmt"/>
        <line num="91" count="0" type="stmt"/>
        <line num="92" count="0" type="cond" truecount="0" falsecount="2"/>
        <line num="95" count="0" type="stmt"/>
        <line num="99" count="1" type="cond" truecount="3" falsecount="1"/>
        <line num="100" count="0" type="stmt"/>
        <line num="101" count="1" type="stmt"/>
        <line num="102" count="12" type="cond" truecount="1" falsecount="1"/>
        <line num="103" count="12" type="stmt"/>
        <line num="104" count="12" type="cond" truecount="1" falsecount="1"/>
        <line num="105" count="12" type="stmt"/>
        <line num="114" count="3" type="stmt"/>
        <line num="119" count="3" type="stmt"/>
        <line num="120" count="3" type="cond" truecount="3" falsecount="1"/>
        <line num="121" count="3" type="stmt"/>
        <line num="122" count="3" type="cond" truecount="1" falsecount="2"/>
        <line num="123" count="3" type="stmt"/>
        <line num="125" count="3" type="stmt"/>
      </file>
      <file name="poda.ts" path="C:/Users/italo/ORACULO/workspace/oraculo/cli-oraculo/src/zeladores/poda.ts">
        <metrics statements="56" coveredstatements="55" conditionals="17" coveredconditionals="13" methods="12" coveredmethods="12"/>
        <line num="17" count="1" type="stmt"/>
        <line num="18" count="1" type="stmt"/>
        <line num="25" count="7" type="stmt"/>
        <line num="34" count="7" type="stmt"/>
        <line num="35" count="7" type="stmt"/>
        <line num="36" count="7" type="stmt"/>
        <line num="37" count="7" type="stmt"/>
        <line num="45" count="7" type="stmt"/>
        <line num="46" count="7" type="stmt"/>
        <line num="47" count="7" type="stmt"/>
        <line num="48" count="7" type="stmt"/>
        <line num="49" count="7" type="cond" truecount="1" falsecount="1"/>
        <line num="50" count="0" type="stmt"/>
        <line num="52" count="7" type="stmt"/>
        <line num="55" count="7" type="stmt"/>
        <line num="65" count="4" type="stmt"/>
        <line num="68" count="7" type="stmt"/>
        <line num="70" count="7" type="cond" truecount="2" falsecount="0"/>
        <line num="71" count="3" type="stmt"/>
        <line num="74" count="7" type="stmt"/>
        <line num="75" count="7" type="stmt"/>
        <line num="77" count="7" type="stmt"/>
        <line num="83" count="7" type="stmt"/>
        <line num="84" count="7" type="stmt"/>
        <line num="85" count="7" type="stmt"/>
        <line num="86" count="7" type="stmt"/>
        <line num="88" count="7" type="cond" truecount="2" falsecount="0"/>
        <line num="89" count="2" type="stmt"/>
        <line num="90" count="2" type="stmt"/>
        <line num="93" count="2" type="stmt"/>
        <line num="94" count="2" type="stmt"/>
        <line num="97" count="5" type="cond" truecount="2" falsecount="0"/>
        <line num="98" count="3" type="stmt"/>
        <line num="99" count="3" type="stmt"/>
        <line num="100" count="3" type="stmt"/>
        <line num="101" count="3" type="stmt"/>
        <line num="102" count="3" type="stmt"/>
        <line num="105" count="2" type="stmt"/>
        <line num="106" count="2" type="stmt"/>
        <line num="110" count="2" type="stmt"/>
        <line num="111" count="2" type="stmt"/>
        <line num="112" count="3" type="stmt"/>
        <line num="113" count="3" type="stmt"/>
        <line num="115" count="2" type="stmt"/>
        <line num="123" count="3" type="stmt"/>
        <line num="125" count="3" type="stmt"/>
        <line num="127" count="4" type="stmt"/>
        <line num="128" count="4" type="stmt"/>
        <line num="129" count="4" type="stmt"/>
        <line num="130" count="4" type="stmt"/>
        <line num="131" count="4" type="stmt"/>
        <line num="132" count="4" type="stmt"/>
        <line num="134" count="4" type="stmt"/>
        <line num="135" count="1" type="stmt"/>
        <line num="140" count="1" type="stmt"/>
        <line num="142" count="3" type="stmt"/>
      </file>
    </package>
    <package name="zeladores.util">
      <metrics statements="226" coveredstatements="221" conditionals="187" coveredconditionals="163" methods="43" coveredmethods="42"/>
      <file name="estrutura.ts" path="C:/Users/italo/ORACULO/workspace/oraculo/cli-oraculo/src/zeladores/util/estrutura.ts">
        <metrics statements="67" coveredstatements="67" conditionals="64" coveredconditionals="57" methods="8" coveredmethods="8"/>
        <line num="16" count="71" type="stmt"/>
        <line num="39" count="71" type="stmt"/>
        <line num="48" count="71" type="stmt"/>
        <line num="90" count="78" type="stmt"/>
        <line num="94" count="11" type="stmt"/>
        <line num="100" count="11" type="stmt"/>
        <line num="101" count="52" type="stmt"/>
        <line num="102" count="52" type="cond" truecount="2" falsecount="0"/>
        <line num="103" count="51" type="cond" truecount="1" falsecount="1"/>
        <line num="104" count="51" type="cond" truecount="2" falsecount="0"/>
        <line num="105" count="49" type="cond" truecount="2" falsecount="0"/>
        <line num="109" count="48" type="cond" truecount="2" falsecount="0"/>
        <line num="110" count="46" type="cond" truecount="2" falsecount="0"/>
        <line num="111" count="28" type="stmt"/>
        <line num="112" count="28" type="cond" truecount="1" falsecount="1"/>
        <line num="114" count="46" type="stmt"/>
        <line num="119" count="19" type="stmt"/>
        <line num="120" count="19" type="stmt"/>
        <line num="123" count="266" type="stmt"/>
        <line num="125" count="19" type="stmt"/>
        <line num="126" count="19" type="cond" truecount="2" falsecount="0"/>
        <line num="127" count="9" type="stmt"/>
        <line num="128" count="9" type="cond" truecount="2" falsecount="0"/>
        <line num="131" count="11" type="stmt"/>
        <line num="132" count="11" type="cond" truecount="2" falsecount="0"/>
        <line num="133" count="4" type="stmt"/>
        <line num="134" count="4" type="cond" truecount="1" falsecount="1"/>
        <line num="138" count="7" type="stmt"/>
        <line num="141" count="7" type="cond" truecount="2" falsecount="0"/>
        <line num="142" count="4" type="stmt"/>
        <line num="144" count="3" type="stmt"/>
        <line num="154" count="3" type="stmt"/>
        <line num="155" count="22" type="cond" truecount="4" falsecount="0"/>
        <line num="156" count="1" type="stmt"/>
        <line num="157" count="1" type="cond" truecount="1" falsecount="1"/>
        <line num="160" count="2" type="stmt"/>
        <line num="169" count="10" type="stmt"/>
        <line num="170" count="10" type="stmt"/>
        <line num="171" count="10" type="cond" truecount="2" falsecount="0"/>
        <line num="174" count="9" type="stmt"/>
        <line num="175" count="9" type="cond" truecount="4" falsecount="0"/>
        <line num="176" count="9" type="cond" truecount="4" falsecount="0"/>
        <line num="177" count="4" type="stmt"/>
        <line num="181" count="4" type="stmt"/>
        <line num="182" count="4" type="stmt"/>
        <line num="184" count="5" type="stmt"/>
        <line num="194" count="7" type="stmt"/>
        <line num="195" count="7" type="stmt"/>
        <line num="196" count="7" type="cond" truecount="3" falsecount="2"/>
        <line num="200" count="7" type="cond" truecount="3" falsecount="0"/>
        <line num="203" count="7" type="cond" truecount="1" falsecount="1"/>
        <line num="206" count="7" type="stmt"/>
        <line num="207" count="7" type="stmt"/>
        <line num="208" count="21" type="cond" truecount="2" falsecount="0"/>
        <line num="209" count="20" type="cond" truecount="2" falsecount="0"/>
        <line num="210" count="20" type="cond" truecount="2" falsecount="0"/>
        <line num="211" count="10" type="stmt"/>
        <line num="212" count="20" type="cond" truecount="2" falsecount="0"/>
        <line num="213" count="20" type="cond" truecount="2" falsecount="0"/>
        <line num="214" count="11" type="stmt"/>
        <line num="218" count="20" type="cond" truecount="4" falsecount="0"/>
        <line num="219" count="6" type="stmt"/>
        <line num="221" count="7" type="stmt"/>
        <line num="222" count="7" type="stmt"/>
        <line num="223" count="7" type="stmt"/>
        <line num="226" count="7" type="stmt"/>
        <line num="227" count="7" type="stmt"/>
      </file>
      <file name="helpers-analistas.ts" path="C:/Users/italo/ORACULO/workspace/oraculo/cli-oraculo/src/zeladores/util/helpers-analistas.ts">
        <metrics statements="2" coveredstatements="2" conditionals="4" coveredconditionals="4" methods="2" coveredmethods="2"/>
        <line num="8" count="11" type="cond" truecount="2" falsecount="0"/>
        <line num="15" count="15" type="cond" truecount="2" falsecount="0"/>
      </file>
      <file name="imports.ts" path="C:/Users/italo/ORACULO/workspace/oraculo/cli-oraculo/src/zeladores/util/imports.ts">
        <metrics statements="26" coveredstatements="26" conditionals="21" coveredconditionals="19" methods="3" coveredmethods="3"/>
        <line num="20" count="3" type="stmt"/>
        <line num="21" count="13" type="stmt"/>
        <line num="22" count="3" type="stmt"/>
        <line num="23" count="3" type="stmt"/>
        <line num="25" count="3" type="stmt"/>
        <line num="27" count="3" type="stmt"/>
        <line num="28" count="9" type="cond" truecount="3" falsecount="0"/>
        <line num="29" count="9" type="cond" truecount="1" falsecount="1"/>
        <line num="31" count="9" type="stmt"/>
        <line num="32" count="9" type="cond" truecount="6" falsecount="0"/>
        <line num="33" count="2" type="stmt"/>
        <line num="35" count="7" type="cond" truecount="4" falsecount="0"/>
        <line num="37" count="3" type="cond" truecount="2" falsecount="0"/>
        <line num="40" count="3" type="stmt"/>
        <line num="42" count="3" type="stmt"/>
        <line num="43" count="3" type="cond" truecount="1" falsecount="1"/>
        <line num="47" count="3" type="stmt"/>
        <line num="53" count="3" type="stmt"/>
        <line num="55" count="4" type="stmt"/>
        <line num="57" count="7" type="stmt"/>
        <line num="59" count="7" type="stmt"/>
        <line num="61" count="7" type="stmt"/>
        <line num="63" count="7" type="cond" truecount="2" falsecount="0"/>
        <line num="64" count="7" type="stmt"/>
        <line num="65" count="7" type="stmt"/>
        <line num="68" count="3" type="stmt"/>
      </file>
      <file name="leitor-relatorio.ts" path="C:/Users/italo/ORACULO/workspace/oraculo/cli-oraculo/src/zeladores/util/leitor-relatorio.ts">
        <metrics statements="26" coveredstatements="24" conditionals="21" coveredconditionals="16" methods="3" coveredmethods="3"/>
        <line num="30" count="6" type="cond" truecount="2" falsecount="0"/>
        <line num="32" count="6" type="stmt"/>
        <line num="34" count="6" type="stmt"/>
        <line num="36" count="6" type="cond" truecount="2" falsecount="0"/>
        <line num="37" count="1" type="stmt"/>
        <line num="43" count="5" type="stmt"/>
        <line num="44" count="5" type="stmt"/>
        <line num="47" count="5" type="cond" truecount="2" falsecount="0"/>
        <line num="48" count="2" type="stmt"/>
        <line num="49" count="2" type="cond" truecount="2" falsecount="0"/>
        <line num="50" count="1" type="stmt"/>
        <line num="58" count="4" type="cond" truecount="5" falsecount="0"/>
        <line num="59" count="2" type="stmt"/>
        <line num="63" count="2" type="stmt"/>
        <line num="67" count="4" type="cond" truecount="1" falsecount="1"/>
        <line num="69" count="4" type="stmt"/>
        <line num="76" count="0" type="stmt"/>
        <line num="93" count="1" type="stmt"/>
        <line num="99" count="1" type="stmt"/>
        <line num="115" count="3" type="stmt"/>
        <line num="116" count="3" type="stmt"/>
        <line num="118" count="2" type="cond" truecount="1" falsecount="1"/>
        <line num="119" count="0" type="stmt"/>
        <line num="125" count="2" type="stmt"/>
        <line num="127" count="2" type="stmt"/>
        <line num="133" count="1" type="stmt"/>
      </file>
      <file name="persistencia.ts" path="C:/Users/italo/ORACULO/workspace/oraculo/cli-oraculo/src/zeladores/util/persistencia.ts">
        <metrics statements="88" coveredstatements="85" conditionals="58" coveredconditionals="49" methods="22" coveredmethods="21"/>
        <line num="6" count="128" type="stmt"/>
        <line num="7" count="128" type="cond" truecount="2" falsecount="0"/>
        <line num="10" count="8" type="stmt"/>
        <line num="12" count="8" type="stmt"/>
        <line num="14" count="4" type="stmt"/>
        <line num="21" count="48" type="cond" truecount="6" falsecount="0"/>
        <line num="22" count="6" type="stmt"/>
        <line num="23" count="6" type="cond" truecount="2" falsecount="0"/>
        <line num="24" count="2" type="stmt"/>
        <line num="29" count="2411" type="cond" truecount="4" falsecount="0"/>
        <line num="30" count="2402" type="cond" truecount="2" falsecount="0"/>
        <line num="31" count="2205" type="cond" truecount="2" falsecount="0"/>
        <line num="32" count="391" type="stmt"/>
        <line num="33" count="391" type="stmt"/>
        <line num="34" count="2026" type="stmt"/>
        <line num="35" count="391" type="stmt"/>
        <line num="37" count="1814" type="stmt"/>
        <line num="41" count="37" type="stmt"/>
        <line num="49" count="11778" type="stmt"/>
        <line num="50" count="11778" type="stmt"/>
        <line num="51" count="11762" type="stmt"/>
        <line num="52" count="11762" type="stmt"/>
        <line num="55" count="11119" type="cond" truecount="2" falsecount="0"/>
        <line num="58" count="16" type="cond" truecount="2" falsecount="0"/>
        <line num="64" count="45" type="stmt"/>
        <line num="65" count="44" type="stmt"/>
        <line num="66" count="44" type="stmt"/>
        <line num="67" count="44" type="stmt"/>
        <line num="68" count="44" type="cond" truecount="2" falsecount="0"/>
        <line num="69" count="44" type="stmt"/>
        <line num="71" count="44" type="stmt"/>
        <line num="72" count="44" type="stmt"/>
        <line num="77" count="4" type="stmt"/>
        <line num="78" count="4" type="stmt"/>
        <line num="80" count="2" type="stmt"/>
        <line num="86" count="3" type="stmt"/>
        <line num="87" count="2" type="stmt"/>
        <line num="88" count="2" type="stmt"/>
        <line num="89" count="2" type="stmt"/>
        <line num="90" count="2" type="stmt"/>
        <line num="91" count="2" type="stmt"/>
        <line num="92" count="2" type="stmt"/>
        <line num="98" count="11782" type="stmt"/>
        <line num="99" count="11782" type="cond" truecount="2" falsecount="0"/>
        <line num="100" count="11780" type="cond" truecount="1" falsecount="1"/>
        <line num="103" count="2" type="stmt"/>
        <line num="104" count="2" type="cond" truecount="2" falsecount="0"/>
        <line num="105" count="1" type="stmt"/>
        <line num="107" count="1" type="stmt"/>
        <line num="113" count="1" type="cond" truecount="1" falsecount="1"/>
        <line num="114" count="1" type="stmt"/>
        <line num="119" count="1" type="stmt"/>
        <line num="127" count="46" type="stmt"/>
        <line num="134" count="46" type="cond" truecount="2" falsecount="0"/>
        <line num="135" count="44" type="stmt"/>
        <line num="136" count="44" type="stmt"/>
        <line num="139" count="2" type="stmt"/>
        <line num="140" count="2" type="cond" truecount="2" falsecount="0"/>
        <line num="141" count="1" type="stmt"/>
        <line num="143" count="1" type="stmt"/>
        <line num="149" count="1" type="cond" truecount="1" falsecount="1"/>
        <line num="151" count="1" type="stmt"/>
        <line num="154" count="1" type="cond" truecount="1" falsecount="1"/>
        <line num="155" count="0" type="stmt"/>
        <line num="159" count="46" type="stmt"/>
        <line num="160" count="46" type="cond" truecount="2" falsecount="0"/>
        <line num="161" count="44" type="stmt"/>
        <line num="162" count="44" type="stmt"/>
        <line num="164" count="2" type="stmt"/>
        <line num="165" count="2" type="cond" truecount="2" falsecount="0"/>
        <line num="166" count="1" type="stmt"/>
        <line num="167" count="1" type="stmt"/>
        <line num="170" count="1" type="cond" truecount="1" falsecount="1"/>
        <line num="173" count="1" type="stmt"/>
        <line num="175" count="1" type="cond" truecount="1" falsecount="1"/>
        <line num="176" count="0" type="stmt"/>
        <line num="183" count="46" type="stmt"/>
        <line num="186" count="46" type="cond" truecount="2" falsecount="0"/>
        <line num="187" count="44" type="stmt"/>
        <line num="188" count="44" type="stmt"/>
        <line num="190" count="2" type="stmt"/>
        <line num="191" count="2" type="cond" truecount="2" falsecount="0"/>
        <line num="192" count="1" type="stmt"/>
        <line num="194" count="1" type="stmt"/>
        <line num="199" count="1" type="cond" truecount="1" falsecount="1"/>
        <line num="201" count="1" type="stmt"/>
        <line num="203" count="1" type="cond" truecount="1" falsecount="1"/>
        <line num="204" count="0" type="stmt"/>
      </file>
      <file name="validacao.ts" path="C:/Users/italo/ORACULO/workspace/oraculo/cli-oraculo/src/zeladores/util/validacao.ts">
        <metrics statements="17" coveredstatements="17" conditionals="19" coveredconditionals="18" methods="5" coveredmethods="5"/>
        <line num="6" count="2" type="stmt"/>
        <line num="7" count="2" type="cond" truecount="1" falsecount="1"/>
        <line num="8" count="2" type="stmt"/>
        <line num="9" count="2" type="cond" truecount="2" falsecount="0"/>
        <line num="10" count="1" type="stmt"/>
        <line num="14" count="4" type="cond" truecount="5" falsecount="0"/>
        <line num="15" count="3" type="stmt"/>
        <line num="16" count="3" type="cond" truecount="4" falsecount="0"/>
        <line num="17" count="2" type="stmt"/>
        <line num="27" count="4" type="stmt"/>
        <line num="28" count="4" type="cond" truecount="4" falsecount="0"/>
        <line num="29" count="2" type="stmt"/>
        <line num="34" count="4" type="stmt"/>
        <line num="38" count="3" type="stmt"/>
        <line num="39" count="3" type="cond" truecount="2" falsecount="0"/>
        <line num="40" count="1" type="stmt"/>
        <line num="41" count="1" type="stmt"/>
      </file>
    </package>
  </project>
</coverage>
