{"C:/Users/italo/ORACULO/workspace/oraculo/cli-oraculo/src/analistas/analista-funcoes-longas.ts": {"path":"C:/Users/italo/ORACULO/workspace/oraculo/cli-oraculo/src/analistas/analista-funcoes-longas.ts","statementMap":{"0":{"start":{"line":13,"column":22},"end":{"line":13,"column":null}},"1":{"start":{"line":14,"column":26},"end":{"line":14,"column":null}},"2":{"start":{"line":15,"column":27},"end":{"line":15,"column":null}},"3":{"start":{"line":17,"column":37},"end":{"line":177,"column":null}},"4":{"start":{"line":19,"column":38},"end":{"line":19,"column":null}},"5":{"start":{"line":25,"column":6},"end":{"line":35,"column":null}},"6":{"start":{"line":34,"column":8},"end":{"line":34,"column":null}},"7":{"start":{"line":37,"column":24},"end":{"line":37,"column":null}},"8":{"start":{"line":38,"column":22},"end":{"line":38,"column":null}},"9":{"start":{"line":39,"column":21},"end":{"line":39,"column":null}},"10":{"start":{"line":40,"column":6},"end":{"line":51,"column":null}},"11":{"start":{"line":41,"column":8},"end":{"line":50,"column":null}},"12":{"start":{"line":53,"column":6},"end":{"line":64,"column":null}},"13":{"start":{"line":54,"column":8},"end":{"line":63,"column":null}},"14":{"start":{"line":67,"column":6},"end":{"line":78,"column":null}},"15":{"start":{"line":68,"column":8},"end":{"line":77,"column":null}},"16":{"start":{"line":81,"column":6},"end":{"line":92,"column":null}},"17":{"start":{"line":82,"column":8},"end":{"line":91,"column":null}},"18":{"start":{"line":96,"column":19},"end":{"line":96,"column":null}},"19":{"start":{"line":97,"column":20},"end":{"line":97,"column":null}},"20":{"start":{"line":98,"column":6},"end":{"line":108,"column":null}},"21":{"start":{"line":103,"column":8},"end":{"line":106,"column":null}},"22":{"start":{"line":107,"column":8},"end":{"line":107,"column":null}},"23":{"start":{"line":109,"column":6},"end":{"line":121,"column":null}},"24":{"start":{"line":110,"column":9},"end":{"line":120,"column":null}},"25":{"start":{"line":112,"column":12},"end":{"line":112,"column":null}},"26":{"start":{"line":115,"column":12},"end":{"line":115,"column":null}},"27":{"start":{"line":118,"column":12},"end":{"line":118,"column":null}},"28":{"start":{"line":126,"column":4},"end":{"line":129,"column":null}},"29":{"start":{"line":127,"column":6},"end":{"line":127,"column":null}},"30":{"start":{"line":128,"column":6},"end":{"line":128,"column":null}},"31":{"start":{"line":133,"column":6},"end":{"line":145,"column":null}},"32":{"start":{"line":147,"column":4},"end":{"line":161,"column":null}},"33":{"start":{"line":148,"column":19},"end":{"line":148,"column":null}},"34":{"start":{"line":149,"column":6},"end":{"line":159,"column":null}},"35":{"start":{"line":150,"column":8},"end":{"line":158,"column":null}},"36":{"start":{"line":157,"column":10},"end":{"line":157,"column":null}},"37":{"start":{"line":160,"column":6},"end":{"line":160,"column":null}},"38":{"start":{"line":164,"column":4},"end":{"line":164,"column":null}},"39":{"start":{"line":175,"column":38},"end":{"line":175,"column":null}}},"fnMap":{"0":{"name":"(anonymous_0)","decl":{"start":{"line":18,"column":11},"end":{"line":18,"column":21}},"loc":{"start":{"line":18,"column":93},"end":{"line":165,"column":null}}},"1":{"name":"analisar","decl":{"start":{"line":21,"column":13},"end":{"line":21,"column":null}},"loc":{"start":{"line":24,"column":12},"end":{"line":93,"column":null}}},"2":{"name":"analisarRecursivo","decl":{"start":{"line":95,"column":13},"end":{"line":95,"column":31}},"loc":{"start":{"line":95,"column":98},"end":{"line":122,"column":null}}},"3":{"name":"(anonymous_3)","decl":{"start":{"line":111,"column":10},"end":{"line":111,"column":30}},"loc":{"start":{"line":111,"column":43},"end":{"line":113,"column":null}}},"4":{"name":"(anonymous_4)","decl":{"start":{"line":114,"column":10},"end":{"line":114,"column":29}},"loc":{"start":{"line":114,"column":42},"end":{"line":116,"column":null}}},"5":{"name":"(anonymous_5)","decl":{"start":{"line":117,"column":10},"end":{"line":117,"column":34}},"loc":{"start":{"line":117,"column":47},"end":{"line":119,"column":null}}},"6":{"name":"(anonymous_6)","decl":{"start":{"line":175,"column":8},"end":{"line":175,"column":9}},"loc":{"start":{"line":175,"column":38},"end":{"line":175,"column":null}}}},"branchMap":{"0":{"loc":{"start":{"line":13,"column":22},"end":{"line":13,"column":null}},"type":"binary-expr","locations":[{"start":{"line":13,"column":22},"end":{"line":13,"column":76}},{"start":{"line":13,"column":76},"end":{"line":13,"column":null}}]},"1":{"loc":{"start":{"line":14,"column":26},"end":{"line":14,"column":null}},"type":"binary-expr","locations":[{"start":{"line":14,"column":26},"end":{"line":14,"column":84}},{"start":{"line":14,"column":84},"end":{"line":14,"column":null}}]},"2":{"loc":{"start":{"line":15,"column":27},"end":{"line":15,"column":null}},"type":"binary-expr","locations":[{"start":{"line":15,"column":27},"end":{"line":15,"column":86}},{"start":{"line":15,"column":86},"end":{"line":15,"column":null}}]},"3":{"loc":{"start":{"line":23,"column":6},"end":{"line":23,"column":null}},"type":"default-arg","locations":[{"start":{"line":23,"column":29},"end":{"line":23,"column":null}}]},"4":{"loc":{"start":{"line":25,"column":6},"end":{"line":35,"column":null}},"type":"if","locations":[{"start":{"line":25,"column":6},"end":{"line":35,"column":null}},{"start":{},"end":{}}]},"5":{"loc":{"start":{"line":26,"column":8},"end":{"line":32,"column":null}},"type":"binary-expr","locations":[{"start":{"line":26,"column":8},"end":{"line":26,"column":null}},{"start":{"line":27,"column":8},"end":{"line":27,"column":null}},{"start":{"line":28,"column":8},"end":{"line":28,"column":null}},{"start":{"line":29,"column":8},"end":{"line":29,"column":null}},{"start":{"line":30,"column":8},"end":{"line":30,"column":null}},{"start":{"line":31,"column":8},"end":{"line":31,"column":null}},{"start":{"line":32,"column":8},"end":{"line":32,"column":null}}]},"6":{"loc":{"start":{"line":40,"column":6},"end":{"line":51,"column":null}},"type":"if","locations":[{"start":{"line":40,"column":6},"end":{"line":51,"column":null}},{"start":{},"end":{}}]},"7":{"loc":{"start":{"line":53,"column":6},"end":{"line":64,"column":null}},"type":"if","locations":[{"start":{"line":53,"column":6},"end":{"line":64,"column":null}},{"start":{},"end":{}}]},"8":{"loc":{"start":{"line":53,"column":10},"end":{"line":53,"column":89}},"type":"binary-expr","locations":[{"start":{"line":53,"column":10},"end":{"line":53,"column":23}},{"start":{"line":53,"column":23},"end":{"line":53,"column":51}},{"start":{"line":53,"column":51},"end":{"line":53,"column":89}}]},"9":{"loc":{"start":{"line":67,"column":6},"end":{"line":78,"column":null}},"type":"if","locations":[{"start":{"line":67,"column":6},"end":{"line":78,"column":null}},{"start":{},"end":{}}]},"10":{"loc":{"start":{"line":81,"column":6},"end":{"line":92,"column":null}},"type":"if","locations":[{"start":{"line":81,"column":6},"end":{"line":92,"column":null}},{"start":{},"end":{}}]},"11":{"loc":{"start":{"line":81,"column":10},"end":{"line":81,"column":73}},"type":"binary-expr","locations":[{"start":{"line":81,"column":10},"end":{"line":81,"column":40}},{"start":{"line":81,"column":40},"end":{"line":81,"column":73}}]},"12":{"loc":{"start":{"line":95,"column":73},"end":{"line":95,"column":98}},"type":"default-arg","locations":[{"start":{"line":95,"column":95},"end":{"line":95,"column":98}}]},"13":{"loc":{"start":{"line":96,"column":19},"end":{"line":96,"column":null}},"type":"cond-expr","locations":[{"start":{"line":96,"column":36},"end":{"line":96,"column":48}},{"start":{"line":96,"column":48},"end":{"line":96,"column":null}}]},"14":{"loc":{"start":{"line":98,"column":6},"end":{"line":108,"column":null}},"type":"if","locations":[{"start":{"line":98,"column":6},"end":{"line":108,"column":null}},{"start":{},"end":{}}]},"15":{"loc":{"start":{"line":99,"column":8},"end":{"line":101,"column":null}},"type":"binary-expr","locations":[{"start":{"line":99,"column":8},"end":{"line":99,"column":null}},{"start":{"line":100,"column":8},"end":{"line":100,"column":null}},{"start":{"line":101,"column":8},"end":{"line":101,"column":null}}]},"16":{"loc":{"start":{"line":109,"column":6},"end":{"line":121,"column":null}},"type":"if","locations":[{"start":{"line":109,"column":6},"end":{"line":121,"column":null}},{"start":{},"end":{}}]},"17":{"loc":{"start":{"line":126,"column":4},"end":{"line":129,"column":null}},"type":"if","locations":[{"start":{"line":126,"column":4},"end":{"line":129,"column":null}},{"start":{},"end":{}}]},"18":{"loc":{"start":{"line":126,"column":8},"end":{"line":126,"column":51}},"type":"binary-expr","locations":[{"start":{"line":126,"column":8},"end":{"line":126,"column":15}},{"start":{"line":126,"column":15},"end":{"line":126,"column":51}}]},"19":{"loc":{"start":{"line":133,"column":6},"end":{"line":145,"column":null}},"type":"cond-expr","locations":[{"start":{"line":139,"column":12},"end":{"line":139,"column":null}},{"start":{"line":140,"column":10},"end":{"line":145,"column":null}}]},"20":{"loc":{"start":{"line":133,"column":6},"end":{"line":138,"column":null}},"type":"binary-expr","locations":[{"start":{"line":133,"column":6},"end":{"line":133,"column":null}},{"start":{"line":134,"column":6},"end":{"line":134,"column":null}},{"start":{"line":135,"column":6},"end":{"line":135,"column":null}},{"start":{"line":136,"column":7},"end":{"line":136,"column":null}},{"start":{"line":137,"column":7},"end":{"line":137,"column":null}},{"start":{"line":138,"column":6},"end":{"line":138,"column":null}}]},"21":{"loc":{"start":{"line":140,"column":10},"end":{"line":145,"column":null}},"type":"cond-expr","locations":[{"start":{"line":144,"column":13},"end":{"line":144,"column":null}},{"start":{"line":145,"column":12},"end":{"line":145,"column":null}}]},"22":{"loc":{"start":{"line":140,"column":10},"end":{"line":143,"column":null}},"type":"binary-expr","locations":[{"start":{"line":140,"column":10},"end":{"line":140,"column":null}},{"start":{"line":141,"column":12},"end":{"line":141,"column":null}},{"start":{"line":142,"column":13},"end":{"line":142,"column":null}},{"start":{"line":143,"column":12},"end":{"line":143,"column":null}}]},"23":{"loc":{"start":{"line":147,"column":4},"end":{"line":161,"column":null}},"type":"if","locations":[{"start":{"line":147,"column":4},"end":{"line":161,"column":null}},{"start":{},"end":{}}]},"24":{"loc":{"start":{"line":150,"column":8},"end":{"line":158,"column":null}},"type":"if","locations":[{"start":{"line":150,"column":8},"end":{"line":158,"column":null}},{"start":{},"end":{}}]},"25":{"loc":{"start":{"line":151,"column":10},"end":{"line":155,"column":null}},"type":"binary-expr","locations":[{"start":{"line":151,"column":10},"end":{"line":151,"column":null}},{"start":{"line":152,"column":10},"end":{"line":152,"column":null}},{"start":{"line":153,"column":12},"end":{"line":153,"column":null}},{"start":{"line":154,"column":13},"end":{"line":154,"column":null}},{"start":{"line":155,"column":13},"end":{"line":155,"column":null}}]},"26":{"loc":{"start":{"line":175,"column":38},"end":{"line":175,"column":null}},"type":"binary-expr","locations":[{"start":{"line":175,"column":38},"end":{"line":175,"column":65}},{"start":{"line":175,"column":65},"end":{"line":175,"column":null}}]}},"s":{"0":79,"1":79,"2":79,"3":79,"4":27,"5":34,"6":2,"7":32,"8":32,"9":32,"10":32,"11":7,"12":32,"13":2,"14":32,"15":8,"16":32,"17":9,"18":18,"19":18,"20":18,"21":16,"22":16,"23":18,"24":16,"25":7,"26":1,"27":6,"28":27,"29":4,"30":4,"31":23,"32":23,"33":18,"34":18,"35":18,"36":18,"37":18,"38":5,"39":6},"f":{"0":27,"1":34,"2":18,"3":7,"4":1,"5":6,"6":6},"b":{"0":[79,45],"1":[79,45],"2":[79,45],"3":[0],"4":[2,32],"5":[34,33,33,33,32,32,32],"6":[7,25],"7":[2,30],"8":[32,27,27],"9":[8,24],"10":[9,23],"11":[32,26],"12":[0],"13":[18,0],"14":[16,2],"15":[18,10,9],"16":[16,2],"17":[4,23],"18":[27,25],"19":[17,6],"20":[23,21,21,19,19,18],"21":[1,5],"22":[6,4,4,1],"23":[18,5],"24":[18,0],"25":[18,18,18,2,1],"26":[6,4]}}
,"C:/Users/italo/ORACULO/workspace/oraculo/cli-oraculo/src/analistas/analista-padroes-uso.ts": {"path":"C:/Users/italo/ORACULO/workspace/oraculo/cli-oraculo/src/analistas/analista-padroes-uso.ts","statementMap":{"0":{"start":{"line":15,"column":51},"end":{"line":23,"column":null}},"1":{"start":{"line":25,"column":34},"end":{"line":188,"column":null}},"2":{"start":{"line":28,"column":38},"end":{"line":28,"column":null}},"3":{"start":{"line":36,"column":38},"end":{"line":36,"column":null}},"4":{"start":{"line":38,"column":22},"end":{"line":38,"column":null}},"5":{"start":{"line":39,"column":4},"end":{"line":48,"column":null}},"6":{"start":{"line":40,"column":6},"end":{"line":40,"column":null}},"7":{"start":{"line":41,"column":6},"end":{"line":41,"column":null}},"8":{"start":{"line":42,"column":6},"end":{"line":42,"column":null}},"9":{"start":{"line":43,"column":6},"end":{"line":43,"column":null}},"10":{"start":{"line":44,"column":6},"end":{"line":44,"column":null}},"11":{"start":{"line":45,"column":6},"end":{"line":45,"column":null}},"12":{"start":{"line":46,"column":6},"end":{"line":46,"column":null}},"13":{"start":{"line":47,"column":6},"end":{"line":47,"column":null}},"14":{"start":{"line":50,"column":4},"end":{"line":50,"column":null}},"15":{"start":{"line":50,"column":19},"end":{"line":50,"column":null}},"16":{"start":{"line":52,"column":4},"end":{"line":184,"column":null}},"17":{"start":{"line":53,"column":22},"end":{"line":53,"column":null}},"18":{"start":{"line":54,"column":19},"end":{"line":54,"column":null}},"19":{"start":{"line":55,"column":6},"end":{"line":55,"column":null}},"20":{"start":{"line":55,"column":43},"end":{"line":55,"column":null}},"21":{"start":{"line":56,"column":20},"end":{"line":56,"column":null}},"22":{"start":{"line":57,"column":6},"end":{"line":57,"column":null}},"23":{"start":{"line":57,"column":49},"end":{"line":57,"column":null}},"24":{"start":{"line":58,"column":22},"end":{"line":58,"column":null}},"25":{"start":{"line":60,"column":6},"end":{"line":183,"column":null}},"26":{"start":{"line":61,"column":8},"end":{"line":175,"column":null}},"27":{"start":{"line":63,"column":25},"end":{"line":63,"column":null}},"28":{"start":{"line":65,"column":12},"end":{"line":74,"column":null}},"29":{"start":{"line":66,"column":14},"end":{"line":66,"column":null}},"30":{"start":{"line":67,"column":14},"end":{"line":73,"column":null}},"31":{"start":{"line":75,"column":12},"end":{"line":84,"column":null}},"32":{"start":{"line":76,"column":14},"end":{"line":76,"column":null}},"33":{"start":{"line":77,"column":14},"end":{"line":83,"column":null}},"34":{"start":{"line":85,"column":12},"end":{"line":87,"column":null}},"35":{"start":{"line":86,"column":14},"end":{"line":86,"column":null}},"36":{"start":{"line":88,"column":12},"end":{"line":112,"column":null}},"37":{"start":{"line":89,"column":27},"end":{"line":89,"column":null}},"38":{"start":{"line":90,"column":14},"end":{"line":101,"column":null}},"39":{"start":{"line":91,"column":16},"end":{"line":91,"column":null}},"40":{"start":{"line":92,"column":16},"end":{"line":100,"column":null}},"41":{"start":{"line":93,"column":18},"end":{"line":99,"column":null}},"42":{"start":{"line":102,"column":14},"end":{"line":111,"column":null}},"43":{"start":{"line":103,"column":16},"end":{"line":103,"column":null}},"44":{"start":{"line":104,"column":16},"end":{"line":110,"column":null}},"45":{"start":{"line":113,"column":12},"end":{"line":115,"column":null}},"46":{"start":{"line":114,"column":14},"end":{"line":114,"column":null}},"47":{"start":{"line":116,"column":12},"end":{"line":133,"column":null}},"48":{"start":{"line":126,"column":14},"end":{"line":132,"column":null}},"49":{"start":{"line":134,"column":12},"end":{"line":143,"column":null}},"50":{"start":{"line":135,"column":14},"end":{"line":135,"column":null}},"51":{"start":{"line":136,"column":14},"end":{"line":142,"column":null}},"52":{"start":{"line":144,"column":12},"end":{"line":156,"column":null}},"53":{"start":{"line":149,"column":14},"end":{"line":155,"column":null}},"54":{"start":{"line":158,"column":12},"end":{"line":173,"column":null}},"55":{"start":{"line":166,"column":14},"end":{"line":172,"column":null}},"56":{"start":{"line":177,"column":8},"end":{"line":182,"column":null}},"57":{"start":{"line":186,"column":4},"end":{"line":186,"column":null}}},"fnMap":{"0":{"name":"(anonymous_0)","decl":{"start":{"line":28,"column":8},"end":{"line":28,"column":9}},"loc":{"start":{"line":28,"column":38},"end":{"line":28,"column":null}}},"1":{"name":"(anonymous_1)","decl":{"start":{"line":29,"column":11},"end":{"line":29,"column":null}},"loc":{"start":{"line":35,"column":32},"end":{"line":187,"column":null}}},"2":{"name":"(anonymous_2)","decl":{"start":{"line":62,"column":10},"end":{"line":62,"column":16}},"loc":{"start":{"line":62,"column":40},"end":{"line":174,"column":null}}}},"branchMap":{"0":{"loc":{"start":{"line":28,"column":38},"end":{"line":28,"column":null}},"type":"binary-expr","locations":[{"start":{"line":28,"column":38},"end":{"line":28,"column":65}},{"start":{"line":28,"column":65},"end":{"line":28,"column":null}}]},"1":{"loc":{"start":{"line":39,"column":4},"end":{"line":48,"column":null}},"type":"if","locations":[{"start":{"line":39,"column":4},"end":{"line":48,"column":null}},{"start":{},"end":{}}]},"2":{"loc":{"start":{"line":50,"column":4},"end":{"line":50,"column":null}},"type":"if","locations":[{"start":{"line":50,"column":4},"end":{"line":50,"column":null}},{"start":{},"end":{}}]},"3":{"loc":{"start":{"line":54,"column":19},"end":{"line":54,"column":null}},"type":"binary-expr","locations":[{"start":{"line":54,"column":19},"end":{"line":54,"column":31}},{"start":{"line":54,"column":31},"end":{"line":54,"column":71}},{"start":{"line":54,"column":71},"end":{"line":54,"column":null}}]},"4":{"loc":{"start":{"line":55,"column":6},"end":{"line":55,"column":null}},"type":"if","locations":[{"start":{"line":55,"column":6},"end":{"line":55,"column":null}},{"start":{},"end":{}}]},"5":{"loc":{"start":{"line":55,"column":10},"end":{"line":55,"column":43}},"type":"binary-expr","locations":[{"start":{"line":55,"column":10},"end":{"line":55,"column":18}},{"start":{"line":55,"column":18},"end":{"line":55,"column":43}}]},"6":{"loc":{"start":{"line":57,"column":6},"end":{"line":57,"column":null}},"type":"if","locations":[{"start":{"line":57,"column":6},"end":{"line":57,"column":null}},{"start":{},"end":{}}]},"7":{"loc":{"start":{"line":57,"column":10},"end":{"line":57,"column":49}},"type":"binary-expr","locations":[{"start":{"line":57,"column":10},"end":{"line":57,"column":29}},{"start":{"line":57,"column":29},"end":{"line":57,"column":49}}]},"8":{"loc":{"start":{"line":58,"column":22},"end":{"line":58,"column":null}},"type":"binary-expr","locations":[{"start":{"line":58,"column":22},"end":{"line":58,"column":38}},{"start":{"line":58,"column":38},"end":{"line":58,"column":null}}]},"9":{"loc":{"start":{"line":65,"column":12},"end":{"line":74,"column":null}},"type":"if","locations":[{"start":{"line":65,"column":12},"end":{"line":74,"column":null}},{"start":{},"end":{}}]},"10":{"loc":{"start":{"line":65,"column":16},"end":{"line":65,"column":70}},"type":"binary-expr","locations":[{"start":{"line":65,"column":16},"end":{"line":65,"column":49}},{"start":{"line":65,"column":49},"end":{"line":65,"column":70}}]},"11":{"loc":{"start":{"line":75,"column":12},"end":{"line":84,"column":null}},"type":"if","locations":[{"start":{"line":75,"column":12},"end":{"line":84,"column":null}},{"start":{},"end":{}}]},"12":{"loc":{"start":{"line":75,"column":16},"end":{"line":75,"column":70}},"type":"binary-expr","locations":[{"start":{"line":75,"column":16},"end":{"line":75,"column":49}},{"start":{"line":75,"column":49},"end":{"line":75,"column":70}}]},"13":{"loc":{"start":{"line":85,"column":12},"end":{"line":87,"column":null}},"type":"if","locations":[{"start":{"line":85,"column":12},"end":{"line":87,"column":null}},{"start":{},"end":{}}]},"14":{"loc":{"start":{"line":85,"column":16},"end":{"line":85,"column":72}},"type":"binary-expr","locations":[{"start":{"line":85,"column":16},"end":{"line":85,"column":49}},{"start":{"line":85,"column":49},"end":{"line":85,"column":72}}]},"15":{"loc":{"start":{"line":88,"column":12},"end":{"line":112,"column":null}},"type":"if","locations":[{"start":{"line":88,"column":12},"end":{"line":112,"column":null}},{"start":{},"end":{}}]},"16":{"loc":{"start":{"line":88,"column":16},"end":{"line":88,"column":73}},"type":"binary-expr","locations":[{"start":{"line":88,"column":16},"end":{"line":88,"column":44}},{"start":{"line":88,"column":44},"end":{"line":88,"column":73}}]},"17":{"loc":{"start":{"line":90,"column":14},"end":{"line":101,"column":null}},"type":"if","locations":[{"start":{"line":90,"column":14},"end":{"line":101,"column":null}},{"start":{},"end":{}}]},"18":{"loc":{"start":{"line":92,"column":16},"end":{"line":100,"column":null}},"type":"if","locations":[{"start":{"line":92,"column":16},"end":{"line":100,"column":null}},{"start":{},"end":{}}]},"19":{"loc":{"start":{"line":102,"column":14},"end":{"line":111,"column":null}},"type":"if","locations":[{"start":{"line":102,"column":14},"end":{"line":111,"column":null}},{"start":{},"end":{}}]},"20":{"loc":{"start":{"line":113,"column":12},"end":{"line":115,"column":null}},"type":"if","locations":[{"start":{"line":113,"column":12},"end":{"line":115,"column":null}},{"start":{},"end":{}}]},"21":{"loc":{"start":{"line":113,"column":16},"end":{"line":113,"column":88}},"type":"binary-expr","locations":[{"start":{"line":113,"column":16},"end":{"line":113,"column":52}},{"start":{"line":113,"column":52},"end":{"line":113,"column":88}}]},"22":{"loc":{"start":{"line":116,"column":12},"end":{"line":133,"column":null}},"type":"if","locations":[{"start":{"line":116,"column":12},"end":{"line":133,"column":null}},{"start":{},"end":{}}]},"23":{"loc":{"start":{"line":117,"column":14},"end":{"line":124,"column":null}},"type":"binary-expr","locations":[{"start":{"line":117,"column":14},"end":{"line":117,"column":null}},{"start":{"line":118,"column":14},"end":{"line":118,"column":null}},{"start":{"line":119,"column":16},"end":{"line":119,"column":null}},{"start":{"line":120,"column":16},"end":{"line":120,"column":null}},{"start":{"line":121,"column":16},"end":{"line":121,"column":null}},{"start":{"line":122,"column":16},"end":{"line":122,"column":null}},{"start":{"line":123,"column":17},"end":{"line":123,"column":53}},{"start":{"line":123,"column":53},"end":{"line":123,"column":null}},{"start":{"line":124,"column":14},"end":{"line":124,"column":null}}]},"24":{"loc":{"start":{"line":134,"column":12},"end":{"line":143,"column":null}},"type":"if","locations":[{"start":{"line":134,"column":12},"end":{"line":143,"column":null}},{"start":{},"end":{}}]},"25":{"loc":{"start":{"line":144,"column":12},"end":{"line":156,"column":null}},"type":"if","locations":[{"start":{"line":144,"column":12},"end":{"line":156,"column":null}},{"start":{},"end":{}}]},"26":{"loc":{"start":{"line":144,"column":12},"end":{"line":147,"column":null}},"type":"binary-expr","locations":[{"start":{"line":145,"column":15},"end":{"line":145,"column":47}},{"start":{"line":145,"column":47},"end":{"line":145,"column":null}},{"start":{"line":146,"column":14},"end":{"line":146,"column":null}},{"start":{"line":147,"column":14},"end":{"line":147,"column":null}}]},"27":{"loc":{"start":{"line":158,"column":12},"end":{"line":173,"column":null}},"type":"if","locations":[{"start":{"line":158,"column":12},"end":{"line":173,"column":null}},{"start":{},"end":{}}]},"28":{"loc":{"start":{"line":158,"column":12},"end":{"line":164,"column":null}},"type":"binary-expr","locations":[{"start":{"line":159,"column":15},"end":{"line":159,"column":null}},{"start":{"line":160,"column":17},"end":{"line":160,"column":null}},{"start":{"line":161,"column":14},"end":{"line":161,"column":null}},{"start":{"line":162,"column":14},"end":{"line":164,"column":null}}]}},"s":{"0":80,"1":80,"2":3,"3":13,"4":13,"5":13,"6":13,"7":13,"8":13,"9":13,"10":13,"11":13,"12":13,"13":13,"14":13,"15":2,"16":11,"17":12,"18":12,"19":12,"20":3,"21":9,"22":9,"23":0,"24":9,"25":9,"26":9,"27":18,"28":18,"29":1,"30":1,"31":18,"32":1,"33":1,"34":18,"35":1,"36":18,"37":2,"38":2,"39":1,"40":1,"41":1,"42":2,"43":1,"44":1,"45":18,"46":2,"47":18,"48":3,"49":18,"50":1,"51":1,"52":18,"53":2,"54":18,"55":2,"56":1,"57":11},"f":{"0":3,"1":13,"2":18},"b":{"0":[3,2],"1":[13,0],"2":[2,11],"3":[12,9,12],"4":[3,9],"5":[12,9],"6":[0,9],"7":[9,0],"8":[9,0],"9":[1,17],"10":[18,3],"11":[1,17],"12":[18,3],"13":[1,17],"14":[18,3],"15":[2,16],"16":[18,2],"17":[1,1],"18":[1,0],"19":[1,1],"20":[2,16],"21":[18,17],"22":[3,15],"23":[18,4,4,4,2,2,2,2,3],"24":[1,17],"25":[2,16],"26":[18,15,3,2],"27":[2,16],"28":[18,15,3,3]}}
,"C:/Users/italo/ORACULO/workspace/oraculo/cli-oraculo/src/analistas/analista-todo-comments.ts": {"path":"C:/Users/italo/ORACULO/workspace/oraculo/cli-oraculo/src/analistas/analista-todo-comments.ts","statementMap":{"0":{"start":{"line":6,"column":46},"end":{"line":94,"column":null}},"1":{"start":{"line":12,"column":4},"end":{"line":17,"column":null}},"2":{"start":{"line":16,"column":6},"end":{"line":16,"column":null}},"3":{"start":{"line":21,"column":4},"end":{"line":21,"column":null}},"4":{"start":{"line":21,"column":74},"end":{"line":21,"column":null}},"5":{"start":{"line":22,"column":4},"end":{"line":22,"column":null}},"6":{"start":{"line":25,"column":4},"end":{"line":25,"column":null}},"7":{"start":{"line":25,"column":41},"end":{"line":25,"column":null}},"8":{"start":{"line":27,"column":4},"end":{"line":27,"column":null}},"9":{"start":{"line":27,"column":74},"end":{"line":27,"column":null}},"10":{"start":{"line":30,"column":19},"end":{"line":30,"column":null}},"11":{"start":{"line":31,"column":40},"end":{"line":31,"column":null}},"12":{"start":{"line":32,"column":18},"end":{"line":32,"column":null}},"13":{"start":{"line":33,"column":26},"end":{"line":37,"column":null}},"14":{"start":{"line":34,"column":16},"end":{"line":34,"column":null}},"15":{"start":{"line":35,"column":6},"end":{"line":35,"column":null}},"16":{"start":{"line":35,"column":30},"end":{"line":35,"column":null}},"17":{"start":{"line":36,"column":6},"end":{"line":36,"column":null}},"18":{"start":{"line":38,"column":4},"end":{"line":79,"column":null}},"19":{"start":{"line":38,"column":17},"end":{"line":38,"column":20}},"20":{"start":{"line":39,"column":20},"end":{"line":39,"column":null}},"21":{"start":{"line":40,"column":22},"end":{"line":40,"column":null}},"22":{"start":{"line":43,"column":6},"end":{"line":51,"column":null}},"23":{"start":{"line":44,"column":8},"end":{"line":44,"column":null}},"24":{"start":{"line":45,"column":8},"end":{"line":47,"column":null}},"25":{"start":{"line":46,"column":10},"end":{"line":46,"column":null}},"26":{"start":{"line":48,"column":8},"end":{"line":50,"column":null}},"27":{"start":{"line":49,"column":10},"end":{"line":49,"column":null}},"28":{"start":{"line":53,"column":6},"end":{"line":78,"column":null}},"29":{"start":{"line":55,"column":30},"end":{"line":55,"column":null}},"30":{"start":{"line":56,"column":24},"end":{"line":56,"column":null}},"31":{"start":{"line":59,"column":8},"end":{"line":65,"column":null}},"32":{"start":{"line":60,"column":35},"end":{"line":60,"column":null}},"33":{"start":{"line":61,"column":10},"end":{"line":63,"column":null}},"34":{"start":{"line":62,"column":12},"end":{"line":62,"column":null}},"35":{"start":{"line":64,"column":10},"end":{"line":64,"column":null}},"36":{"start":{"line":68,"column":8},"end":{"line":77,"column":null}},"37":{"start":{"line":69,"column":35},"end":{"line":69,"column":null}},"38":{"start":{"line":70,"column":10},"end":{"line":72,"column":null}},"39":{"start":{"line":71,"column":12},"end":{"line":71,"column":null}},"40":{"start":{"line":73,"column":10},"end":{"line":75,"column":null}},"41":{"start":{"line":74,"column":12},"end":{"line":74,"column":null}},"42":{"start":{"line":76,"column":10},"end":{"line":76,"column":null}},"43":{"start":{"line":81,"column":4},"end":{"line":81,"column":null}},"44":{"start":{"line":81,"column":40},"end":{"line":81,"column":null}},"45":{"start":{"line":83,"column":4},"end":{"line":92,"column":null}},"46":{"start":{"line":84,"column":6},"end":{"line":91,"column":null}}},"fnMap":{"0":{"name":"(anonymous_0)","decl":{"start":{"line":10,"column":2},"end":{"line":10,"column":7}},"loc":{"start":{"line":10,"column":16},"end":{"line":23,"column":null}}},"1":{"name":"(anonymous_1)","decl":{"start":{"line":24,"column":2},"end":{"line":24,"column":10}},"loc":{"start":{"line":24,"column":49},"end":{"line":93,"column":null}}},"2":{"name":"(anonymous_2)","decl":{"start":{"line":33,"column":26},"end":{"line":33,"column":27}},"loc":{"start":{"line":33,"column":54},"end":{"line":37,"column":null}}},"3":{"name":"(anonymous_3)","decl":{"start":{"line":83,"column":33},"end":{"line":83,"column":34}},"loc":{"start":{"line":84,"column":6},"end":{"line":91,"column":null}}}},"branchMap":{"0":{"loc":{"start":{"line":12,"column":4},"end":{"line":17,"column":null}},"type":"if","locations":[{"start":{"line":12,"column":4},"end":{"line":17,"column":null}},{"start":{},"end":{}}]},"1":{"loc":{"start":{"line":13,"column":6},"end":{"line":14,"column":null}},"type":"binary-expr","locations":[{"start":{"line":13,"column":6},"end":{"line":13,"column":null}},{"start":{"line":14,"column":6},"end":{"line":14,"column":null}}]},"2":{"loc":{"start":{"line":21,"column":4},"end":{"line":21,"column":null}},"type":"if","locations":[{"start":{"line":21,"column":4},"end":{"line":21,"column":null}},{"start":{},"end":{}}]},"3":{"loc":{"start":{"line":25,"column":4},"end":{"line":25,"column":null}},"type":"if","locations":[{"start":{"line":25,"column":4},"end":{"line":25,"column":null}},{"start":{},"end":{}}]},"4":{"loc":{"start":{"line":25,"column":8},"end":{"line":25,"column":41}},"type":"binary-expr","locations":[{"start":{"line":25,"column":8},"end":{"line":25,"column":16}},{"start":{"line":25,"column":16},"end":{"line":25,"column":41}}]},"5":{"loc":{"start":{"line":27,"column":4},"end":{"line":27,"column":null}},"type":"if","locations":[{"start":{"line":27,"column":4},"end":{"line":27,"column":null}},{"start":{},"end":{}}]},"6":{"loc":{"start":{"line":35,"column":6},"end":{"line":35,"column":null}},"type":"if","locations":[{"start":{"line":35,"column":6},"end":{"line":35,"column":null}},{"start":{},"end":{}}]},"7":{"loc":{"start":{"line":43,"column":6},"end":{"line":51,"column":null}},"type":"if","locations":[{"start":{"line":43,"column":6},"end":{"line":51,"column":null}},{"start":{},"end":{}}]},"8":{"loc":{"start":{"line":45,"column":8},"end":{"line":47,"column":null}},"type":"if","locations":[{"start":{"line":45,"column":8},"end":{"line":47,"column":null}},{"start":{},"end":{}}]},"9":{"loc":{"start":{"line":48,"column":8},"end":{"line":50,"column":null}},"type":"if","locations":[{"start":{"line":48,"column":8},"end":{"line":50,"column":null}},{"start":{},"end":{}}]},"10":{"loc":{"start":{"line":53,"column":6},"end":{"line":78,"column":null}},"type":"if","locations":[{"start":{"line":53,"column":6},"end":{"line":78,"column":null}},{"start":{},"end":{}}]},"11":{"loc":{"start":{"line":59,"column":8},"end":{"line":65,"column":null}},"type":"if","locations":[{"start":{"line":59,"column":8},"end":{"line":65,"column":null}},{"start":{},"end":{}}]},"12":{"loc":{"start":{"line":59,"column":12},"end":{"line":59,"column":79}},"type":"binary-expr","locations":[{"start":{"line":59,"column":12},"end":{"line":59,"column":29}},{"start":{"line":59,"column":29},"end":{"line":59,"column":53}},{"start":{"line":59,"column":53},"end":{"line":59,"column":79}}]},"13":{"loc":{"start":{"line":61,"column":10},"end":{"line":63,"column":null}},"type":"if","locations":[{"start":{"line":61,"column":10},"end":{"line":63,"column":null}},{"start":{},"end":{}}]},"14":{"loc":{"start":{"line":68,"column":8},"end":{"line":77,"column":null}},"type":"if","locations":[{"start":{"line":68,"column":8},"end":{"line":77,"column":null}},{"start":{},"end":{}}]},"15":{"loc":{"start":{"line":70,"column":10},"end":{"line":72,"column":null}},"type":"if","locations":[{"start":{"line":70,"column":10},"end":{"line":72,"column":null}},{"start":{},"end":{}}]},"16":{"loc":{"start":{"line":73,"column":10},"end":{"line":75,"column":null}},"type":"if","locations":[{"start":{"line":73,"column":10},"end":{"line":75,"column":null}},{"start":{},"end":{}}]},"17":{"loc":{"start":{"line":81,"column":4},"end":{"line":81,"column":null}},"type":"if","locations":[{"start":{"line":81,"column":4},"end":{"line":81,"column":null}},{"start":{},"end":{}}]}},"s":{"0":71,"1":15,"2":5,"3":10,"4":2,"5":8,"6":11,"7":1,"8":10,"9":2,"10":8,"11":8,"12":8,"13":8,"14":13,"15":13,"16":5,"17":8,"18":8,"19":8,"20":20,"21":20,"22":20,"23":4,"24":4,"25":2,"26":4,"27":2,"28":20,"29":16,"30":16,"31":16,"32":5,"33":5,"34":3,"35":5,"36":11,"37":4,"38":4,"39":1,"40":4,"41":2,"42":4,"43":8,"44":4,"45":4,"46":6},"f":{"0":15,"1":11,"2":13,"3":6},"b":{"0":[5,10],"1":[15,13],"2":[2,8],"3":[1,10],"4":[11,10],"5":[2,8],"6":[5,8],"7":[4,16],"8":[2,2],"9":[2,2],"10":[16,4],"11":[5,11],"12":[16,5,0],"13":[3,2],"14":[4,7],"15":[1,3],"16":[2,2],"17":[4,4]}}
,"C:/Users/italo/ORACULO/workspace/oraculo/cli-oraculo/src/analistas/arquetipos-defs.ts": {"path":"C:/Users/italo/ORACULO/workspace/oraculo/cli-oraculo/src/analistas/arquetipos-defs.ts","statementMap":{"0":{"start":{"line":4,"column":51},"end":{"line":125,"column":null}},"1":{"start":{"line":128,"column":2},"end":{"line":128,"column":null}}},"fnMap":{"0":{"name":"normalizarCaminho","decl":{"start":{"line":127,"column":16},"end":{"line":127,"column":34}},"loc":{"start":{"line":127,"column":53},"end":{"line":129,"column":null}}}},"branchMap":{},"s":{"0":69,"1":154},"f":{"0":154},"b":{}}
,"C:/Users/italo/ORACULO/workspace/oraculo/cli-oraculo/src/analistas/arquetipos-personalizados.ts": {"path":"C:/Users/italo/ORACULO/workspace/oraculo/cli-oraculo/src/analistas/arquetipos-personalizados.ts","statementMap":{"0":{"start":{"line":16,"column":41},"end":{"line":16,"column":null}},"1":{"start":{"line":24,"column":27},"end":{"line":24,"column":null}},"2":{"start":{"line":26,"column":2},"end":{"line":42,"column":null}},"3":{"start":{"line":27,"column":21},"end":{"line":27,"column":null}},"4":{"start":{"line":28,"column":46},"end":{"line":28,"column":null}},"5":{"start":{"line":31,"column":4},"end":{"line":36,"column":null}},"6":{"start":{"line":32,"column":6},"end":{"line":34,"column":null}},"7":{"start":{"line":35,"column":6},"end":{"line":35,"column":null}},"8":{"start":{"line":38,"column":4},"end":{"line":38,"column":null}},"9":{"start":{"line":41,"column":4},"end":{"line":41,"column":null}},"10":{"start":{"line":52,"column":52},"end":{"line":59,"column":null}},"11":{"start":{"line":61,"column":27},"end":{"line":61,"column":null}},"12":{"start":{"line":62,"column":2},"end":{"line":62,"column":null}},"13":{"start":{"line":64,"column":2},"end":{"line":64,"column":null}},"14":{"start":{"line":73,"column":27},"end":{"line":73,"column":null}},"15":{"start":{"line":75,"column":2},"end":{"line":80,"column":null}},"16":{"start":{"line":76,"column":4},"end":{"line":76,"column":null}},"17":{"start":{"line":77,"column":4},"end":{"line":77,"column":null}},"18":{"start":{"line":79,"column":4},"end":{"line":79,"column":null}},"19":{"start":{"line":89,"column":2},"end":{"line":89,"column":null}},"20":{"start":{"line":89,"column":34},"end":{"line":89,"column":86}},"21":{"start":{"line":100,"column":19},"end":{"line":114,"column":null}},"22":{"start":{"line":107,"column":54},"end":{"line":107,"column":66}},"23":{"start":{"line":112,"column":17},"end":{"line":112,"column":30}},"24":{"start":{"line":123,"column":2},"end":{"line":123,"column":null}},"25":{"start":{"line":136,"column":25},"end":{"line":136,"column":null}},"26":{"start":{"line":138,"column":2},"end":{"line":148,"column":null}},"27":{"start":{"line":138,"column":39},"end":{"line":138,"column":89}},"28":{"start":{"line":139,"column":4},"end":{"line":139,"column":null}},"29":{"start":{"line":140,"column":2},"end":{"line":148,"column":null}},"30":{"start":{"line":141,"column":37},"end":{"line":141,"column":90}},"31":{"start":{"line":143,"column":4},"end":{"line":143,"column":null}},"32":{"start":{"line":144,"column":2},"end":{"line":148,"column":null}},"33":{"start":{"line":144,"column":46},"end":{"line":144,"column":90}},"34":{"start":{"line":145,"column":4},"end":{"line":145,"column":null}},"35":{"start":{"line":146,"column":2},"end":{"line":148,"column":null}},"36":{"start":{"line":146,"column":46},"end":{"line":146,"column":65}},"37":{"start":{"line":147,"column":4},"end":{"line":147,"column":null}},"38":{"start":{"line":151,"column":31},"end":{"line":153,"column":null}},"39":{"start":{"line":152,"column":21},"end":{"line":152,"column":69}},"40":{"start":{"line":153,"column":21},"end":{"line":153,"column":79}},"41":{"start":{"line":156,"column":24},"end":{"line":163,"column":null}},"42":{"start":{"line":159,"column":8},"end":{"line":161,"column":null}},"43":{"start":{"line":165,"column":2},"end":{"line":190,"column":null}},"44":{"start":{"line":174,"column":43},"end":{"line":174,"column":67}},"45":{"start":{"line":177,"column":43},"end":{"line":177,"column":62}},"46":{"start":{"line":178,"column":43},"end":{"line":178,"column":61}},"47":{"start":{"line":200,"column":26},"end":{"line":200,"column":null}},"48":{"start":{"line":202,"column":2},"end":{"line":204,"column":null}},"49":{"start":{"line":203,"column":4},"end":{"line":203,"column":null}},"50":{"start":{"line":206,"column":2},"end":{"line":216,"column":null}},"51":{"start":{"line":207,"column":4},"end":{"line":207,"column":null}},"52":{"start":{"line":210,"column":29},"end":{"line":210,"column":null}},"53":{"start":{"line":210,"column":54},"end":{"line":210,"column":93}},"54":{"start":{"line":211,"column":4},"end":{"line":215,"column":null}},"55":{"start":{"line":212,"column":6},"end":{"line":214,"column":null}},"56":{"start":{"line":213,"column":104},"end":{"line":213,"column":110}},"57":{"start":{"line":218,"column":2},"end":{"line":227,"column":null}},"58":{"start":{"line":219,"column":4},"end":{"line":219,"column":null}},"59":{"start":{"line":221,"column":4},"end":{"line":223,"column":null}},"60":{"start":{"line":222,"column":6},"end":{"line":222,"column":null}},"61":{"start":{"line":224,"column":4},"end":{"line":226,"column":null}},"62":{"start":{"line":225,"column":6},"end":{"line":225,"column":null}},"63":{"start":{"line":229,"column":2},"end":{"line":232,"column":null}},"64":{"start":{"line":239,"column":2},"end":{"line":239,"column":null}},"65":{"start":{"line":249,"column":2},"end":{"line":261,"column":null}}},"fnMap":{"0":{"name":"carregarArquetipoPersonalizado","decl":{"start":{"line":21,"column":22},"end":{"line":21,"column":null}},"loc":{"start":{"line":23,"column":42},"end":{"line":43,"column":null}}},"1":{"name":"salvarArquetipoPersonalizado","decl":{"start":{"line":48,"column":22},"end":{"line":48,"column":null}},"loc":{"start":{"line":51,"column":17},"end":{"line":65,"column":null}}},"2":{"name":"existeArquetipoPersonalizado","decl":{"start":{"line":70,"column":22},"end":{"line":70,"column":null}},"loc":{"start":{"line":72,"column":20},"end":{"line":81,"column":null}}},"3":{"name":"obterArquetipoOficial","decl":{"start":{"line":86,"column":16},"end":{"line":86,"column":null}},"loc":{"start":{"line":88,"column":32},"end":{"line":90,"column":null}}},"4":{"name":"(anonymous_4)","decl":{"start":{"line":89,"column":25},"end":{"line":89,"column":26}},"loc":{"start":{"line":89,"column":34},"end":{"line":89,"column":86}}},"5":{"name":"gerarSugestaoArquetipoPersonalizado","decl":{"start":{"line":95,"column":16},"end":{"line":95,"column":52}},"loc":{"start":{"line":99,"column":11},"end":{"line":124,"column":null}}},"6":{"name":"(anonymous_6)","decl":{"start":{"line":107,"column":45},"end":{"line":107,"column":46}},"loc":{"start":{"line":107,"column":54},"end":{"line":107,"column":66}}},"7":{"name":"(anonymous_7)","decl":{"start":{"line":112,"column":7},"end":{"line":112,"column":8}},"loc":{"start":{"line":112,"column":17},"end":{"line":112,"column":30}}},"8":{"name":"criarTemplateArquetipoPersonalizado","decl":{"start":{"line":129,"column":16},"end":{"line":129,"column":null}},"loc":{"start":{"line":134,"column":44},"end":{"line":191,"column":null}}},"9":{"name":"(anonymous_9)","decl":{"start":{"line":138,"column":30},"end":{"line":138,"column":31}},"loc":{"start":{"line":138,"column":39},"end":{"line":138,"column":89}}},"10":{"name":"(anonymous_10)","decl":{"start":{"line":141,"column":28},"end":{"line":141,"column":29}},"loc":{"start":{"line":141,"column":37},"end":{"line":141,"column":90}}},"11":{"name":"(anonymous_11)","decl":{"start":{"line":144,"column":37},"end":{"line":144,"column":38}},"loc":{"start":{"line":144,"column":46},"end":{"line":144,"column":90}}},"12":{"name":"(anonymous_12)","decl":{"start":{"line":146,"column":37},"end":{"line":146,"column":38}},"loc":{"start":{"line":146,"column":46},"end":{"line":146,"column":65}}},"13":{"name":"(anonymous_13)","decl":{"start":{"line":152,"column":12},"end":{"line":152,"column":13}},"loc":{"start":{"line":152,"column":21},"end":{"line":152,"column":69}}},"14":{"name":"(anonymous_14)","decl":{"start":{"line":153,"column":12},"end":{"line":153,"column":13}},"loc":{"start":{"line":153,"column":21},"end":{"line":153,"column":79}}},"15":{"name":"(anonymous_15)","decl":{"start":{"line":158,"column":6},"end":{"line":158,"column":7}},"loc":{"start":{"line":159,"column":8},"end":{"line":161,"column":null}}},"16":{"name":"(anonymous_16)","decl":{"start":{"line":174,"column":36},"end":{"line":174,"column":37}},"loc":{"start":{"line":174,"column":43},"end":{"line":174,"column":67}}},"17":{"name":"(anonymous_17)","decl":{"start":{"line":177,"column":36},"end":{"line":177,"column":37}},"loc":{"start":{"line":177,"column":43},"end":{"line":177,"column":62}}},"18":{"name":"(anonymous_18)","decl":{"start":{"line":178,"column":36},"end":{"line":178,"column":37}},"loc":{"start":{"line":178,"column":43},"end":{"line":178,"column":61}}},"19":{"name":"validarArquetipoPersonalizado","decl":{"start":{"line":196,"column":16},"end":{"line":196,"column":46}},"loc":{"start":{"line":199,"column":2},"end":{"line":233,"column":null}}},"20":{"name":"(anonymous_20)","decl":{"start":{"line":210,"column":45},"end":{"line":210,"column":46}},"loc":{"start":{"line":210,"column":54},"end":{"line":210,"column":93}}},"21":{"name":"(anonymous_21)","decl":{"start":{"line":213,"column":97},"end":{"line":213,"column":98}},"loc":{"start":{"line":213,"column":104},"end":{"line":213,"column":110}}},"22":{"name":"listarArquetiposOficiais","decl":{"start":{"line":238,"column":16},"end":{"line":238,"column":68}},"loc":{"start":{"line":238,"column":68},"end":{"line":240,"column":null}}},"23":{"name":"integrarArquetipos","decl":{"start":{"line":245,"column":16},"end":{"line":245,"column":null}},"loc":{"start":{"line":248,"column":25},"end":{"line":262,"column":null}}}},"branchMap":{"0":{"loc":{"start":{"line":22,"column":2},"end":{"line":22,"column":null}},"type":"default-arg","locations":[{"start":{"line":22,"column":20},"end":{"line":22,"column":null}}]},"1":{"loc":{"start":{"line":31,"column":4},"end":{"line":36,"column":null}},"type":"if","locations":[{"start":{"line":31,"column":4},"end":{"line":36,"column":null}},{"start":{},"end":{}}]},"2":{"loc":{"start":{"line":31,"column":8},"end":{"line":31,"column":56}},"type":"binary-expr","locations":[{"start":{"line":31,"column":8},"end":{"line":31,"column":27}},{"start":{"line":31,"column":27},"end":{"line":31,"column":56}}]},"3":{"loc":{"start":{"line":50,"column":2},"end":{"line":50,"column":null}},"type":"default-arg","locations":[{"start":{"line":50,"column":20},"end":{"line":50,"column":null}}]},"4":{"loc":{"start":{"line":71,"column":2},"end":{"line":71,"column":null}},"type":"default-arg","locations":[{"start":{"line":71,"column":20},"end":{"line":71,"column":null}}]},"5":{"loc":{"start":{"line":89,"column":9},"end":{"line":89,"column":null}},"type":"binary-expr","locations":[{"start":{"line":89,"column":9},"end":{"line":89,"column":91}},{"start":{"line":89,"column":91},"end":{"line":89,"column":null}}]},"6":{"loc":{"start":{"line":114,"column":2},"end":{"line":114,"column":125}},"type":"cond-expr","locations":[{"start":{"line":114,"column":48},"end":{"line":114,"column":123}},{"start":{"line":114,"column":123},"end":{"line":114,"column":125}}]},"7":{"loc":{"start":{"line":133,"column":2},"end":{"line":133,"column":null}},"type":"default-arg","locations":[{"start":{"line":133,"column":30},"end":{"line":133,"column":null}}]},"8":{"loc":{"start":{"line":138,"column":2},"end":{"line":148,"column":null}},"type":"if","locations":[{"start":{"line":138,"column":2},"end":{"line":148,"column":null}},{"start":{"line":140,"column":2},"end":{"line":148,"column":null}}]},"9":{"loc":{"start":{"line":138,"column":39},"end":{"line":138,"column":89}},"type":"binary-expr","locations":[{"start":{"line":138,"column":39},"end":{"line":138,"column":67}},{"start":{"line":138,"column":67},"end":{"line":138,"column":89}}]},"10":{"loc":{"start":{"line":140,"column":2},"end":{"line":148,"column":null}},"type":"if","locations":[{"start":{"line":140,"column":2},"end":{"line":148,"column":null}},{"start":{"line":144,"column":2},"end":{"line":148,"column":null}}]},"11":{"loc":{"start":{"line":141,"column":37},"end":{"line":141,"column":90}},"type":"binary-expr","locations":[{"start":{"line":141,"column":37},"end":{"line":141,"column":68}},{"start":{"line":141,"column":68},"end":{"line":141,"column":90}}]},"12":{"loc":{"start":{"line":144,"column":2},"end":{"line":148,"column":null}},"type":"if","locations":[{"start":{"line":144,"column":2},"end":{"line":148,"column":null}},{"start":{"line":146,"column":2},"end":{"line":148,"column":null}}]},"13":{"loc":{"start":{"line":144,"column":46},"end":{"line":144,"column":90}},"type":"binary-expr","locations":[{"start":{"line":144,"column":46},"end":{"line":144,"column":71}},{"start":{"line":144,"column":71},"end":{"line":144,"column":90}}]},"14":{"loc":{"start":{"line":146,"column":2},"end":{"line":148,"column":null}},"type":"if","locations":[{"start":{"line":146,"column":2},"end":{"line":148,"column":null}},{"start":{},"end":{}}]},"15":{"loc":{"start":{"line":152,"column":21},"end":{"line":152,"column":69}},"type":"binary-expr","locations":[{"start":{"line":152,"column":21},"end":{"line":152,"column":43}},{"start":{"line":152,"column":43},"end":{"line":152,"column":69}}]},"16":{"loc":{"start":{"line":153,"column":21},"end":{"line":153,"column":79}},"type":"binary-expr","locations":[{"start":{"line":153,"column":21},"end":{"line":153,"column":56}},{"start":{"line":153,"column":56},"end":{"line":153,"column":79}}]},"17":{"loc":{"start":{"line":159,"column":8},"end":{"line":161,"column":null}},"type":"binary-expr","locations":[{"start":{"line":159,"column":8},"end":{"line":159,"column":null}},{"start":{"line":160,"column":8},"end":{"line":160,"column":null}},{"start":{"line":161,"column":8},"end":{"line":161,"column":null}}]},"18":{"loc":{"start":{"line":174,"column":12},"end":{"line":176,"column":null}},"type":"binary-expr","locations":[{"start":{"line":174,"column":12},"end":{"line":174,"column":72}},{"start":{"line":174,"column":72},"end":{"line":176,"column":null}}]},"19":{"loc":{"start":{"line":177,"column":12},"end":{"line":177,"column":null}},"type":"binary-expr","locations":[{"start":{"line":177,"column":12},"end":{"line":177,"column":67}},{"start":{"line":177,"column":67},"end":{"line":177,"column":null}}]},"20":{"loc":{"start":{"line":178,"column":12},"end":{"line":178,"column":null}},"type":"binary-expr","locations":[{"start":{"line":178,"column":12},"end":{"line":178,"column":66}},{"start":{"line":178,"column":66},"end":{"line":178,"column":null}}]},"21":{"loc":{"start":{"line":202,"column":2},"end":{"line":204,"column":null}},"type":"if","locations":[{"start":{"line":202,"column":2},"end":{"line":204,"column":null}},{"start":{},"end":{}}]},"22":{"loc":{"start":{"line":202,"column":6},"end":{"line":202,"column":61}},"type":"binary-expr","locations":[{"start":{"line":202,"column":6},"end":{"line":202,"column":25}},{"start":{"line":202,"column":25},"end":{"line":202,"column":61}}]},"23":{"loc":{"start":{"line":206,"column":2},"end":{"line":216,"column":null}},"type":"if","locations":[{"start":{"line":206,"column":2},"end":{"line":216,"column":null}},{"start":{"line":208,"column":9},"end":{"line":216,"column":null}}]},"24":{"loc":{"start":{"line":206,"column":6},"end":{"line":206,"column":85}},"type":"binary-expr","locations":[{"start":{"line":206,"column":6},"end":{"line":206,"column":37}},{"start":{"line":206,"column":37},"end":{"line":206,"column":85}}]},"25":{"loc":{"start":{"line":211,"column":4},"end":{"line":215,"column":null}},"type":"if","locations":[{"start":{"line":211,"column":4},"end":{"line":215,"column":null}},{"start":{},"end":{}}]},"26":{"loc":{"start":{"line":218,"column":2},"end":{"line":227,"column":null}},"type":"if","locations":[{"start":{"line":218,"column":2},"end":{"line":227,"column":null}},{"start":{"line":220,"column":9},"end":{"line":227,"column":null}}]},"27":{"loc":{"start":{"line":221,"column":4},"end":{"line":223,"column":null}},"type":"if","locations":[{"start":{"line":221,"column":4},"end":{"line":223,"column":null}},{"start":{},"end":{}}]},"28":{"loc":{"start":{"line":224,"column":4},"end":{"line":226,"column":null}},"type":"if","locations":[{"start":{"line":224,"column":4},"end":{"line":226,"column":null}},{"start":{},"end":{}}]},"29":{"loc":{"start":{"line":252,"column":15},"end":{"line":252,"column":null}},"type":"binary-expr","locations":[{"start":{"line":252,"column":15},"end":{"line":252,"column":42}},{"start":{"line":252,"column":42},"end":{"line":252,"column":null}}]}},"s":{"0":63,"1":5,"2":5,"3":5,"4":5,"5":5,"6":0,"7":0,"8":5,"9":0,"10":1,"11":1,"12":1,"13":1,"14":0,"15":0,"16":0,"17":0,"18":0,"19":5,"20":40,"21":0,"22":0,"23":0,"24":0,"25":1,"26":1,"27":2,"28":0,"29":1,"30":2,"31":0,"32":1,"33":2,"34":0,"35":1,"36":2,"37":0,"38":1,"39":2,"40":2,"41":1,"42":2,"43":1,"44":2,"45":2,"46":2,"47":0,"48":0,"49":0,"50":0,"51":0,"52":0,"53":0,"54":0,"55":0,"56":0,"57":0,"58":0,"59":0,"60":0,"61":0,"62":0,"63":0,"64":0,"65":0},"f":{"0":5,"1":1,"2":0,"3":5,"4":40,"5":0,"6":0,"7":0,"8":1,"9":2,"10":2,"11":2,"12":2,"13":2,"14":2,"15":2,"16":2,"17":2,"18":2,"19":0,"20":0,"21":0,"22":0,"23":0},"b":{"0":[0],"1":[0,5],"2":[5,5],"3":[0],"4":[0],"5":[5,5],"6":[0,0],"7":[0],"8":[0,1],"9":[2,2],"10":[0,1],"11":[2,2],"12":[0,1],"13":[2,0],"14":[0,1],"15":[2,0],"16":[2,2],"17":[2,0,0],"18":[1,0],"19":[1,0],"20":[1,0],"21":[0,0],"22":[0,0],"23":[0,0],"24":[0,0],"25":[0,0],"26":[0,0],"27":[0,0],"28":[0,0],"29":[0,0]}}
,"C:/Users/italo/ORACULO/workspace/oraculo/cli-oraculo/src/analistas/detector-arquetipos.ts": {"path":"C:/Users/italo/ORACULO/workspace/oraculo/cli-oraculo/src/analistas/detector-arquetipos.ts","statementMap":{"0":{"start":{"line":5,"column":0},"end":{"line":5,"column":null}},"1":{"start":{"line":29,"column":36},"end":{"line":29,"column":null}},"2":{"start":{"line":30,"column":22},"end":{"line":30,"column":null}},"3":{"start":{"line":31,"column":22},"end":{"line":31,"column":null}},"4":{"start":{"line":32,"column":25},"end":{"line":32,"column":null}},"5":{"start":{"line":33,"column":21},"end":{"line":33,"column":null}},"6":{"start":{"line":34,"column":29},"end":{"line":34,"column":null}},"7":{"start":{"line":39,"column":25},"end":{"line":39,"column":null}},"8":{"start":{"line":40,"column":23},"end":{"line":40,"column":null}},"9":{"start":{"line":42,"column":2},"end":{"line":55,"column":null}},"10":{"start":{"line":66,"column":15},"end":{"line":66,"column":null}},"11":{"start":{"line":66,"column":35},"end":{"line":66,"column":63}},"12":{"start":{"line":69,"column":4},"end":{"line":71,"column":null}},"13":{"start":{"line":70,"column":6},"end":{"line":70,"column":null}},"14":{"start":{"line":70,"column":24},"end":{"line":70,"column":null}},"15":{"start":{"line":72,"column":4},"end":{"line":72,"column":null}},"16":{"start":{"line":76,"column":24},"end":{"line":76,"column":null}},"17":{"start":{"line":77,"column":20},"end":{"line":77,"column":null}},"18":{"start":{"line":77,"column":48},"end":{"line":77,"column":63}},"19":{"start":{"line":78,"column":21},"end":{"line":78,"column":null}},"20":{"start":{"line":80,"column":19},"end":{"line":80,"column":null}},"21":{"start":{"line":81,"column":26},"end":{"line":83,"column":null}},"22":{"start":{"line":82,"column":4},"end":{"line":82,"column":null}},"23":{"start":{"line":82,"column":21},"end":{"line":82,"column":53}},"24":{"start":{"line":84,"column":26},"end":{"line":84,"column":null}},"25":{"start":{"line":84,"column":49},"end":{"line":84,"column":77}},"26":{"start":{"line":86,"column":28},"end":{"line":86,"column":null}},"27":{"start":{"line":87,"column":27},"end":{"line":87,"column":null}},"28":{"start":{"line":89,"column":2},"end":{"line":97,"column":null}},"29":{"start":{"line":90,"column":21},"end":{"line":90,"column":null}},"30":{"start":{"line":91,"column":4},"end":{"line":92,"column":null}},"31":{"start":{"line":94,"column":4},"end":{"line":96,"column":null}},"32":{"start":{"line":95,"column":6},"end":{"line":95,"column":null}},"33":{"start":{"line":98,"column":19},"end":{"line":98,"column":null}},"34":{"start":{"line":99,"column":26},"end":{"line":101,"column":null}},"35":{"start":{"line":100,"column":4},"end":{"line":100,"column":null}},"36":{"start":{"line":100,"column":21},"end":{"line":100,"column":53}},"37":{"start":{"line":102,"column":8},"end":{"line":102,"column":null}},"38":{"start":{"line":102,"column":72},"end":{"line":102,"column":90}},"39":{"start":{"line":103,"column":8},"end":{"line":105,"column":null}},"40":{"start":{"line":104,"column":4},"end":{"line":104,"column":null}},"41":{"start":{"line":104,"column":21},"end":{"line":104,"column":36}},"42":{"start":{"line":106,"column":8},"end":{"line":108,"column":null}},"43":{"start":{"line":107,"column":4},"end":{"line":107,"column":null}},"44":{"start":{"line":107,"column":21},"end":{"line":107,"column":53}},"45":{"start":{"line":110,"column":6},"end":{"line":110,"column":null}},"46":{"start":{"line":111,"column":2},"end":{"line":111,"column":null}},"47":{"start":{"line":112,"column":2},"end":{"line":112,"column":null}},"48":{"start":{"line":113,"column":2},"end":{"line":113,"column":null}},"49":{"start":{"line":114,"column":2},"end":{"line":114,"column":null}},"50":{"start":{"line":115,"column":2},"end":{"line":115,"column":null}},"51":{"start":{"line":116,"column":2},"end":{"line":116,"column":null}},"52":{"start":{"line":117,"column":2},"end":{"line":117,"column":null}},"53":{"start":{"line":118,"column":2},"end":{"line":118,"column":null}},"54":{"start":{"line":121,"column":25},"end":{"line":121,"column":null}},"55":{"start":{"line":122,"column":2},"end":{"line":205,"column":null}},"56":{"start":{"line":124,"column":30},"end":{"line":127,"column":null}},"57":{"start":{"line":130,"column":4},"end":{"line":134,"column":null}},"58":{"start":{"line":131,"column":27},"end":{"line":131,"column":null}},"59":{"start":{"line":132,"column":6},"end":{"line":132,"column":null}},"60":{"start":{"line":133,"column":6},"end":{"line":133,"column":null}},"61":{"start":{"line":137,"column":4},"end":{"line":141,"column":null}},"62":{"start":{"line":138,"column":27},"end":{"line":138,"column":null}},"63":{"start":{"line":139,"column":6},"end":{"line":139,"column":null}},"64":{"start":{"line":140,"column":6},"end":{"line":140,"column":null}},"65":{"start":{"line":144,"column":4},"end":{"line":148,"column":null}},"66":{"start":{"line":145,"column":24},"end":{"line":145,"column":null}},"67":{"start":{"line":146,"column":6},"end":{"line":146,"column":null}},"68":{"start":{"line":147,"column":6},"end":{"line":147,"column":null}},"69":{"start":{"line":151,"column":4},"end":{"line":155,"column":null}},"70":{"start":{"line":152,"column":25},"end":{"line":152,"column":null}},"71":{"start":{"line":153,"column":6},"end":{"line":153,"column":null}},"72":{"start":{"line":154,"column":6},"end":{"line":154,"column":null}},"73":{"start":{"line":158,"column":4},"end":{"line":162,"column":null}},"74":{"start":{"line":159,"column":27},"end":{"line":159,"column":null}},"75":{"start":{"line":160,"column":6},"end":{"line":160,"column":null}},"76":{"start":{"line":161,"column":6},"end":{"line":161,"column":null}},"77":{"start":{"line":165,"column":4},"end":{"line":169,"column":null}},"78":{"start":{"line":166,"column":30},"end":{"line":166,"column":null}},"79":{"start":{"line":167,"column":6},"end":{"line":167,"column":null}},"80":{"start":{"line":168,"column":6},"end":{"line":168,"column":null}},"81":{"start":{"line":172,"column":4},"end":{"line":176,"column":null}},"82":{"start":{"line":173,"column":24},"end":{"line":173,"column":null}},"83":{"start":{"line":174,"column":6},"end":{"line":174,"column":null}},"84":{"start":{"line":175,"column":6},"end":{"line":175,"column":null}},"85":{"start":{"line":179,"column":4},"end":{"line":183,"column":null}},"86":{"start":{"line":180,"column":27},"end":{"line":180,"column":null}},"87":{"start":{"line":181,"column":6},"end":{"line":181,"column":null}},"88":{"start":{"line":182,"column":6},"end":{"line":182,"column":null}},"89":{"start":{"line":186,"column":4},"end":{"line":190,"column":null}},"90":{"start":{"line":187,"column":26},"end":{"line":187,"column":null}},"91":{"start":{"line":188,"column":6},"end":{"line":188,"column":null}},"92":{"start":{"line":189,"column":6},"end":{"line":189,"column":null}},"93":{"start":{"line":193,"column":4},"end":{"line":197,"column":null}},"94":{"start":{"line":194,"column":28},"end":{"line":194,"column":null}},"95":{"start":{"line":195,"column":6},"end":{"line":195,"column":null}},"96":{"start":{"line":196,"column":6},"end":{"line":196,"column":null}},"97":{"start":{"line":200,"column":4},"end":{"line":204,"column":null}},"98":{"start":{"line":201,"column":26},"end":{"line":201,"column":null}},"99":{"start":{"line":202,"column":6},"end":{"line":202,"column":null}},"100":{"start":{"line":203,"column":6},"end":{"line":203,"column":null}},"101":{"start":{"line":207,"column":25},"end":{"line":207,"column":null}},"102":{"start":{"line":208,"column":21},"end":{"line":208,"column":null}},"103":{"start":{"line":209,"column":31},"end":{"line":209,"column":null}},"104":{"start":{"line":210,"column":2},"end":{"line":233,"column":null}},"105":{"start":{"line":211,"column":4},"end":{"line":217,"column":null}},"106":{"start":{"line":212,"column":6},"end":{"line":212,"column":null}},"107":{"start":{"line":213,"column":4},"end":{"line":217,"column":null}},"108":{"start":{"line":214,"column":6},"end":{"line":214,"column":null}},"109":{"start":{"line":215,"column":4},"end":{"line":217,"column":null}},"110":{"start":{"line":216,"column":6},"end":{"line":216,"column":null}},"111":{"start":{"line":218,"column":4},"end":{"line":220,"column":null}},"112":{"start":{"line":218,"column":25},"end":{"line":218,"column":44}},"113":{"start":{"line":219,"column":6},"end":{"line":219,"column":null}},"114":{"start":{"line":221,"column":4},"end":{"line":232,"column":null}},"115":{"start":{"line":222,"column":6},"end":{"line":222,"column":null}},"116":{"start":{"line":223,"column":4},"end":{"line":232,"column":null}},"117":{"start":{"line":224,"column":6},"end":{"line":225,"column":null}},"118":{"start":{"line":226,"column":4},"end":{"line":232,"column":null}},"119":{"start":{"line":227,"column":6},"end":{"line":228,"column":null}},"120":{"start":{"line":230,"column":6},"end":{"line":231,"column":null}},"121":{"start":{"line":236,"column":2},"end":{"line":261,"column":null}},"122":{"start":{"line":237,"column":21},"end":{"line":237,"column":null}},"123":{"start":{"line":238,"column":19},"end":{"line":238,"column":null}},"124":{"start":{"line":239,"column":22},"end":{"line":239,"column":null}},"125":{"start":{"line":240,"column":27},"end":{"line":240,"column":null}},"126":{"start":{"line":240,"column":44},"end":{"line":240,"column":73}},"127":{"start":{"line":241,"column":23},"end":{"line":241,"column":null}},"128":{"start":{"line":242,"column":28},"end":{"line":242,"column":null}},"129":{"start":{"line":245,"column":27},"end":{"line":245,"column":null}},"130":{"start":{"line":246,"column":4},"end":{"line":260,"column":null}},"131":{"start":{"line":247,"column":6},"end":{"line":247,"column":null}},"132":{"start":{"line":248,"column":6},"end":{"line":249,"column":null}},"133":{"start":{"line":250,"column":6},"end":{"line":250,"column":null}},"134":{"start":{"line":252,"column":6},"end":{"line":253,"column":null}},"135":{"start":{"line":254,"column":4},"end":{"line":260,"column":null}},"136":{"start":{"line":255,"column":6},"end":{"line":255,"column":null}},"137":{"start":{"line":256,"column":6},"end":{"line":256,"column":null}},"138":{"start":{"line":258,"column":6},"end":{"line":259,"column":null}},"139":{"start":{"line":264,"column":2},"end":{"line":286,"column":null}},"140":{"start":{"line":265,"column":4},"end":{"line":285,"column":null}},"141":{"start":{"line":266,"column":23},"end":{"line":266,"column":42}},"142":{"start":{"line":267,"column":23},"end":{"line":267,"column":43}},"143":{"start":{"line":268,"column":23},"end":{"line":268,"column":40}},"144":{"start":{"line":270,"column":6},"end":{"line":270,"column":null}},"145":{"start":{"line":271,"column":6},"end":{"line":271,"column":null}},"146":{"start":{"line":271,"column":23},"end":{"line":271,"column":null}},"147":{"start":{"line":272,"column":6},"end":{"line":273,"column":null}},"148":{"start":{"line":274,"column":6},"end":{"line":275,"column":null}},"149":{"start":{"line":276,"column":4},"end":{"line":285,"column":null}},"150":{"start":{"line":278,"column":30},"end":{"line":278,"column":49}},"151":{"start":{"line":278,"column":71},"end":{"line":278,"column":91}},"152":{"start":{"line":279,"column":6},"end":{"line":279,"column":null}},"153":{"start":{"line":280,"column":6},"end":{"line":280,"column":null}},"154":{"start":{"line":280,"column":23},"end":{"line":280,"column":null}},"155":{"start":{"line":281,"column":6},"end":{"line":282,"column":null}},"156":{"start":{"line":283,"column":6},"end":{"line":284,"column":null}},"157":{"start":{"line":288,"column":2},"end":{"line":288,"column":null}},"158":{"start":{"line":288,"column":17},"end":{"line":288,"column":null}},"159":{"start":{"line":289,"column":8},"end":{"line":295,"column":null}},"160":{"start":{"line":298,"column":19},"end":{"line":298,"column":null}},"161":{"start":{"line":301,"column":2},"end":{"line":326,"column":null}},"162":{"start":{"line":303,"column":4},"end":{"line":305,"column":null}},"163":{"start":{"line":304,"column":6},"end":{"line":304,"column":null}},"164":{"start":{"line":308,"column":4},"end":{"line":310,"column":null}},"165":{"start":{"line":309,"column":6},"end":{"line":309,"column":null}},"166":{"start":{"line":313,"column":4},"end":{"line":315,"column":null}},"167":{"start":{"line":314,"column":6},"end":{"line":314,"column":null}},"168":{"start":{"line":318,"column":4},"end":{"line":320,"column":null}},"169":{"start":{"line":319,"column":6},"end":{"line":319,"column":null}},"170":{"start":{"line":323,"column":4},"end":{"line":325,"column":null}},"171":{"start":{"line":324,"column":6},"end":{"line":324,"column":null}},"172":{"start":{"line":329,"column":2},"end":{"line":339,"column":null}},"173":{"start":{"line":331,"column":4},"end":{"line":333,"column":null}},"174":{"start":{"line":332,"column":6},"end":{"line":332,"column":null}},"175":{"start":{"line":334,"column":2},"end":{"line":339,"column":null}},"176":{"start":{"line":336,"column":4},"end":{"line":338,"column":null}},"177":{"start":{"line":337,"column":6},"end":{"line":337,"column":null}},"178":{"start":{"line":341,"column":20},"end":{"line":341,"column":null}},"179":{"start":{"line":341,"column":39},"end":{"line":341,"column":80}},"180":{"start":{"line":342,"column":18},"end":{"line":342,"column":null}},"181":{"start":{"line":343,"column":47},"end":{"line":343,"column":null}},"182":{"start":{"line":344,"column":2},"end":{"line":348,"column":null}},"183":{"start":{"line":345,"column":4},"end":{"line":347,"column":null}},"184":{"start":{"line":346,"column":6},"end":{"line":346,"column":null}},"185":{"start":{"line":349,"column":29},"end":{"line":349,"column":null}},"186":{"start":{"line":350,"column":2},"end":{"line":363,"column":null}},"187":{"start":{"line":351,"column":4},"end":{"line":354,"column":null}},"188":{"start":{"line":352,"column":6},"end":{"line":353,"column":null}},"189":{"start":{"line":355,"column":4},"end":{"line":358,"column":null}},"190":{"start":{"line":356,"column":6},"end":{"line":357,"column":null}},"191":{"start":{"line":359,"column":4},"end":{"line":362,"column":null}},"192":{"start":{"line":359,"column":26},"end":{"line":359,"column":45}},"193":{"start":{"line":360,"column":6},"end":{"line":361,"column":null}},"194":{"start":{"line":365,"column":2},"end":{"line":380,"column":null}},"195":{"start":{"line":385,"column":0},"end":{"line":390,"column":null}},"196":{"start":{"line":387,"column":12},"end":{"line":387,"column":null}},"197":{"start":{"line":388,"column":15},"end":{"line":388,"column":null}},"198":{"start":{"line":389,"column":2},"end":{"line":389,"column":null}},"199":{"start":{"line":401,"column":19},"end":{"line":401,"column":null}},"200":{"start":{"line":401,"column":48},"end":{"line":401,"column":57}},"201":{"start":{"line":404,"column":33},"end":{"line":404,"column":null}},"202":{"start":{"line":405,"column":30},"end":{"line":405,"column":null}},"203":{"start":{"line":408,"column":2},"end":{"line":417,"column":null}},"204":{"start":{"line":409,"column":29},"end":{"line":409,"column":null}},"205":{"start":{"line":410,"column":4},"end":{"line":416,"column":null}},"206":{"start":{"line":411,"column":33},"end":{"line":411,"column":null}},"207":{"start":{"line":413,"column":6},"end":{"line":415,"column":null}},"208":{"start":{"line":414,"column":8},"end":{"line":414,"column":null}},"209":{"start":{"line":420,"column":26},"end":{"line":426,"column":null}},"210":{"start":{"line":429,"column":19},"end":{"line":431,"column":null}},"211":{"start":{"line":430,"column":4},"end":{"line":430,"column":null}},"212":{"start":{"line":433,"column":2},"end":{"line":433,"column":null}},"213":{"start":{"line":433,"column":28},"end":{"line":433,"column":76}},"214":{"start":{"line":437,"column":24},"end":{"line":437,"column":null}},"215":{"start":{"line":437,"column":49},"end":{"line":437,"column":67}},"216":{"start":{"line":439,"column":2},"end":{"line":509,"column":null}},"217":{"start":{"line":441,"column":31},"end":{"line":444,"column":null}},"218":{"start":{"line":443,"column":8},"end":{"line":443,"column":null}},"219":{"start":{"line":446,"column":4},"end":{"line":466,"column":null}},"220":{"start":{"line":469,"column":16},"end":{"line":469,"column":null}},"221":{"start":{"line":470,"column":21},"end":{"line":472,"column":null}},"222":{"start":{"line":471,"column":13},"end":{"line":471,"column":null}},"223":{"start":{"line":475,"column":26},"end":{"line":480,"column":null}},"224":{"start":{"line":478,"column":8},"end":{"line":479,"column":null}},"225":{"start":{"line":478,"column":40},"end":{"line":478,"column":73}},"226":{"start":{"line":479,"column":42},"end":{"line":479,"column":77}},"227":{"start":{"line":482,"column":4},"end":{"line":508,"column":null}},"228":{"start":{"line":485,"column":8},"end":{"line":485,"column":null}},"229":{"start":{"line":485,"column":54},"end":{"line":485,"column":95}},"230":{"start":{"line":486,"column":32},"end":{"line":486,"column":null}},"231":{"start":{"line":488,"column":6},"end":{"line":504,"column":null}},"232":{"start":{"line":501,"column":121},"end":{"line":501,"column":127}},"233":{"start":{"line":507,"column":6},"end":{"line":507,"column":null}},"234":{"start":{"line":510,"column":23},"end":{"line":510,"column":null}},"235":{"start":{"line":512,"column":20},"end":{"line":512,"column":null}},"236":{"start":{"line":513,"column":2},"end":{"line":520,"column":null}},"237":{"start":{"line":519,"column":4},"end":{"line":519,"column":null}},"238":{"start":{"line":521,"column":2},"end":{"line":530,"column":null}},"239":{"start":{"line":522,"column":4},"end":{"line":528,"column":null}},"240":{"start":{"line":527,"column":43},"end":{"line":527,"column":59}},"241":{"start":{"line":529,"column":4},"end":{"line":529,"column":null}},"242":{"start":{"line":532,"column":2},"end":{"line":556,"column":null}},"243":{"start":{"line":533,"column":31},"end":{"line":533,"column":null}},"244":{"start":{"line":533,"column":54},"end":{"line":533,"column":70}},"245":{"start":{"line":534,"column":20},"end":{"line":534,"column":null}},"246":{"start":{"line":535,"column":26},"end":{"line":535,"column":null}},"247":{"start":{"line":535,"column":57},"end":{"line":535,"column":71}},"248":{"start":{"line":536,"column":25},"end":{"line":536,"column":null}},"249":{"start":{"line":537,"column":4},"end":{"line":555,"column":null}},"250":{"start":{"line":538,"column":57},"end":{"line":553,"column":null}},"251":{"start":{"line":554,"column":6},"end":{"line":554,"column":null}},"252":{"start":{"line":554,"column":64},"end":{"line":554,"column":93}},"253":{"start":{"line":558,"column":2},"end":{"line":575,"column":null}},"254":{"start":{"line":559,"column":18},"end":{"line":559,"column":null}},"255":{"start":{"line":560,"column":31},"end":{"line":560,"column":null}},"256":{"start":{"line":560,"column":54},"end":{"line":560,"column":70}},"257":{"start":{"line":561,"column":20},"end":{"line":561,"column":null}},"258":{"start":{"line":562,"column":21},"end":{"line":562,"column":null}},"259":{"start":{"line":563,"column":28},"end":{"line":563,"column":null}},"260":{"start":{"line":564,"column":32},"end":{"line":564,"column":null}},"261":{"start":{"line":565,"column":4},"end":{"line":565,"column":null}},"262":{"start":{"line":565,"column":30},"end":{"line":565,"column":null}},"263":{"start":{"line":565,"column":51},"end":{"line":565,"column":null}},"264":{"start":{"line":566,"column":4},"end":{"line":566,"column":null}},"265":{"start":{"line":566,"column":29},"end":{"line":566,"column":null}},"266":{"start":{"line":566,"column":51},"end":{"line":566,"column":null}},"267":{"start":{"line":567,"column":4},"end":{"line":574,"column":null}},"268":{"start":{"line":577,"column":2},"end":{"line":591,"column":null}},"269":{"start":{"line":578,"column":4},"end":{"line":590,"column":null}},"270":{"start":{"line":580,"column":22},"end":{"line":580,"column":null}},"271":{"start":{"line":581,"column":22},"end":{"line":581,"column":null}},"272":{"start":{"line":582,"column":33},"end":{"line":582,"column":null}},"273":{"start":{"line":583,"column":24},"end":{"line":586,"column":null}},"274":{"start":{"line":587,"column":6},"end":{"line":587,"column":null}},"275":{"start":{"line":587,"column":17},"end":{"line":587,"column":null}},"276":{"start":{"line":592,"column":2},"end":{"line":597,"column":null}}},"fnMap":{"0":{"name":"calcularConstantesAdaptativas","decl":{"start":{"line":37,"column":9},"end":{"line":37,"column":39}},"loc":{"start":{"line":37,"column":81},"end":{"line":56,"column":null}}},"1":{"name":"scoreArquetipo","decl":{"start":{"line":61,"column":9},"end":{"line":61,"column":null}},"loc":{"start":{"line":65,"column":30},"end":{"line":381,"column":null}}},"2":{"name":"(anonymous_2)","decl":{"start":{"line":66,"column":28},"end":{"line":66,"column":29}},"loc":{"start":{"line":66,"column":35},"end":{"line":66,"column":63}}},"3":{"name":"hasDependency","decl":{"start":{"line":68,"column":11},"end":{"line":68,"column":25}},"loc":{"start":{"line":68,"column":47},"end":{"line":73,"column":null}}},"4":{"name":"(anonymous_4)","decl":{"start":{"line":77,"column":41},"end":{"line":77,"column":42}},"loc":{"start":{"line":77,"column":48},"end":{"line":77,"column":63}}},"5":{"name":"(anonymous_5)","decl":{"start":{"line":81,"column":42},"end":{"line":81,"column":43}},"loc":{"start":{"line":82,"column":4},"end":{"line":82,"column":null}}},"6":{"name":"(anonymous_6)","decl":{"start":{"line":82,"column":14},"end":{"line":82,"column":15}},"loc":{"start":{"line":82,"column":21},"end":{"line":82,"column":53}}},"7":{"name":"(anonymous_7)","decl":{"start":{"line":84,"column":42},"end":{"line":84,"column":43}},"loc":{"start":{"line":84,"column":49},"end":{"line":84,"column":77}}},"8":{"name":"(anonymous_8)","decl":{"start":{"line":99,"column":42},"end":{"line":99,"column":43}},"loc":{"start":{"line":100,"column":4},"end":{"line":100,"column":null}}},"9":{"name":"(anonymous_9)","decl":{"start":{"line":100,"column":14},"end":{"line":100,"column":15}},"loc":{"start":{"line":100,"column":21},"end":{"line":100,"column":53}}},"10":{"name":"(anonymous_10)","decl":{"start":{"line":102,"column":63},"end":{"line":102,"column":64}},"loc":{"start":{"line":102,"column":72},"end":{"line":102,"column":90}}},"11":{"name":"(anonymous_11)","decl":{"start":{"line":103,"column":69},"end":{"line":103,"column":70}},"loc":{"start":{"line":104,"column":4},"end":{"line":104,"column":null}}},"12":{"name":"(anonymous_12)","decl":{"start":{"line":104,"column":14},"end":{"line":104,"column":15}},"loc":{"start":{"line":104,"column":21},"end":{"line":104,"column":36}}},"13":{"name":"(anonymous_13)","decl":{"start":{"line":106,"column":60},"end":{"line":106,"column":61}},"loc":{"start":{"line":107,"column":4},"end":{"line":107,"column":null}}},"14":{"name":"(anonymous_14)","decl":{"start":{"line":107,"column":14},"end":{"line":107,"column":15}},"loc":{"start":{"line":107,"column":21},"end":{"line":107,"column":53}}},"15":{"name":"(anonymous_15)","decl":{"start":{"line":218,"column":18},"end":{"line":218,"column":19}},"loc":{"start":{"line":218,"column":25},"end":{"line":218,"column":44}}},"16":{"name":"(anonymous_16)","decl":{"start":{"line":240,"column":37},"end":{"line":240,"column":38}},"loc":{"start":{"line":240,"column":44},"end":{"line":240,"column":73}}},"17":{"name":"(anonymous_17)","decl":{"start":{"line":266,"column":16},"end":{"line":266,"column":17}},"loc":{"start":{"line":266,"column":23},"end":{"line":266,"column":42}}},"18":{"name":"(anonymous_18)","decl":{"start":{"line":267,"column":16},"end":{"line":267,"column":17}},"loc":{"start":{"line":267,"column":23},"end":{"line":267,"column":43}}},"19":{"name":"(anonymous_19)","decl":{"start":{"line":268,"column":16},"end":{"line":268,"column":17}},"loc":{"start":{"line":268,"column":23},"end":{"line":268,"column":40}}},"20":{"name":"(anonymous_20)","decl":{"start":{"line":278,"column":23},"end":{"line":278,"column":24}},"loc":{"start":{"line":278,"column":30},"end":{"line":278,"column":49}}},"21":{"name":"(anonymous_21)","decl":{"start":{"line":278,"column":64},"end":{"line":278,"column":65}},"loc":{"start":{"line":278,"column":71},"end":{"line":278,"column":91}}},"22":{"name":"(anonymous_22)","decl":{"start":{"line":341,"column":32},"end":{"line":341,"column":33}},"loc":{"start":{"line":341,"column":39},"end":{"line":341,"column":80}}},"23":{"name":"(anonymous_23)","decl":{"start":{"line":359,"column":19},"end":{"line":359,"column":20}},"loc":{"start":{"line":359,"column":26},"end":{"line":359,"column":45}}},"24":{"name":"detectarArquetipos","decl":{"start":{"line":392,"column":22},"end":{"line":392,"column":null}},"loc":{"start":{"line":400,"column":3},"end":{"line":598,"column":null}}},"25":{"name":"(anonymous_25)","decl":{"start":{"line":401,"column":41},"end":{"line":401,"column":42}},"loc":{"start":{"line":401,"column":48},"end":{"line":401,"column":57}}},"26":{"name":"(anonymous_26)","decl":{"start":{"line":413,"column":45},"end":{"line":413,"column":46}},"loc":{"start":{"line":414,"column":8},"end":{"line":414,"column":null}}},"27":{"name":"(anonymous_27)","decl":{"start":{"line":429,"column":45},"end":{"line":429,"column":46}},"loc":{"start":{"line":430,"column":4},"end":{"line":430,"column":null}}},"28":{"name":"(anonymous_28)","decl":{"start":{"line":433,"column":18},"end":{"line":433,"column":19}},"loc":{"start":{"line":433,"column":28},"end":{"line":433,"column":76}}},"29":{"name":"(anonymous_29)","decl":{"start":{"line":437,"column":42},"end":{"line":437,"column":43}},"loc":{"start":{"line":437,"column":49},"end":{"line":437,"column":67}}},"30":{"name":"(anonymous_30)","decl":{"start":{"line":442,"column":6},"end":{"line":442,"column":7}},"loc":{"start":{"line":443,"column":8},"end":{"line":443,"column":null}}},"31":{"name":"(anonymous_31)","decl":{"start":{"line":471,"column":6},"end":{"line":471,"column":7}},"loc":{"start":{"line":471,"column":13},"end":{"line":471,"column":null}}},"32":{"name":"(anonymous_32)","decl":{"start":{"line":476,"column":6},"end":{"line":476,"column":7}},"loc":{"start":{"line":478,"column":8},"end":{"line":479,"column":null}}},"33":{"name":"(anonymous_33)","decl":{"start":{"line":478,"column":31},"end":{"line":478,"column":32}},"loc":{"start":{"line":478,"column":40},"end":{"line":478,"column":73}}},"34":{"name":"(anonymous_34)","decl":{"start":{"line":479,"column":33},"end":{"line":479,"column":34}},"loc":{"start":{"line":479,"column":42},"end":{"line":479,"column":77}}},"35":{"name":"(anonymous_35)","decl":{"start":{"line":485,"column":42},"end":{"line":485,"column":43}},"loc":{"start":{"line":485,"column":54},"end":{"line":485,"column":95}}},"36":{"name":"(anonymous_36)","decl":{"start":{"line":501,"column":114},"end":{"line":501,"column":115}},"loc":{"start":{"line":501,"column":121},"end":{"line":501,"column":127}}},"37":{"name":"(anonymous_37)","decl":{"start":{"line":527,"column":36},"end":{"line":527,"column":37}},"loc":{"start":{"line":527,"column":43},"end":{"line":527,"column":59}}},"38":{"name":"(anonymous_38)","decl":{"start":{"line":533,"column":47},"end":{"line":533,"column":48}},"loc":{"start":{"line":533,"column":54},"end":{"line":533,"column":70}}},"39":{"name":"(anonymous_39)","decl":{"start":{"line":535,"column":50},"end":{"line":535,"column":51}},"loc":{"start":{"line":535,"column":57},"end":{"line":535,"column":71}}},"40":{"name":"(anonymous_40)","decl":{"start":{"line":554,"column":57},"end":{"line":554,"column":58}},"loc":{"start":{"line":554,"column":64},"end":{"line":554,"column":93}}},"41":{"name":"(anonymous_41)","decl":{"start":{"line":560,"column":47},"end":{"line":560,"column":48}},"loc":{"start":{"line":560,"column":54},"end":{"line":560,"column":70}}}},"branchMap":{"0":{"loc":{"start":{"line":70,"column":6},"end":{"line":70,"column":null}},"type":"if","locations":[{"start":{"line":70,"column":6},"end":{"line":70,"column":null}},{"start":{},"end":{}}]},"1":{"loc":{"start":{"line":80,"column":19},"end":{"line":80,"column":null}},"type":"binary-expr","locations":[{"start":{"line":80,"column":19},"end":{"line":80,"column":39}},{"start":{"line":80,"column":39},"end":{"line":80,"column":null}}]},"2":{"loc":{"start":{"line":82,"column":21},"end":{"line":82,"column":53}},"type":"binary-expr","locations":[{"start":{"line":82,"column":21},"end":{"line":82,"column":46}},{"start":{"line":82,"column":46},"end":{"line":82,"column":53}}]},"3":{"loc":{"start":{"line":89,"column":2},"end":{"line":97,"column":null}},"type":"if","locations":[{"start":{"line":89,"column":2},"end":{"line":97,"column":null}},{"start":{},"end":{}}]},"4":{"loc":{"start":{"line":89,"column":6},"end":{"line":89,"column":59}},"type":"binary-expr","locations":[{"start":{"line":89,"column":6},"end":{"line":89,"column":29}},{"start":{"line":89,"column":29},"end":{"line":89,"column":59}}]},"5":{"loc":{"start":{"line":90,"column":21},"end":{"line":90,"column":null}},"type":"cond-expr","locations":[{"start":{"line":90,"column":56},"end":{"line":90,"column":71}},{"start":{"line":90,"column":71},"end":{"line":90,"co
[...]
,"column":null}},"44":{"start":{"line":90,"column":18},"end":{"line":90,"column":null}},"45":{"start":{"line":91,"column":2},"end":{"line":91,"column":null}},"46":{"start":{"line":92,"column":2},"end":{"line":92,"column":null}},"47":{"start":{"line":98,"column":12},"end":{"line":98,"column":null}},"48":{"start":{"line":99,"column":2},"end":{"line":101,"column":null}},"49":{"start":{"line":100,"column":4},"end":{"line":100,"column":null}},"50":{"start":{"line":103,"column":17},"end":{"line":103,"column":null}},"51":{"start":{"line":104,"column":2},"end":{"line":117,"column":null}},"52":{"start":{"line":105,"column":4},"end":{"line":116,"column":null}},"53":{"start":{"line":107,"column":8},"end":{"line":115,"column":null}},"54":{"start":{"line":113,"column":8},"end":{"line":114,"column":null}},"55":{"start":{"line":113,"column":17},"end":{"line":113,"column":null}},"56":{"start":{"line":114,"column":13},"end":{"line":114,"column":null}},"57":{"start":{"line":119,"column":2},"end":{"line":119,"column":null}},"58":{"start":{"line":127,"column":12},"end":{"line":127,"column":null}},"59":{"start":{"line":134,"column":2},"end":{"line":137,"column":null}},"60":{"start":{"line":135,"column":4},"end":{"line":135,"column":null}},"61":{"start":{"line":136,"column":4},"end":{"line":136,"column":null}},"62":{"start":{"line":139,"column":18},"end":{"line":139,"column":null}},"63":{"start":{"line":140,"column":2},"end":{"line":152,"column":null}},"64":{"start":{"line":141,"column":4},"end":{"line":150,"column":null}},"65":{"start":{"line":143,"column":8},"end":{"line":149,"column":null}},"66":{"start":{"line":149,"column":43},"end":{"line":149,"column":73}},"67":{"start":{"line":151,"column":4},"end":{"line":151,"column":null}},"68":{"start":{"line":154,"column":2},"end":{"line":154,"column":null}},"69":{"start":{"line":154,"column":15},"end":{"line":154,"column":null}},"70":{"start":{"line":155,"column":2},"end":{"line":155,"column":null}},"71":{"start":{"line":159,"column":12},"end":{"line":159,"column":null}},"72":{"start":{"line":160,"column":2},"end":{"line":163,"column":null}},"73":{"start":{"line":161,"column":4},"end":{"line":161,"column":null}},"74":{"start":{"line":162,"column":4},"end":{"line":162,"column":null}},"75":{"start":{"line":164,"column":19},"end":{"line":164,"column":null}},"76":{"start":{"line":165,"column":2},"end":{"line":174,"column":null}},"77":{"start":{"line":166,"column":4},"end":{"line":172,"column":null}},"78":{"start":{"line":167,"column":7},"end":{"line":171,"column":null}},"79":{"start":{"line":170,"column":18},"end":{"line":170,"column":null}},"80":{"start":{"line":173,"column":4},"end":{"line":173,"column":null}},"81":{"start":{"line":175,"column":2},"end":{"line":175,"column":null}},"82":{"start":{"line":175,"column":15},"end":{"line":175,"column":null}},"83":{"start":{"line":176,"column":2},"end":{"line":176,"column":null}},"84":{"start":{"line":183,"column":12},"end":{"line":183,"column":null}},"85":{"start":{"line":186,"column":2},"end":{"line":189,"column":null}},"86":{"start":{"line":187,"column":4},"end":{"line":187,"column":null}},"87":{"start":{"line":188,"column":4},"end":{"line":188,"column":null}},"88":{"start":{"line":190,"column":18},"end":{"line":190,"column":null}},"89":{"start":{"line":191,"column":2},"end":{"line":202,"column":null}},"90":{"start":{"line":192,"column":4},"end":{"line":200,"column":null}},"91":{"start":{"line":194,"column":8},"end":{"line":199,"column":null}},"92":{"start":{"line":199,"column":36},"end":{"line":199,"column":66}},"93":{"start":{"line":201,"column":4},"end":{"line":201,"column":null}},"94":{"start":{"line":203,"column":2},"end":{"line":203,"column":null}},"95":{"start":{"line":203,"column":15},"end":{"line":203,"column":null}},"96":{"start":{"line":204,"column":2},"end":{"line":204,"column":null}}},"fnMap":{"0":{"name":"safeGet","decl":{"start":{"line":9,"column":9},"end":{"line":9,"column":58}},"loc":{"start":{"line":9,"column":83},"end":{"line":16,"column":null}}},"1":{"name":"assertInsideRoot","decl":{"start":{"line":18,"column":9},"end":{"line":18,"column":26}},"loc":{"start":{"line":18,"column":49},"end":{"line":26,"column":null}}},"2":{"name":"sortKeysDeep","decl":{"start":{"line":28,"column":9},"end":{"line":28,"column":22}},"loc":{"start":{"line":28,"column":43},"end":{"line":38,"column":null}}},"3":{"name":"(anonymous_3)","decl":{"start":{"line":30,"column":37},"end":{"line":30,"column":38}},"loc":{"start":{"line":30,"column":47},"end":{"line":30,"column":65}}},"4":{"name":"stableStringify","decl":{"start":{"line":40,"column":9},"end":{"line":40,"column":25}},"loc":{"start":{"line":40,"column":49},"end":{"line":42,"column":null}}},"5":{"name":"lerEstado","decl":{"start":{"line":48,"column":22},"end":{"line":48,"column":45}},"loc":{"start":{"line":48,"column":86},"end":{"line":60,"column":null}}},"6":{"name":"salvarEstado","decl":{"start":{"line":63,"column":22},"end":{"line":63,"column":48}},"loc":{"start":{"line":63,"column":90},"end":{"line":73,"column":null}}},"7":{"name":"(anonymous_7)","decl":{"start":{"line":66,"column":63},"end":{"line":66,"column":69}},"loc":{"start":{"line":66,"column":69},"end":{"line":66,"column":71}}},"8":{"name":"lerArquivoTexto","decl":{"start":{"line":76,"column":22},"end":{"line":76,"column":38}},"loc":{"start":{"line":76,"column":72},"end":{"line":82,"column":null}}},"9":{"name":"salvarEstadoAtomico","decl":{"start":{"line":85,"column":22},"end":{"line":85,"column":55}},"loc":{"start":{"line":85,"column":97},"end":{"line":93,"column":null}}},"10":{"name":"readFileSafe","decl":{"start":{"line":97,"column":15},"end":{"line":97,"column":28}},"loc":{"start":{"line":97,"column":90},"end":{"line":120,"column":null}}},"11":{"name":"(anonymous_11)","decl":{"start":{"line":105,"column":37},"end":{"line":105,"column":38}},"loc":{"start":{"line":105,"column":58},"end":{"line":116,"column":5}}},"12":{"name":"(anonymous_12)","decl":{"start":{"line":112,"column":39},"end":{"line":112,"column":40}},"loc":{"start":{"line":112,"column":54},"end":{"line":115,"column":7}}},"13":{"name":"writeFileSafe","decl":{"start":{"line":122,"column":15},"end":{"line":122,"column":null}},"loc":{"start":{"line":126,"column":17},"end":{"line":156,"column":null}}},"14":{"name":"(anonymous_14)","decl":{"start":{"line":141,"column":28},"end":{"line":141,"column":29}},"loc":{"start":{"line":141,"column":49},"end":{"line":150,"column":5}}},"15":{"name":"(anonymous_15)","decl":{"start":{"line":149,"column":33},"end":{"line":149,"column":34}},"loc":{"start":{"line":149,"column":43},"end":{"line":149,"column":73}}},"16":{"name":"renameSafe","decl":{"start":{"line":158,"column":15},"end":{"line":158,"column":26}},"loc":{"start":{"line":158,"column":75},"end":{"line":177,"column":null}}},"17":{"name":"(anonymous_17)","decl":{"start":{"line":166,"column":28},"end":{"line":166,"column":29}},"loc":{"start":{"line":166,"column":49},"end":{"line":172,"column":5}}},"18":{"name":"(anonymous_18)","decl":{"start":{"line":170,"column":8},"end":{"line":170,"column":9}},"loc":{"start":{"line":170,"column":18},"end":{"line":170,"column":null}}},"19":{"name":"mkdirSafe","decl":{"start":{"line":179,"column":15},"end":{"line":179,"column":null}},"loc":{"start":{"line":182,"column":17},"end":{"line":205,"column":null}}},"20":{"name":"(anonymous_20)","decl":{"start":{"line":192,"column":28},"end":{"line":192,"column":29}},"loc":{"start":{"line":192,"column":49},"end":{"line":200,"column":5}}},"21":{"name":"(anonymous_21)","decl":{"start":{"line":199,"column":26},"end":{"line":199,"column":27}},"loc":{"start":{"line":199,"column":36},"end":{"line":199,"column":66}}}},"branchMap":{"0":{"loc":{"start":{"line":7,"column":17},"end":{"line":7,"column":47}},"type":"binary-expr","locations":[{"start":{"line":7,"column":17},"end":{"line":7,"column":39}},{"start":{"line":7,"column":39},"end":{"line":7,"column":47}}]},"1":{"loc":{"start":{"line":21,"column":2},"end":{"line":21,"column":null}},"type":"if","locations":[{"start":{"line":21,"column":2},"end":{"line":21,"column":null}},{"start":{},"end":{}}]},"2":{"loc":{"start":{"line":21,"column":2},"end":{"line":21,"column":89}},"type":"binary-expr","locations":[{"start":{"line":21,"column":2},"end":{"line":21,"column":43}},{"start":{"line":21,"column":43},"end":{"line":21,"column":89}}]},"3":{"loc":{"start":{"line":21,"column":7},"end":{"line":21,"column":37}},"type":"binary-expr","locations":[{"start":{"line":21,"column":7},"end":{"line":21,"column":29}},{"start":{"line":21,"column":29},"end":{"line":21,"column":37}}]},"4":{"loc":{"start":{"line":23,"column":2},"end":{"line":25,"column":null}},"type":"if","locations":[{"start":{"line":23,"column":2},"end":{"line":25,"column":null}},{"start":{},"end":{}}]},"5":{"loc":{"start":{"line":29,"column":2},"end":{"line":29,"column":null}},"type":"if","locations":[{"start":{"line":29,"column":2},"end":{"line":29,"column":null}},{"start":{},"end":{}}]},"6":{"loc":{"start":{"line":29,"column":6},"end":{"line":29,"column":37}},"type":"binary-expr","locations":[{"start":{"line":29,"column":6},"end":{"line":29,"column":20}},{"start":{"line":29,"column":20},"end":{"line":29,"column":37}}]},"7":{"loc":{"start":{"line":30,"column":2},"end":{"line":30,"column":null}},"type":"if","locations":[{"start":{"line":30,"column":2},"end":{"line":30,"column":null}},{"start":{},"end":{}}]},"8":{"loc":{"start":{"line":31,"column":2},"end":{"line":36,"column":null}},"type":"if","locations":[{"start":{"line":31,"column":2},"end":{"line":36,"column":null}},{"start":{},"end":{}}]},"9":{"loc":{"start":{"line":55,"column":14},"end":{"line":55,"column":null}},"type":"binary-expr","locations":[{"start":{"line":55,"column":14},"end":{"line":55,"column":31}},{"start":{"line":55,"column":31},"end":{"line":55,"column":null}}]},"10":{"loc":{"start":{"line":58,"column":12},"end":{"line":58,"column":null}},"type":"binary-expr","locations":[{"start":{"line":58,"column":12},"end":{"line":58,"column":29}},{"start":{"line":58,"column":29},"end":{"line":58,"column":null}}]},"11":{"loc":{"start":{"line":68,"column":18},"end":{"line":68,"column":null}},"type":"cond-expr","locations":[{"start":{"line":68,"column":30},"end":{"line":68,"column":49}},{"start":{"line":68,"column":49},"end":{"line":68,"column":null}}]},"12":{"loc":{"start":{"line":99,"column":2},"end":{"line":101,"column":null}},"type":"if","locations":[{"start":{"line":99,"column":2},"end":{"line":101,"column":null}},{"start":{},"end":{}}]},"13":{"loc":{"start":{"line":100,"column":38},"end":{"line":100,"column":57}},"type":"binary-expr","locations":[{"start":{"line":100,"column":38},"end":{"line":100,"column":50}},{"start":{"line":100,"column":50},"end":{"line":100,"column":57}}]},"14":{"loc":{"start":{"line":104,"column":2},"end":{"line":117,"column":null}},"type":"if","locations":[{"start":{"line":104,"column":2},"end":{"line":117,"column":null}},{"start":{},"end":{}}]},"15":{"loc":{"start":{"line":112,"column":18},"end":{"line":112,"column":39}},"type":"binary-expr","locations":[{"start":{"line":112,"column":18},"end":{"line":112,"column":30}},{"start":{"line":112,"column":30},"end":{"line":112,"column":39}}]},"16":{"loc":{"start":{"line":113,"column":8},"end":{"line":114,"column":null}},"type":"if","locations":[{"start":{"line":113,"column":8},"end":{"line":114,"column":null}},{"start":{"line":114,"column":13},"end":{"line":114,"column":null}}]},"17":{"loc":{"start":{"line":134,"column":2},"end":{"line":137,"column":null}},"type":"if","locations":[{"start":{"line":134,"column":2},"end":{"line":137,"column":null}},{"start":{},"end":{}}]},"18":{"loc":{"start":{"line":140,"column":2},"end":{"line":152,"column":null}},"type":"if","locations":[{"start":{"line":140,"column":2},"end":{"line":152,"column":null}},{"start":{},"end":{}}]},"19":{"loc":{"start":{"line":149,"column":43},"end":{"line":149,"column":73}},"type":"cond-expr","locations":[{"start":{"line":149,"column":49},"end":{"line":149,"column":63}},{"start":{"line":149,"column":63},"end":{"line":149,"column":73}}]},"20":{"loc":{"start":{"line":154,"column":2},"end":{"line":154,"column":null}},"type":"if","locations":[{"start":{"line":154,"column":2},"end":{"line":154,"column":null}},{"start":{},"end":{}}]},"21":{"loc":{"start":{"line":160,"column":2},"end":{"line":163,"column":null}},"type":"if","locations":[{"start":{"line":160,"column":2},"end":{"line":163,"column":null}},{"start":{},"end":{}}]},"22":{"loc":{"start":{"line":165,"column":2},"end":{"line":174,"column":null}},"type":"if","locations":[{"start":{"line":165,"column":2},"end":{"line":174,"column":null}},{"start":{},"end":{}}]},"23":{"loc":{"start":{"line":170,"column":18},"end":{"line":170,"column":null}},"type":"cond-expr","locations":[{"start":{"line":170,"column":24},"end":{"line":170,"column":38}},{"start":{"line":170,"column":38},"end":{"line":170,"column":null}}]},"24":{"loc":{"start":{"line":175,"column":2},"end":{"line":175,"column":null}},"type":"if","locations":[{"start":{"line":175,"column":2},"end":{"line":175,"column":null}},{"start":{},"end":{}}]},"25":{"loc":{"start":{"line":186,"column":2},"end":{"line":189,"column":null}},"type":"if","locations":[{"start":{"line":186,"column":2},"end":{"line":189,"column":null}},{"start":{},"end":{}}]},"26":{"loc":{"start":{"line":191,"column":2},"end":{"line":202,"column":null}},"type":"if","locations":[{"start":{"line":191,"column":2},"end":{"line":202,"column":null}},{"start":{},"end":{}}]},"27":{"loc":{"start":{"line":199,"column":36},"end":{"line":199,"column":66}},"type":"cond-expr","locations":[{"start":{"line":199,"column":42},"end":{"line":199,"column":56}},{"start":{"line":199,"column":56},"end":{"line":199,"column":66}}]},"28":{"loc":{"start":{"line":203,"column":2},"end":{"line":203,"column":null}},"type":"if","locations":[{"start":{"line":203,"column":2},"end":{"line":203,"column":null}},{"start":{},"end":{}}]}},"s":{"0":128,"1":128,"2":8,"3":8,"4":4,"5":48,"6":42,"7":6,"8":6,"9":2,"10":2411,"11":9,"12":2402,"13":197,"14":348,"15":2205,"16":391,"17":391,"18":391,"19":2026,"20":391,"21":1814,"22":37,"23":11778,"24":11778,"25":11762,"26":11762,"27":11119,"28":16,"29":45,"30":44,"31":44,"32":44,"33":44,"34":44,"35":44,"36":44,"37":4,"38":4,"39":2,"40":3,"41":2,"42":2,"43":2,"44":2,"45":2,"46":2,"47":11782,"48":11782,"49":11780,"50":2,"51":2,"52":1,"53":1,"54":1,"55":0,"56":1,"57":1,"58":46,"59":46,"60":44,"61":44,"62":2,"63":2,"64":1,"65":1,"66":1,"67":1,"68":1,"69":1,"70":0,"71":46,"72":46,"73":44,"74":44,"75":2,"76":2,"77":1,"78":1,"79":1,"80":1,"81":1,"82":1,"83":0,"84":46,"85":46,"86":44,"87":44,"88":2,"89":2,"90":1,"91":1,"92":1,"93":1,"94":1,"95":1,"96":0},"f":{"0":8,"1":48,"2":2411,"3":348,"4":37,"5":11778,"6":45,"7":0,"8":4,"9":3,"10":11782,"11":1,"12":1,"13":46,"14":1,"15":1,"16":46,"17":1,"18":1,"19":46,"20":1,"21":1},"b":{"0":[128,11],"1":[42,6],"2":[48,6],"3":[48,5],"4":[2,4],"5":[9,2402],"6":[2411,2411],"7":[197,2205],"8":[391,1814],"9":[11119,11117],"10":[16,16],"11":[9,35],"12":[11780,2],"13":[11780,0],"14":[1,1],"15":[1,0],"16":[0,1],"17":[44,2],"18":[1,1],"19":[0,1],"20":[1,0],"21":[44,2],"22":[1,1],"23":[0,1],"24":[1,0],"25":[44,2],"26":[1,1],"27":[0,1],"28":[1,0]}}
,"C:/Users/italo/ORACULO/workspace/oraculo/cli-oraculo/src/zeladores/util/validacao.ts": {"path":"C:/Users/italo/ORACULO/workspace/oraculo/cli-oraculo/src/zeladores/util/validacao.ts","statementMap":{"0":{"start":{"line":6,"column":15},"end":{"line":6,"column":null}},"1":{"start":{"line":7,"column":14},"end":{"line":7,"column":null}},"2":{"start":{"line":8,"column":15},"end":{"line":8,"column":null}},"3":{"start":{"line":9,"column":2},"end":{"line":9,"column":null}},"4":{"start":{"line":9,"column":30},"end":{"line":9,"column":null}},"5":{"start":{"line":10,"column":2},"end":{"line":10,"column":null}},"6":{"start":{"line":14,"column":2},"end":{"line":14,"column":null}},"7":{"start":{"line":14,"column":49},"end":{"line":14,"column":null}},"8":{"start":{"line":15,"column":12},"end":{"line":15,"column":null}},"9":{"start":{"line":16,"column":2},"end":{"line":16,"column":null}},"10":{"start":{"line":16,"column":36},"end":{"line":16,"column":null}},"11":{"start":{"line":17,"column":2},"end":{"line":17,"column":null}},"12":{"start":{"line":27,"column":43},"end":{"line":27,"column":null}},"13":{"start":{"line":28,"column":2},"end":{"line":33,"column":null}},"14":{"start":{"line":29,"column":4},"end":{"line":32,"column":null}},"15":{"start":{"line":34,"column":2},"end":{"line":34,"column":null}},"16":{"start":{"line":38,"column":16},"end":{"line":38,"column":null}},"17":{"start":{"line":39,"column":2},"end":{"line":42,"column":null}},"18":{"start":{"line":40,"column":20},"end":{"line":40,"column":null}},"19":{"start":{"line":40,"column":37},"end":{"line":40,"column":65}},"20":{"start":{"line":41,"column":4},"end":{"line":41,"column":null}}},"fnMap":{"0":{"name":"normalizarPathLocal","decl":{"start":{"line":5,"column":16},"end":{"line":5,"column":36}},"loc":{"start":{"line":5,"column":55},"end":{"line":11,"column":null}}},"1":{"name":"validarNumeroPositivo","decl":{"start":{"line":13,"column":16},"end":{"line":13,"column":38}},"loc":{"start":{"line":13,"column":79},"end":{"line":18,"column":null}}},"2":{"name":"validarCombinacoes","decl":{"start":{"line":26,"column":16},"end":{"line":26,"column":35}},"loc":{"start":{"line":26,"column":94},"end":{"line":35,"column":null}}},"3":{"name":"sanitizarFlags","decl":{"start":{"line":37,"column":16},"end":{"line":37,"column":31}},"loc":{"start":{"line":37,"column":69},"end":{"line":43,"column":null}}},"4":{"name":"(anonymous_4)","decl":{"start":{"line":40,"column":30},"end":{"line":40,"column":31}},"loc":{"start":{"line":40,"column":37},"end":{"line":40,"column":65}}}},"branchMap":{"0":{"loc":{"start":{"line":7,"column":14},"end":{"line":7,"column":null}},"type":"cond-expr","locations":[{"start":{"line":7,"column":35},"end":{"line":7,"column":39}},{"start":{"line":7,"column":39},"end":{"line":7,"column":null}}]},"1":{"loc":{"start":{"line":9,"column":2},"end":{"line":9,"column":null}},"type":"if","locations":[{"start":{"line":9,"column":2},"end":{"line":9,"column":null}},{"start":{},"end":{}}]},"2":{"loc":{"start":{"line":14,"column":2},"end":{"line":14,"column":null}},"type":"if","locations":[{"start":{"line":14,"column":2},"end":{"line":14,"column":null}},{"start":{},"end":{}}]},"3":{"loc":{"start":{"line":14,"column":6},"end":{"line":14,"column":49}},"type":"binary-expr","locations":[{"start":{"line":14,"column":6},"end":{"line":14,"column":25}},{"start":{"line":14,"column":25},"end":{"line":14,"column":39}},{"start":{"line":14,"column":39},"end":{"line":14,"column":49}}]},"4":{"loc":{"start":{"line":16,"column":2},"end":{"line":16,"column":null}},"type":"if","locations":[{"start":{"line":16,"column":2},"end":{"line":16,"column":null}},{"start":{},"end":{}}]},"5":{"loc":{"start":{"line":16,"column":6},"end":{"line":16,"column":36}},"type":"binary-expr","locations":[{"start":{"line":16,"column":6},"end":{"line":16,"column":29}},{"start":{"line":16,"column":29},"end":{"line":16,"column":36}}]},"6":{"loc":{"start":{"line":28,"column":2},"end":{"line":33,"column":null}},"type":"if","locations":[{"start":{"line":28,"column":2},"end":{"line":33,"column":null}},{"start":{},"end":{}}]},"7":{"loc":{"start":{"line":28,"column":6},"end":{"line":28,"column":43}},"type":"binary-expr","locations":[{"start":{"line":28,"column":6},"end":{"line":28,"column":24}},{"start":{"line":28,"column":24},"end":{"line":28,"column":43}}]},"8":{"loc":{"start":{"line":39,"column":2},"end":{"line":42,"column":null}},"type":"if","locations":[{"start":{"line":39,"column":2},"end":{"line":42,"column":null}},{"start":{},"end":{}}]}},"s":{"0":2,"1":2,"2":2,"3":2,"4":1,"5":1,"6":4,"7":1,"8":3,"9":3,"10":1,"11":2,"12":4,"13":4,"14":2,"15":4,"16":3,"17":3,"18":1,"19":1,"20":1},"f":{"0":2,"1":4,"2":4,"3":3,"4":1},"b":{"0":[0,2],"1":[1,1],"2":[1,3],"3":[4,4,4],"4":[1,2],"5":[3,3],"6":[2,2],"7":[4,3],"8":[1,2]}}
}
